insert into Table_ListProperty(objid,name,PropertyString, PropertyValue,Scope,PropIndex,ListProperty2Object,ListProperty2Attribute,GroupUser,GenUser,GenDate)values('0FEEB1CBB76D8F51E050B90A27934A71','GenericCode','ReferralStatus','ReferralStatus','global',0,'0F66547AEBE2B344E050B90A27937838','0F66547AEBE4B344E050B90A27937838','sa','sa',sysdate)
insert into Table_ListProperty(objid,name,PropertyString, PropertyValue,Scope,PropIndex,ListProperty2Object,ListProperty2Attribute,GroupUser,GenUser,GenDate)values('0FEEB1CBB76E8F51E050B90A27934A71','GenericCode','GroupCode','GroupCode','global',1,'0F66547AEBE2B344E050B90A27937838','0F66547AEBE4B344E050B90A27937838','sa','sa',sysdate)
insert into Table_ListProperty(objid,name,PropertyString, PropertyValue,Scope,PropIndex,ListProperty2Object,ListProperty2Attribute,GroupUser,GenUser,GenDate)values('0FEEB1CBB76F8F51E050B90A27934A71','GenericCode','ReasonCode','ReasonCode','global',2,'0F66547AEBE2B344E050B90A27937838','0F66547AEBE4B344E050B90A27937838','sa','sa',sysdate)
insert into Table_ListProperty(objid,name,PropertyString, PropertyValue,Scope,PropIndex,ListProperty2Object,ListProperty2Attribute,GroupUser,GenUser,GenDate)values('0FEEB1CBB7708F51E050B90A27934A71','GenericCode','TaskStatusCode','TaskStatusCode','global',3,'0F66547AEBE2B344E050B90A27937838','0F66547AEBE4B344E050B90A27937838','sa','sa',sysdate)
insert into Table_ListProperty(objid,name,PropertyString, PropertyValue,Scope,PropIndex,ListProperty2Object,ListProperty2Attribute,GroupUser,GenUser,GenDate)values('0FEEB1CBB7718F51E050B90A27934A71','GenericCode','SubscribeCode','SubscribeCode','global',4,'0F66547AEBE2B344E050B90A27937838','0F66547AEBE4B344E050B90A27937838','sa','sa',sysdate)
insert into Table_ListProperty(objid,name,PropertyString, PropertyValue,Scope,PropIndex,ListProperty2Object,ListProperty2Attribute,GroupUser,GenUser,GenDate)values('0FEEB1CBB7728F51E050B90A27934A71','GenericCode','CountryCode','CountryCode','global',5,'0F66547AEBE2B344E050B90A27937838','0F66547AEBE4B344E050B90A27937838','sa','sa',sysdate)
insert into Table_ListProperty(objid,name,PropertyString, PropertyValue,Scope,PropIndex,ListProperty2Object,ListProperty2Attribute,GroupUser,GenUser,GenDate)values('0FEEB1CBB7738F51E050B90A27934A71','GenericCode','MonthCode','MonthCode','global',6,'0F66547AEBE2B344E050B90A27937838','0F66547AEBE4B344E050B90A27937838','sa','sa',sysdate)
insert into Table_ListProperty(objid,name,PropertyString, PropertyValue,Scope,PropIndex,ListProperty2Object,ListProperty2Attribute,GroupUser,GenUser,GenDate)values('0FEEB1CBB7748F51E050B90A27934A71','GenericCode','CardTypeCode','CardTypeCode','global',7,'0F66547AEBE2B344E050B90A27937838','0F66547AEBE4B344E050B90A27937838','sa','sa',sysdate)
insert into Table_ListProperty(objid,name,PropertyString, PropertyValue,Scope,PropIndex,ListProperty2Object,ListProperty2Attribute,GroupUser,GenUser,GenDate)values('0FEEB1CBB7758F51E050B90A27934A71','GenericCode','DeptCode','DeptCode','global',8,'0F66547AEBE2B344E050B90A27937838','0F66547AEBE4B344E050B90A27937838','sa','sa',sysdate)
insert into Table_ListProperty(objid,name,PropertyString, PropertyValue,Scope,PropIndex,ListProperty2Object,ListProperty2Attribute,GroupUser,GenUser,GenDate)values('0FEEB1CBB7768F51E050B90A27934A71','GenericCode','MediaCode','MediaCode','global',9,'0F66547AEBE2B344E050B90A27937838','0F66547AEBE4B344E050B90A27937838','sa','sa',sysdate)
insert into Table_ListProperty(objid,name,PropertyString, PropertyValue,Scope,PropIndex,ListProperty2Object,ListProperty2Attribute,GroupUser,GenUser,GenDate)values('0FEEB1CBB7778F51E050B90A27934A71','GenericCode','YearCode','YearCode','global',10,'0F66547AEBE2B344E050B90A27937838','0F66547AEBE4B344E050B90A27937838','sa','sa',sysdate)
<ListProperty>
Object=Support
Attribute=Priority
PropertyString=Priority-0
PropertyValue=Priority-0
Scope=
PropIndex=1
</ListProperty>
insert into Table_ListProperty(objid,name,TableName,PropertyString, PropertyValue,Scope,PropIndex,ListProperty2Object,ListProperty2Attribute,GroupUser,GenUser,GenDate)values('0FEEB1CBB7788F51E050B90A27934A71','Priority','Support','Priority-0','Priority-0','',1,'0FD94C7CE12D1648E050B90A27931ADB','0FD94C7CE1341648E050B90A27931ADB','sa','sa',sysdate)
<ListProperty>
Object=Support
Attribute=Priority
PropertyString=Priority-1
PropertyValue=Priority-1
Scope=
PropIndex=2
</ListProperty>
insert into Table_ListProperty(objid,name,TableName,PropertyString, PropertyValue,Scope,PropIndex,ListProperty2Object,ListProperty2Attribute,GroupUser,GenUser,GenDate)values('0FEEB1CBB7798F51E050B90A27934A71','Priority','Support','Priority-1','Priority-1','',2,'0FD94C7CE12D1648E050B90A27931ADB','0FD94C7CE1341648E050B90A27931ADB','sa','sa',sysdate)
<ListProperty>
Object=Support
Attribute=Priority
PropertyString=Priority-2
PropertyValue=Priority-2
Scope=
PropIndex=3
</ListProperty>
insert into Table_ListProperty(objid,name,TableName,PropertyString, PropertyValue,Scope,PropIndex,ListProperty2Object,ListProperty2Attribute,GroupUser,GenUser,GenDate)values('0FEEB1CBB77A8F51E050B90A27934A71','Priority','Support','Priority-2','Priority-2','',3,'0FD94C7CE12D1648E050B90A27931ADB','0FD94C7CE1341648E050B90A27931ADB','sa','sa',sysdate)
<ListProperty>
Object=Support
Attribute=Priority
PropertyString=Priority-3
PropertyValue=Priority-3
Scope=
PropIndex=4
</ListProperty>
insert into Table_ListProperty(objid,name,TableName,PropertyString, PropertyValue,Scope,PropIndex,ListProperty2Object,ListProperty2Attribute,GroupUser,GenUser,GenDate)values('0FEEB1CBB77B8F51E050B90A27934A71','Priority','Support','Priority-3','Priority-3','',4,'0FD94C7CE12D1648E050B90A27931ADB','0FD94C7CE1341648E050B90A27931ADB','sa','sa',sysdate)
<ListProperty>
Object=Support
Attribute=Severity
PropertyString=Critical
PropertyValue=Critical
Scope=
PropIndex=1
</ListProperty>
insert into Table_ListProperty(objid,name,TableName,PropertyString, PropertyValue,Scope,PropIndex,ListProperty2Object,ListProperty2Attribute,GroupUser,GenUser,GenDate)values('0FEEB1CBB77C8F51E050B90A27934A71','Severity','Support','Critical','Critical','',1,'0FD94C7CE12D1648E050B90A27931ADB','0FD94C7CE1351648E050B90A27931ADB','sa','sa',sysdate)
<ListProperty>
Object=Support
Attribute=Severity
PropertyString=Severity-1
PropertyValue=Severity-1
Scope=
PropIndex=2
</ListProperty>
insert into Table_ListProperty(objid,name,TableName,PropertyString, PropertyValue,Scope,PropIndex,ListProperty2Object,ListProperty2Attribute,GroupUser,GenUser,GenDate)values('0FEEB1CBB77D8F51E050B90A27934A71','Severity','Support','Severity-1','Severity-1','',2,'0FD94C7CE12D1648E050B90A27931ADB','0FD94C7CE1351648E050B90A27931ADB','sa','sa',sysdate)
<ListProperty>
Object=Support
Attribute=Severity
PropertyString=Severity-2
PropertyValue=Severity-2
Scope=
PropIndex=3
</ListProperty>
insert into Table_ListProperty(objid,name,TableName,PropertyString, PropertyValue,Scope,PropIndex,ListProperty2Object,ListProperty2Attribute,GroupUser,GenUser,GenDate)values('0FEEB1CBB77E8F51E050B90A27934A71','Severity','Support','Severity-2','Severity-2','',3,'0FD94C7CE12D1648E050B90A27931ADB','0FD94C7CE1351648E050B90A27931ADB','sa','sa',sysdate)
<ListProperty>
Object=Support
Attribute=Severity
PropertyString=Severity-3
PropertyValue=Severity-3
Scope=
PropIndex=4
</ListProperty>
insert into Table_ListProperty(objid,name,TableName,PropertyString, PropertyValue,Scope,PropIndex,ListProperty2Object,ListProperty2Attribute,GroupUser,GenUser,GenDate)values('0FEEB1CBB77F8F51E050B90A27934A71','Severity','Support','Severity-3','Severity-3','',4,'0FD94C7CE12D1648E050B90A27931ADB','0FD94C7CE1351648E050B90A27931ADB','sa','sa',sysdate)
<ListProperty>
Object=Support
Attribute=Type
PropertyString=Defect
PropertyValue=Defect
Scope=
PropIndex=1
</ListProperty>
insert into Table_ListProperty(objid,name,TableName,PropertyString, PropertyValue,Scope,PropIndex,ListProperty2Object,ListProperty2Attribute,GroupUser,GenUser,GenDate)values('0FEEB1CBB7808F51E050B90A27934A71','Type','Support','Defect','Defect','',1,'0FD94C7CE12D1648E050B90A27931ADB','0FD94C7CE1331648E050B90A27931ADB','sa','sa',sysdate)
<ListProperty>
Object=Support
Attribute=Type
PropertyString=Enhancement
PropertyValue=Enhancement
Scope=
PropIndex=2
</ListProperty>
insert into Table_ListProperty(objid,name,TableName,PropertyString, PropertyValue,Scope,PropIndex,ListProperty2Object,ListProperty2Attribute,GroupUser,GenUser,GenDate)values('0FEEB1CBB7818F51E050B90A27934A71','Type','Support','Enhancement','Enhancement','',2,'0FD94C7CE12D1648E050B90A27931ADB','0FD94C7CE1331648E050B90A27931ADB','sa','sa',sysdate)
<ListProperty>
Object=Support
Attribute=Type
PropertyString=Technical
PropertyValue=Technical
Scope=
PropIndex=3
</ListProperty>
insert into Table_ListProperty(objid,name,TableName,PropertyString, PropertyValue,Scope,PropIndex,ListProperty2Object,ListProperty2Attribute,GroupUser,GenUser,GenDate)values('0FEEB1CBB7828F51E050B90A27934A71','Type','Support','Technical','Technical','',3,'0FD94C7CE12D1648E050B90A27931ADB','0FD94C7CE1331648E050B90A27931ADB','sa','sa',sysdate)
<ListProperty>
Object=Support
Attribute=Type
PropertyString=Other
PropertyValue=Other
Scope=
PropIndex=4
</ListProperty>
insert into Table_ListProperty(objid,name,TableName,PropertyString, PropertyValue,Scope,PropIndex,ListProperty2Object,ListProperty2Attribute,GroupUser,GenUser,GenDate)values('0FEEB1CBB7838F51E050B90A27934A71','Type','Support','Other','Other','',4,'0FD94C7CE12D1648E050B90A27931ADB','0FD94C7CE1331648E050B90A27931ADB','sa','sa',sysdate)
<ListProperty>
Object=Support
Attribute=Status
PropertyString=Open
PropertyValue=Open
Scope=
PropIndex=1
</ListProperty>
insert into Table_ListProperty(objid,name,TableName,PropertyString, PropertyValue,Scope,PropIndex,ListProperty2Object,ListProperty2Attribute,GroupUser,GenUser,GenDate)values('0FEEB1CBB7848F51E050B90A27934A71','Status','Support','Open','Open','',1,'0FD94C7CE12D1648E050B90A27931ADB','0FD94C7CE1301648E050B90A27931ADB','sa','sa',sysdate)
<ListProperty>
Object=Support
Attribute=Status
PropertyString=Resolved
PropertyValue=Resolved
Scope=
PropIndex=2
</ListProperty>
insert into Table_ListProperty(objid,name,TableName,PropertyString, PropertyValue,Scope,PropIndex,ListProperty2Object,ListProperty2Attribute,GroupUser,GenUser,GenDate)values('0FEEB1CBB7858F51E050B90A27934A71','Status','Support','Resolved','Resolved','',2,'0FD94C7CE12D1648E050B90A27931ADB','0FD94C7CE1301648E050B90A27931ADB','sa','sa',sysdate)
<ListProperty>
Object=Support
Attribute=Status
PropertyString=Pending
PropertyValue=Pending
Scope=
PropIndex=3
</ListProperty>
insert into Table_ListProperty(objid,name,TableName,PropertyString, PropertyValue,Scope,PropIndex,ListProperty2Object,ListProperty2Attribute,GroupUser,GenUser,GenDate)values('0FEEB1CBB7868F51E050B90A27934A71','Status','Support','Pending','Pending','',3,'0FD94C7CE12D1648E050B90A27931ADB','0FD94C7CE1301648E050B90A27931ADB','sa','sa',sysdate)
<ListProperty>
Object=Support
Attribute=Status
PropertyString=Investigating
PropertyValue=Investigating
Scope=
PropIndex=4
</ListProperty>
insert into Table_ListProperty(objid,name,TableName,PropertyString, PropertyValue,Scope,PropIndex,ListProperty2Object,ListProperty2Attribute,GroupUser,GenUser,GenDate)values('0FEEB1CBB7878F51E050B90A27934A71','Status','Support','Investigating','Investigating','',4,'0FD94C7CE12D1648E050B90A27931ADB','0FD94C7CE1301648E050B90A27931ADB','sa','sa',sysdate)
<ListProperty>
Object=Support
Attribute=Status
PropertyString=Deferred
PropertyValue=Deferred
Scope=
PropIndex=5
</ListProperty>
insert into Table_ListProperty(objid,name,TableName,PropertyString, PropertyValue,Scope,PropIndex,ListProperty2Object,ListProperty2Attribute,GroupUser,GenUser,GenDate)values('0FEEB1CBB7888F51E050B90A27934A71','Status','Support','Deferred','Deferred','',5,'0FD94C7CE12D1648E050B90A27931ADB','0FD94C7CE1301648E050B90A27931ADB','sa','sa',sysdate)
<ListProperty>
Object=Support
Attribute=Status
PropertyString=Closed
PropertyValue=Closed
Scope=
PropIndex=6
</ListProperty>
insert into Table_ListProperty(objid,name,TableName,PropertyString, PropertyValue,Scope,PropIndex,ListProperty2Object,ListProperty2Attribute,GroupUser,GenUser,GenDate)values('0FEEB1CBB7898F51E050B90A27934A71','Status','Support','Closed','Closed','',6,'0FD94C7CE12D1648E050B90A27931ADB','0FD94C7CE1301648E050B90A27931ADB','sa','sa',sysdate)
<ListProperty>
Object=CourseFeedback
Attribute=Ratings
PropertyString=Excellent
PropertyValue=Excellent
Scope=
PropIndex=1
</ListProperty>
insert into Table_ListProperty(objid,name,TableName,PropertyString, PropertyValue,Scope,PropIndex,ListProperty2Object,ListProperty2Attribute,GroupUser,GenUser,GenDate)values('0FEEB1CBB78A8F51E050B90A27934A71','Ratings','CourseFeedback','Excellent','Excellent','',1,'0FD1C2106845B48BE050B90A27930909','0FD1C210684AB48BE050B90A27930909','sa','sa',sysdate)
<ListProperty>
Object=CourseFeedback
Attribute=Ratings
PropertyString=Very Good
PropertyValue=Very Good
Scope=
PropIndex=2
</ListProperty>
insert into Table_ListProperty(objid,name,TableName,PropertyString, PropertyValue,Scope,PropIndex,ListProperty2Object,ListProperty2Attribute,GroupUser,GenUser,GenDate)values('0FEEB1CBB78B8F51E050B90A27934A71','Ratings','CourseFeedback','Very Good','Very Good','',2,'0FD1C2106845B48BE050B90A27930909','0FD1C210684AB48BE050B90A27930909','sa','sa',sysdate)
<ListProperty>
Object=CourseFeedback
Attribute=Ratings
PropertyString=Good
PropertyValue=Good
Scope=
PropIndex=3
</ListProperty>
insert into Table_ListProperty(objid,name,TableName,PropertyString, PropertyValue,Scope,PropIndex,ListProperty2Object,ListProperty2Attribute,GroupUser,GenUser,GenDate)values('0FEEB1CBB78C8F51E050B90A27934A71','Ratings','CourseFeedback','Good','Good','',3,'0FD1C2106845B48BE050B90A27930909','0FD1C210684AB48BE050B90A27930909','sa','sa',sysdate)
<ListProperty>
Object=CourseFeedback
Attribute=Ratings
PropertyString=Fair
PropertyValue=Fair
Scope=
PropIndex=4
</ListProperty>
insert into Table_ListProperty(objid,name,TableName,PropertyString, PropertyValue,Scope,PropIndex,ListProperty2Object,ListProperty2Attribute,GroupUser,GenUser,GenDate)values('0FEEB1CBB78D8F51E050B90A27934A71','Ratings','CourseFeedback','Fair','Fair','',4,'0FD1C2106845B48BE050B90A27930909','0FD1C210684AB48BE050B90A27930909','sa','sa',sysdate)
<ListProperty>
Object=CourseFeedback
Attribute=Ratings
PropertyString=Poor
PropertyValue=Poor
Scope=
PropIndex=5
</ListProperty>
insert into Table_ListProperty(objid,name,TableName,PropertyString, PropertyValue,Scope,PropIndex,ListProperty2Object,ListProperty2Attribute,GroupUser,GenUser,GenDate)values('0FEEB1CBB78E8F51E050B90A27934A71','Ratings','CourseFeedback','Poor','Poor','',5,'0FD1C2106845B48BE050B90A27930909','0FD1C210684AB48BE050B90A27930909','sa','sa',sysdate)
<ListProperty>
Object=BookCourse
Attribute=Status
PropertyString=Not Paid
PropertyValue=Not Paid
Scope=
PropIndex=1
</ListProperty>
insert into Table_ListProperty(objid,name,TableName,PropertyString, PropertyValue,Scope,PropIndex,ListProperty2Object,ListProperty2Attribute,GroupUser,GenUser,GenDate)values('0FEEB1CBB78F8F51E050B90A27934A71','Status','BookCourse','Not Paid','Not Paid','',1,'0FD8FC862ECE7033E050B90A27931A33','0FD8FC862ED37033E050B90A27931A33','sa','sa',sysdate)
<ListProperty>
Object=BookCourse
Attribute=Status
PropertyString=Paid
PropertyValue=Paid
Scope=
PropIndex=2
</ListProperty>
insert into Table_ListProperty(objid,name,TableName,PropertyString, PropertyValue,Scope,PropIndex,ListProperty2Object,ListProperty2Attribute,GroupUser,GenUser,GenDate)values('0FEEB1CBB7908F51E050B90A27934A71','Status','BookCourse','Paid','Paid','',2,'0FD8FC862ECE7033E050B90A27931A33','0FD8FC862ED37033E050B90A27931A33','sa','sa',sysdate)
<ListProperty>
Object=BookCourse
Attribute=Status
PropertyString=Started
PropertyValue=Started
Scope=
PropIndex=3
</ListProperty>
insert into Table_ListProperty(objid,name,TableName,PropertyString, PropertyValue,Scope,PropIndex,ListProperty2Object,ListProperty2Attribute,GroupUser,GenUser,GenDate)values('0FEEB1CBB7918F51E050B90A27934A71','Status','BookCourse','Started','Started','',3,'0FD8FC862ECE7033E050B90A27931A33','0FD8FC862ED37033E050B90A27931A33','sa','sa',sysdate)
<ListProperty>
Object=BookCourse
Attribute=Status
PropertyString=Completed
PropertyValue=Completed
Scope=
PropIndex=4
</ListProperty>
insert into Table_ListProperty(objid,name,TableName,PropertyString, PropertyValue,Scope,PropIndex,ListProperty2Object,ListProperty2Attribute,GroupUser,GenUser,GenDate)values('0FEEB1CBB7928F51E050B90A27934A71','Status','BookCourse','Completed','Completed','',4,'0FD8FC862ECE7033E050B90A27931A33','0FD8FC862ED37033E050B90A27931A33','sa','sa',sysdate)
<ListProperty>
Object=BookCourse
Attribute=Status
PropertyString=Postpond
PropertyValue=Postpond
Scope=
PropIndex=5
</ListProperty>
insert into Table_ListProperty(objid,name,TableName,PropertyString, PropertyValue,Scope,PropIndex,ListProperty2Object,ListProperty2Attribute,GroupUser,GenUser,GenDate)values('0FEEB1CBB7938F51E050B90A27934A71','Status','BookCourse','Postpond','Postpond','',5,'0FD8FC862ECE7033E050B90A27931A33','0FD8FC862ED37033E050B90A27931A33','sa','sa',sysdate)
<ListProperty>
Object=Training
Attribute=Type
PropertyString=Remote
PropertyValue=1
Scope=
PropIndex=1
</ListProperty>
insert into Table_ListProperty(objid,name,TableName,PropertyString, PropertyValue,Scope,PropIndex,ListProperty2Object,ListProperty2Attribute,GroupUser,GenUser,GenDate)values('0FEEB1CBB7948F51E050B90A27934A71','Type','Training','Remote','1','',1,'0FEE997C70FEF9B5E050B90A27934A44','0FEE997C7107F9B5E050B90A27934A44','sa','sa',sysdate)
<ListProperty>
Object=Training
Attribute=Type
PropertyString=On-Site
PropertyValue=0
Scope=
PropIndex=2
</ListProperty>
insert into Table_ListProperty(objid,name,TableName,PropertyString, PropertyValue,Scope,PropIndex,ListProperty2Object,ListProperty2Attribute,GroupUser,GenUser,GenDate)values('0FEEB1CBB7958F51E050B90A27934A71','Type','Training','On-Site','0','',2,'0FEE997C70FEF9B5E050B90A27934A44','0FEE997C7107F9B5E050B90A27934A44','sa','sa',sysdate)
<ListProperty>
Object=Training
Attribute=Status
PropertyString=Open
PropertyValue=Open
Scope=
PropIndex=1
</ListProperty>
insert into Table_ListProperty(objid,name,TableName,PropertyString, PropertyValue,Scope,PropIndex,ListProperty2Object,ListProperty2Attribute,GroupUser,GenUser,GenDate)values('0FEEB1CBB7968F51E050B90A27934A71','Status','Training','Open','Open','',1,'0FEE997C70FEF9B5E050B90A27934A44','0FEE997C7108F9B5E050B90A27934A44','sa','sa',sysdate)
<ListProperty>
Object=Training
Attribute=Status
PropertyString=Started
PropertyValue=Started
Scope=
PropIndex=2
</ListProperty>
insert into Table_ListProperty(objid,name,TableName,PropertyString, PropertyValue,Scope,PropIndex,ListProperty2Object,ListProperty2Attribute,GroupUser,GenUser,GenDate)values('0FEEB1CBB7978F51E050B90A27934A71','Status','Training','Started','Started','',2,'0FEE997C70FEF9B5E050B90A27934A44','0FEE997C7108F9B5E050B90A27934A44','sa','sa',sysdate)
<ListProperty>
Object=Training
Attribute=Status
PropertyString=Postponed
PropertyValue=Postponed
Scope=
PropIndex=3
</ListProperty>
insert into Table_ListProperty(objid,name,TableName,PropertyString, PropertyValue,Scope,PropIndex,ListProperty2Object,ListProperty2Attribute,GroupUser,GenUser,GenDate)values('0FEEB1CBB7988F51E050B90A27934A71','Status','Training','Postponed','Postponed','',3,'0FEE997C70FEF9B5E050B90A27934A44','0FEE997C7108F9B5E050B90A27934A44','sa','sa',sysdate)
<ListProperty>
Object=Training
Attribute=Status
PropertyString=Allow Prod
PropertyValue=Allow Prod
Scope=
PropIndex=4
</ListProperty>
insert into Table_ListProperty(objid,name,TableName,PropertyString, PropertyValue,Scope,PropIndex,ListProperty2Object,ListProperty2Attribute,GroupUser,GenUser,GenDate)values('0FEEB1CBB7998F51E050B90A27934A71','Status','Training','Allow Prod','Allow Prod','',4,'0FEE997C70FEF9B5E050B90A27934A44','0FEE997C7108F9B5E050B90A27934A44','sa','sa',sysdate)
<ListProperty>
Object=Training
Attribute=Status
PropertyString=Completed
PropertyValue=Completed
Scope=
PropIndex=5
</ListProperty>
insert into Table_ListProperty(objid,name,TableName,PropertyString, PropertyValue,Scope,PropIndex,ListProperty2Object,ListProperty2Attribute,GroupUser,GenUser,GenDate)values('0FEEB1CBB79A8F51E050B90A27934A71','Status','Training','Completed','Completed','',5,'0FEE997C70FEF9B5E050B90A27934A44','0FEE997C7108F9B5E050B90A27934A44','sa','sa',sysdate)
<ListProperty>
Object=PrivilegeGroup
Attribute=Status
PropertyString=Active
PropertyValue=1
Scope=
PropIndex=1
</ListProperty>
insert into Table_ListProperty(objid,name,TableName,PropertyString, PropertyValue,Scope,PropIndex,ListProperty2Object,ListProperty2Attribute,GroupUser,GenUser,GenDate)values('0FEEB1CBB79B8F51E050B90A27934A71','Status','PrivilegeGroup','Active','1','',1,'0F66547AEBA4B344E050B90A27937838','0F66547AEBA7B344E050B90A27937838','sa','sa',sysdate)
<ListProperty>
Object=PrivilegeGroup
Attribute=Status
PropertyString=In Active
PropertyValue=0
Scope=
PropIndex=2
</ListProperty>
insert into Table_ListProperty(objid,name,TableName,PropertyString, PropertyValue,Scope,PropIndex,ListProperty2Object,ListProperty2Attribute,GroupUser,GenUser,GenDate)values('0FEEB1CBB79C8F51E050B90A27934A71','Status','PrivilegeGroup','In Active','0','',2,'0F66547AEBA4B344E050B90A27937838','0F66547AEBA7B344E050B90A27937838','sa','sa',sysdate)
<ListProperty>
Object=MyBug
Attribute=Priority
PropertyString=Priority-0
PropertyValue=Priority-0
Scope=
PropIndex=1
</ListProperty>
insert into Table_ListProperty(objid,name,TableName,PropertyString, PropertyValue,Scope,PropIndex,ListProperty2Object,ListProperty2Attribute,GroupUser,GenUser,GenDate)values('0FEEB1CBB79D8F51E050B90A27934A71','Priority','MyBug','Priority-0','Priority-0','',1,'0F954CF4A15915B9E050B90A27936C92','0F954CF4A16015B9E050B90A27936C92','sa','sa',sysdate)
<ListProperty>
Object=MyBug
Attribute=Priority
PropertyString=Priority-1
PropertyValue=Priority-1
Scope=
PropIndex=2
</ListProperty>
insert into Table_ListProperty(objid,name,TableName,PropertyString, PropertyValue,Scope,PropIndex,ListProperty2Object,ListProperty2Attribute,GroupUser,GenUser,GenDate)values('0FEEB1CBB79E8F51E050B90A27934A71','Priority','MyBug','Priority-1','Priority-1','',2,'0F954CF4A15915B9E050B90A27936C92','0F954CF4A16015B9E050B90A27936C92','sa','sa',sysdate)
<ListProperty>
Object=MyBug
Attribute=Priority
PropertyString=Priority-2
PropertyValue=Priority-2
Scope=
PropIndex=3
</ListProperty>
insert into Table_ListProperty(objid,name,TableName,PropertyString, PropertyValue,Scope,PropIndex,ListProperty2Object,ListProperty2Attribute,GroupUser,GenUser,GenDate)values('0FEEB1CBB79F8F51E050B90A27934A71','Priority','MyBug','Priority-2','Priority-2','',3,'0F954CF4A15915B9E050B90A27936C92','0F954CF4A16015B9E050B90A27936C92','sa','sa',sysdate)
<ListProperty>
Object=MyBug
Attribute=Priority
PropertyString=Priority-3
PropertyValue=Priority-3
Scope=
PropIndex=4
</ListProperty>
insert into Table_ListProperty(objid,name,TableName,PropertyString, PropertyValue,Scope,PropIndex,ListProperty2Object,ListProperty2Attribute,GroupUser,GenUser,GenDate)values('0FEEB1CBB7A08F51E050B90A27934A71','Priority','MyBug','Priority-3','Priority-3','',4,'0F954CF4A15915B9E050B90A27936C92','0F954CF4A16015B9E050B90A27936C92','sa','sa',sysdate)
<ListProperty>
Object=MyBug
Attribute=Severity
PropertyString=Critical
PropertyValue=Critical
Scope=
PropIndex=1
</ListProperty>
insert into Table_ListProperty(objid,name,TableName,PropertyString, PropertyValue,Scope,PropIndex,ListProperty2Object,ListProperty2Attribute,GroupUser,GenUser,GenDate)values('0FEEB1CBB7A18F51E050B90A27934A71','Severity','MyBug','Critical','Critical','',1,'0F954CF4A15915B9E050B90A27936C92','0F954CF4A16115B9E050B90A27936C92','sa','sa',sysdate)
<ListProperty>
Object=MyBug
Attribute=Severity
PropertyString=Severity-1
PropertyValue=Severity-1
Scope=
PropIndex=2
</ListProperty>
insert into Table_ListProperty(objid,name,TableName,PropertyString, PropertyValue,Scope,PropIndex,ListProperty2Object,ListProperty2Attribute,GroupUser,GenUser,GenDate)values('0FEEB1CBB7A28F51E050B90A27934A71','Severity','MyBug','Severity-1','Severity-1','',2,'0F954CF4A15915B9E050B90A27936C92','0F954CF4A16115B9E050B90A27936C92','sa','sa',sysdate)
<ListProperty>
Object=MyBug
Attribute=Severity
PropertyString=Severity-2
PropertyValue=Severity-2
Scope=
PropIndex=3
</ListProperty>
insert into Table_ListProperty(objid,name,TableName,PropertyString, PropertyValue,Scope,PropIndex,ListProperty2Object,ListProperty2Attribute,GroupUser,GenUser,GenDate)values('0FEEB1CBB7A38F51E050B90A27934A71','Severity','MyBug','Severity-2','Severity-2','',3,'0F954CF4A15915B9E050B90A27936C92','0F954CF4A16115B9E050B90A27936C92','sa','sa',sysdate)
<ListProperty>
Object=MyBug
Attribute=Severity
PropertyString=Severity-3
PropertyValue=Severity-3
Scope=
PropIndex=4
</ListProperty>
insert into Table_ListProperty(objid,name,TableName,PropertyString, PropertyValue,Scope,PropIndex,ListProperty2Object,ListProperty2Attribute,GroupUser,GenUser,GenDate)values('0FEEB1CBB7A48F51E050B90A27934A71','Severity','MyBug','Severity-3','Severity-3','',4,'0F954CF4A15915B9E050B90A27936C92','0F954CF4A16115B9E050B90A27936C92','sa','sa',sysdate)
<ListProperty>
Object=MyBug
Attribute=Type
PropertyString=Functional
PropertyValue=Functional
Scope=
PropIndex=1
</ListProperty>
insert into Table_ListProperty(objid,name,TableName,PropertyString, PropertyValue,Scope,PropIndex,ListProperty2Object,ListProperty2Attribute,GroupUser,GenUser,GenDate)values('0FEEB1CBB7A58F51E050B90A27934A71','Type','MyBug','Functional','Functional','',1,'0F954CF4A15915B9E050B90A27936C92','0F954CF4A15F15B9E050B90A27936C92','sa','sa',sysdate)
<ListProperty>
Object=MyBug
Attribute=Type
PropertyString=Production
PropertyValue=Production
Scope=
PropIndex=2
</ListProperty>
insert into Table_ListProperty(objid,name,TableName,PropertyString, PropertyValue,Scope,PropIndex,ListProperty2Object,ListProperty2Attribute,GroupUser,GenUser,GenDate)values('0FEEB1CBB7A68F51E050B90A27934A71','Type','MyBug','Production','Production','',2,'0F954CF4A15915B9E050B90A27936C92','0F954CF4A15F15B9E050B90A27936C92','sa','sa',sysdate)
<ListProperty>
Object=MyBug
Attribute=Type
PropertyString=Regression
PropertyValue=Regression
Scope=
PropIndex=3
</ListProperty>
insert into Table_ListProperty(objid,name,TableName,PropertyString, PropertyValue,Scope,PropIndex,ListProperty2Object,ListProperty2Attribute,GroupUser,GenUser,GenDate)values('0FEEB1CBB7A78F51E050B90A27934A71','Type','MyBug','Regression','Regression','',3,'0F954CF4A15915B9E050B90A27936C92','0F954CF4A15F15B9E050B90A27936C92','sa','sa',sysdate)
<ListProperty>
Object=MyBug
Attribute=Type
PropertyString=Other
PropertyValue=Other
Scope=
PropIndex=4
</ListProperty>
insert into Table_ListProperty(objid,name,TableName,PropertyString, PropertyValue,Scope,PropIndex,ListProperty2Object,ListProperty2Attribute,GroupUser,GenUser,GenDate)values('0FEEB1CBB7A88F51E050B90A27934A71','Type','MyBug','Other','Other','',4,'0F954CF4A15915B9E050B90A27936C92','0F954CF4A15F15B9E050B90A27936C92','sa','sa',sysdate)
<ListProperty>
Object=MyBug
Attribute=Status
PropertyString=Open
PropertyValue=Open
Scope=
PropIndex=1
</ListProperty>
insert into Table_ListProperty(objid,name,TableName,PropertyString, PropertyValue,Scope,PropIndex,ListProperty2Object,ListProperty2Attribute,GroupUser,GenUser,GenDate)values('0FEEB1CBB7A98F51E050B90A27934A71','Status','MyBug','Open','Open','',1,'0F954CF4A15915B9E050B90A27936C92','0F954CF4A15C15B9E050B90A27936C92','sa','sa',sysdate)
<ListProperty>
Object=MyBug
Attribute=Status
PropertyString=Resolved
PropertyValue=Resolved
Scope=
PropIndex=2
</ListProperty>
insert into Table_ListProperty(objid,name,TableName,PropertyString, PropertyValue,Scope,PropIndex,ListProperty2Object,ListProperty2Attribute,GroupUser,GenUser,GenDate)values('0FEEB1CBB7AA8F51E050B90A27934A71','Status','MyBug','Resolved','Resolved','',2,'0F954CF4A15915B9E050B90A27936C92','0F954CF4A15C15B9E050B90A27936C92','sa','sa',sysdate)
<ListProperty>
Object=MyBug
Attribute=Status
PropertyString=Pending
PropertyValue=Pending
Scope=
PropIndex=3
</ListProperty>
insert into Table_ListProperty(objid,name,TableName,PropertyString, PropertyValue,Scope,PropIndex,ListProperty2Object,ListProperty2Attribute,GroupUser,GenUser,GenDate)values('0FEEB1CBB7AB8F51E050B90A27934A71','Status','MyBug','Pending','Pending','',3,'0F954CF4A15915B9E050B90A27936C92','0F954CF4A15C15B9E050B90A27936C92','sa','sa',sysdate)
<ListProperty>
Object=MyBug
Attribute=Status
PropertyString=Investigating
PropertyValue=Investigating
Scope=
PropIndex=4
</ListProperty>
insert into Table_ListProperty(objid,name,TableName,PropertyString, PropertyValue,Scope,PropIndex,ListProperty2Object,ListProperty2Attribute,GroupUser,GenUser,GenDate)values('0FEEB1CBB7AC8F51E050B90A27934A71','Status','MyBug','Investigating','Investigating','',4,'0F954CF4A15915B9E050B90A27936C92','0F954CF4A15C15B9E050B90A27936C92','sa','sa',sysdate)
<ListProperty>
Object=MyBug
Attribute=Status
PropertyString=Deferred
PropertyValue=Deferred
Scope=
PropIndex=5
</ListProperty>
insert into Table_ListProperty(objid,name,TableName,PropertyString, PropertyValue,Scope,PropIndex,ListProperty2Object,ListProperty2Attribute,GroupUser,GenUser,GenDate)values('0FEEB1CBB7AD8F51E050B90A27934A71','Status','MyBug','Deferred','Deferred','',5,'0F954CF4A15915B9E050B90A27936C92','0F954CF4A15C15B9E050B90A27936C92','sa','sa',sysdate)
<ListProperty>
Object=MyBug
Attribute=Status
PropertyString=Closed
PropertyValue=Closed
Scope=
PropIndex=6
</ListProperty>
insert into Table_ListProperty(objid,name,TableName,PropertyString, PropertyValue,Scope,PropIndex,ListProperty2Object,ListProperty2Attribute,GroupUser,GenUser,GenDate)values('0FEEB1CBB7AE8F51E050B90A27934A71','Status','MyBug','Closed','Closed','',6,'0F954CF4A15915B9E050B90A27936C92','0F954CF4A15C15B9E050B90A27936C92','sa','sa',sysdate)
<ListProperty>
Object=Bug
Attribute=Priority
PropertyString=Priority-0
PropertyValue=Priority-0
Scope=
PropIndex=1
</ListProperty>
insert into Table_ListProperty(objid,name,TableName,PropertyString, PropertyValue,Scope,PropIndex,ListProperty2Object,ListProperty2Attribute,GroupUser,GenUser,GenDate)values('0FEEB1CBB7AF8F51E050B90A27934A71','Priority','Bug','Priority-0','Priority-0','',1,'0F9552ED65B5F921E050B90A27936CA2','0F9552ED65BCF921E050B90A27936CA2','sa','sa',sysdate)
<ListProperty>
Object=Bug
Attribute=Priority
PropertyString=Priority-1
PropertyValue=Priority-1
Scope=
PropIndex=2
</ListProperty>
insert into Table_ListProperty(objid,name,TableName,PropertyString, PropertyValue,Scope,PropIndex,ListProperty2Object,ListProperty2Attribute,GroupUser,GenUser,GenDate)values('0FEEB1CBB7B08F51E050B90A27934A71','Priority','Bug','Priority-1','Priority-1','',2,'0F9552ED65B5F921E050B90A27936CA2','0F9552ED65BCF921E050B90A27936CA2','sa','sa',sysdate)
<ListProperty>
Object=Bug
Attribute=Priority
PropertyString=Priority-2
PropertyValue=Priority-2
Scope=
PropIndex=3
</ListProperty>
insert into Table_ListProperty(objid,name,TableName,PropertyString, PropertyValue,Scope,PropIndex,ListProperty2Object,ListProperty2Attribute,GroupUser,GenUser,GenDate)values('0FEEB1CBB7B18F51E050B90A27934A71','Priority','Bug','Priority-2','Priority-2','',3,'0F9552ED65B5F921E050B90A27936CA2','0F9552ED65BCF921E050B90A27936CA2','sa','sa',sysdate)
<ListProperty>
Object=Bug
Attribute=Priority
PropertyString=Priority-3
PropertyValue=Priority-3
Scope=
PropIndex=4
</ListProperty>
insert into Table_ListProperty(objid,name,TableName,PropertyString, PropertyValue,Scope,PropIndex,ListProperty2Object,ListProperty2Attribute,GroupUser,GenUser,GenDate)values('0FEEB1CBB7B28F51E050B90A27934A71','Priority','Bug','Priority-3','Priority-3','',4,'0F9552ED65B5F921E050B90A27936CA2','0F9552ED65BCF921E050B90A27936CA2','sa','sa',sysdate)
<ListProperty>
Object=Bug
Attribute=Severity
PropertyString=Critical
PropertyValue=Critical
Scope=
PropIndex=1
</ListProperty>
insert into Table_ListProperty(objid,name,TableName,PropertyString, PropertyValue,Scope,PropIndex,ListProperty2Object,ListProperty2Attribute,GroupUser,GenUser,GenDate)values('0FEEB1CBB7B38F51E050B90A27934A71','Severity','Bug','Critical','Critical','',1,'0F9552ED65B5F921E050B90A27936CA2','0F9552ED65BDF921E050B90A27936CA2','sa','sa',sysdate)
<ListProperty>
Object=Bug
Attribute=Severity
PropertyString=Severity-1
PropertyValue=Severity-1
Scope=
PropIndex=2
</ListProperty>
insert into Table_ListProperty(objid,name,TableName,PropertyString, PropertyValue,Scope,PropIndex,ListProperty2Object,ListProperty2Attribute,GroupUser,GenUser,GenDate)values('0FEEB1CBB7B48F51E050B90A27934A71','Severity','Bug','Severity-1','Severity-1','',2,'0F9552ED65B5F921E050B90A27936CA2','0F9552ED65BDF921E050B90A27936CA2','sa','sa',sysdate)
<ListProperty>
Object=Bug
Attribute=Severity
PropertyString=Severity-2
PropertyValue=Severity-2
Scope=
PropIndex=3
</ListProperty>
insert into Table_ListProperty(objid,name,TableName,PropertyString, PropertyValue,Scope,PropIndex,ListProperty2Object,ListProperty2Attribute,GroupUser,GenUser,GenDate)values('0FEEB1CBB7B58F51E050B90A27934A71','Severity','Bug','Severity-2','Severity-2','',3,'0F9552ED65B5F921E050B90A27936CA2','0F9552ED65BDF921E050B90A27936CA2','sa','sa',sysdate)
<ListProperty>
Object=Bug
Attribute=Severity
PropertyString=Severity-3
PropertyValue=Severity-3
Scope=
PropIndex=4
</ListProperty>
insert into Table_ListProperty(objid,name,TableName,PropertyString, PropertyValue,Scope,PropIndex,ListProperty2Object,ListProperty2Attribute,GroupUser,GenUser,GenDate)values('0FEEB1CBB7B68F51E050B90A27934A71','Severity','Bug','Severity-3','Severity-3','',4,'0F9552ED65B5F921E050B90A27936CA2','0F9552ED65BDF921E050B90A27936CA2','sa','sa',sysdate)
<ListProperty>
Object=Bug
Attribute=Type
PropertyString=Functional
PropertyValue=Functional
Scope=
PropIndex=1
</ListProperty>
insert into Table_ListProperty(objid,name,TableName,PropertyString, PropertyValue,Scope,PropIndex,ListProperty2Object,ListProperty2Attribute,GroupUser,GenUser,GenDate)values('0FEEB1CBB7B78F51E050B90A27934A71','Type','Bug','Functional','Functional','',1,'0F9552ED65B5F921E050B90A27936CA2','0F9552ED65BBF921E050B90A27936CA2','sa','sa',sysdate)
<ListProperty>
Object=Bug
Attribute=Type
PropertyString=Production
PropertyValue=Production
Scope=
PropIndex=2
</ListProperty>
insert into Table_ListProperty(objid,name,TableName,PropertyString, PropertyValue,Scope,PropIndex,ListProperty2Object,ListProperty2Attribute,GroupUser,GenUser,GenDate)values('0FEEB1CBB7B88F51E050B90A27934A71','Type','Bug','Production','Production','',2,'0F9552ED65B5F921E050B90A27936CA2','0F9552ED65BBF921E050B90A27936CA2','sa','sa',sysdate)
<ListProperty>
Object=Bug
Attribute=Type
PropertyString=Regression
PropertyValue=Regression
Scope=
PropIndex=3
</ListProperty>
insert into Table_ListProperty(objid,name,TableName,PropertyString, PropertyValue,Scope,PropIndex,ListProperty2Object,ListProperty2Attribute,GroupUser,GenUser,GenDate)values('0FEEB1CBB7B98F51E050B90A27934A71','Type','Bug','Regression','Regression','',3,'0F9552ED65B5F921E050B90A27936CA2','0F9552ED65BBF921E050B90A27936CA2','sa','sa',sysdate)
<ListProperty>
Object=Bug
Attribute=Type
PropertyString=Other
PropertyValue=Other
Scope=
PropIndex=4
</ListProperty>
insert into Table_ListProperty(objid,name,TableName,PropertyString, PropertyValue,Scope,PropIndex,ListProperty2Object,ListProperty2Attribute,GroupUser,GenUser,GenDate)values('0FEEB1CBB7BA8F51E050B90A27934A71','Type','Bug','Other','Other','',4,'0F9552ED65B5F921E050B90A27936CA2','0F9552ED65BBF921E050B90A27936CA2','sa','sa',sysdate)
<ListProperty>
Object=Bug
Attribute=Status
PropertyString=Open
PropertyValue=Open
Scope=
PropIndex=1
</ListProperty>
insert into Table_ListProperty(objid,name,TableName,PropertyString, PropertyValue,Scope,PropIndex,ListProperty2Object,ListProperty2Attribute,GroupUser,GenUser,GenDate)values('0FEEB1CBB7BB8F51E050B90A27934A71','Status','Bug','Open','Open','',1,'0F9552ED65B5F921E050B90A27936CA2','0F9552ED65B8F921E050B90A27936CA2','sa','sa',sysdate)
<ListProperty>
Object=Bug
Attribute=Status
PropertyString=Resolved
PropertyValue=Resolved
Scope=
PropIndex=2
</ListProperty>
insert into Table_ListProperty(objid,name,TableName,PropertyString, PropertyValue,Scope,PropIndex,ListProperty2Object,ListProperty2Attribute,GroupUser,GenUser,GenDate)values('0FEEB1CBB7BC8F51E050B90A27934A71','Status','Bug','Resolved','Resolved','',2,'0F9552ED65B5F921E050B90A27936CA2','0F9552ED65B8F921E050B90A27936CA2','sa','sa',sysdate)
<ListProperty>
Object=Bug
Attribute=Status
PropertyString=Pending
PropertyValue=Pending
Scope=
PropIndex=3
</ListProperty>
insert into Table_ListProperty(objid,name,TableName,PropertyString, PropertyValue,Scope,PropIndex,ListProperty2Object,ListProperty2Attribute,GroupUser,GenUser,GenDate)values('0FEEB1CBB7BD8F51E050B90A27934A71','Status','Bug','Pending','Pending','',3,'0F9552ED65B5F921E050B90A27936CA2','0F9552ED65B8F921E050B90A27936CA2','sa','sa',sysdate)
<ListProperty>
Object=Bug
Attribute=Status
PropertyString=Investigating
PropertyValue=Investigating
Scope=
PropIndex=4
</ListProperty>
insert into Table_ListProperty(objid,name,TableName,PropertyString, PropertyValue,Scope,PropIndex,ListProperty2Object,ListProperty2Attribute,GroupUser,GenUser,GenDate)values('0FEEB1CBB7BE8F51E050B90A27934A71','Status','Bug','Investigating','Investigating','',4,'0F9552ED65B5F921E050B90A27936CA2','0F9552ED65B8F921E050B90A27936CA2','sa','sa',sysdate)
<ListProperty>
Object=Bug
Attribute=Status
PropertyString=Deferred
PropertyValue=Deferred
Scope=
PropIndex=5
</ListProperty>
insert into Table_ListProperty(objid,name,TableName,PropertyString, PropertyValue,Scope,PropIndex,ListProperty2Object,ListProperty2Attribute,GroupUser,GenUser,GenDate)values('0FEEB1CBB7BF8F51E050B90A27934A71','Status','Bug','Deferred','Deferred','',5,'0F9552ED65B5F921E050B90A27936CA2','0F9552ED65B8F921E050B90A27936CA2','sa','sa',sysdate)
<ListProperty>
Object=Bug
Attribute=Status
PropertyString=Closed
PropertyValue=Closed
Scope=
PropIndex=6
</ListProperty>
insert into Table_ListProperty(objid,name,TableName,PropertyString, PropertyValue,Scope,PropIndex,ListProperty2Object,ListProperty2Attribute,GroupUser,GenUser,GenDate)values('0FEEB1CBB7C08F51E050B90A27934A71','Status','Bug','Closed','Closed','',6,'0F9552ED65B5F921E050B90A27936CA2','0F9552ED65B8F921E050B90A27936CA2','sa','sa',sysdate)
<ListProperty>
Object=Module
Attribute=Name
PropertyString=Product
PropertyValue=product
Scope=
PropIndex=1
</ListProperty>
insert into Table_ListProperty(objid,name,TableName,PropertyString, PropertyValue,Scope,PropIndex,ListProperty2Object,ListProperty2Attribute,GroupUser,GenUser,GenDate)values('0FEEB1CBB7C18F51E050B90A27934A71','Name','Module','Product','product','',1,'0F8A5F2B2A2FA1A8E050B90A27934F1E','0F8A5F2B2A30A1A8E050B90A27934F1E','sa','sa',sysdate)
<ListProperty>
Object=Module
Attribute=Name
PropertyString=Projects
PropertyValue=project
Scope=
PropIndex=2
</ListProperty>
insert into Table_ListProperty(objid,name,TableName,PropertyString, PropertyValue,Scope,PropIndex,ListProperty2Object,ListProperty2Attribute,GroupUser,GenUser,GenDate)values('0FEEB1CBB7C28F51E050B90A27934A71','Name','Module','Projects','project','',2,'0F8A5F2B2A2FA1A8E050B90A27934F1E','0F8A5F2B2A30A1A8E050B90A27934F1E','sa','sa',sysdate)
<ListProperty>
Object=Module
Attribute=Name
PropertyString=Feature
PropertyValue=projectfeature
Scope=
PropIndex=3
</ListProperty>
insert into Table_ListProperty(objid,name,TableName,PropertyString, PropertyValue,Scope,PropIndex,ListProperty2Object,ListProperty2Attribute,GroupUser,GenUser,GenDate)values('0FEEB1CBB7C38F51E050B90A27934A71','Name','Module','Feature','projectfeature','',3,'0F8A5F2B2A2FA1A8E050B90A27934F1E','0F8A5F2B2A30A1A8E050B90A27934F1E','sa','sa',sysdate)
<ListProperty>
Object=Module
Attribute=Name
PropertyString=Scenerio
PropertyValue=projectscenerio
Scope=
PropIndex=4
</ListProperty>
insert into Table_ListProperty(objid,name,TableName,PropertyString, PropertyValue,Scope,PropIndex,ListProperty2Object,ListProperty2Attribute,GroupUser,GenUser,GenDate)values('0FEEB1CBB7C48F51E050B90A27934A71','Name','Module','Scenerio','projectscenerio','',4,'0F8A5F2B2A2FA1A8E050B90A27934F1E','0F8A5F2B2A30A1A8E050B90A27934F1E','sa','sa',sysdate)
<ListProperty>
Object=Module
Attribute=Name
PropertyString=Test matrix
PropertyValue=projectmatrix
Scope=
PropIndex=5
</ListProperty>
insert into Table_ListProperty(objid,name,TableName,PropertyString, PropertyValue,Scope,PropIndex,ListProperty2Object,ListProperty2Attribute,GroupUser,GenUser,GenDate)values('0FEEB1CBB7C58F51E050B90A27934A71','Name','Module','Test matrix','projectmatrix','',5,'0F8A5F2B2A2FA1A8E050B90A27934F1E','0F8A5F2B2A30A1A8E050B90A27934F1E','sa','sa',sysdate)
<ListProperty>
Object=Module
Attribute=Name
PropertyString=Testrun
PropertyValue=testrun
Scope=
PropIndex=6
</ListProperty>
insert into Table_ListProperty(objid,name,TableName,PropertyString, PropertyValue,Scope,PropIndex,ListProperty2Object,ListProperty2Attribute,GroupUser,GenUser,GenDate)values('0FEEB1CBB7C68F51E050B90A27934A71','Name','Module','Testrun','testrun','',6,'0F8A5F2B2A2FA1A8E050B90A27934F1E','0F8A5F2B2A30A1A8E050B90A27934F1E','sa','sa',sysdate)
<ListProperty>
Object=Module
Attribute=Name
PropertyString=Feature Run
PropertyValue=featurerun
Scope=
PropIndex=7
</ListProperty>
insert into Table_ListProperty(objid,name,TableName,PropertyString, PropertyValue,Scope,PropIndex,ListProperty2Object,ListProperty2Attribute,GroupUser,GenUser,GenDate)values('0FEEB1CBB7C78F51E050B90A27934A71','Name','Module','Feature Run','featurerun','',7,'0F8A5F2B2A2FA1A8E050B90A27934F1E','0F8A5F2B2A30A1A8E050B90A27934F1E','sa','sa',sysdate)
<ListProperty>
Object=Module
Attribute=Name
PropertyString=Scenerio Run
PropertyValue=testscenerio
Scope=
PropIndex=8
</ListProperty>
insert into Table_ListProperty(objid,name,TableName,PropertyString, PropertyValue,Scope,PropIndex,ListProperty2Object,ListProperty2Attribute,GroupUser,GenUser,GenDate)values('0FEEB1CBB7C88F51E050B90A27934A71','Name','Module','Scenerio Run','testscenerio','',8,'0F8A5F2B2A2FA1A8E050B90A27934F1E','0F8A5F2B2A30A1A8E050B90A27934F1E','sa','sa',sysdate)
<ListProperty>
Object=Module
Attribute=Name
PropertyString=Bugs
PropertyValue=bug
Scope=
PropIndex=9
</ListProperty>
insert into Table_ListProperty(objid,name,TableName,PropertyString, PropertyValue,Scope,PropIndex,ListProperty2Object,ListProperty2Attribute,GroupUser,GenUser,GenDate)values('0FEEB1CBB7C98F51E050B90A27934A71','Name','Module','Bugs','bug','',9,'0F8A5F2B2A2FA1A8E050B90A27934F1E','0F8A5F2B2A30A1A8E050B90A27934F1E','sa','sa',sysdate)
<ListProperty>
Object=Module
Attribute=Name
PropertyString=Boards
PropertyValue=projectboard
Scope=
PropIndex=10
</ListProperty>
insert into Table_ListProperty(objid,name,TableName,PropertyString, PropertyValue,Scope,PropIndex,ListProperty2Object,ListProperty2Attribute,GroupUser,GenUser,GenDate)values('0FEEB1CBB7CA8F51E050B90A27934A71','Name','Module','Boards','projectboard','',10,'0F8A5F2B2A2FA1A8E050B90A27934F1E','0F8A5F2B2A30A1A8E050B90A27934F1E','sa','sa',sysdate)
<ListProperty>
Object=Module
Attribute=Name
PropertyString=Timesheet
PropertyValue=weeksheet
Scope=
PropIndex=10
</ListProperty>
insert into Table_ListProperty(objid,name,TableName,PropertyString, PropertyValue,Scope,PropIndex,ListProperty2Object,ListProperty2Attribute,GroupUser,GenUser,GenDate)values('0FEEB1CBB7CB8F51E050B90A27934A71','Name','Module','Timesheet','weeksheet','',10,'0F8A5F2B2A2FA1A8E050B90A27934F1E','0F8A5F2B2A30A1A8E050B90A27934F1E','sa','sa',sysdate)
<ListProperty>
Object=Module
Attribute=Name
PropertyString=Users
PropertyValue=testuser
Scope=
PropIndex=11
</ListProperty>
insert into Table_ListProperty(objid,name,TableName,PropertyString, PropertyValue,Scope,PropIndex,ListProperty2Object,ListProperty2Attribute,GroupUser,GenUser,GenDate)values('0FEEB1CBB7CC8F51E050B90A27934A71','Name','Module','Users','testuser','',11,'0F8A5F2B2A2FA1A8E050B90A27934F1E','0F8A5F2B2A30A1A8E050B90A27934F1E','sa','sa',sysdate)
<ListProperty>
Object=Module
Attribute=Name
PropertyString=Company
PropertyValue=company
Scope=
PropIndex=12
</ListProperty>
insert into Table_ListProperty(objid,name,TableName,PropertyString, PropertyValue,Scope,PropIndex,ListProperty2Object,ListProperty2Attribute,GroupUser,GenUser,GenDate)values('0FEEB1CBB7CD8F51E050B90A27934A71','Name','Module','Company','company','',12,'0F8A5F2B2A2FA1A8E050B90A27934F1E','0F8A5F2B2A30A1A8E050B90A27934F1E','sa','sa',sysdate)
<ListProperty>
Object=Member
Attribute=SprintRole
PropertyString=QE Engineer
PropertyValue=QE Enginner
Scope=
PropIndex=1
</ListProperty>
insert into Table_ListProperty(objid,name,TableName,PropertyString, PropertyValue,Scope,PropIndex,ListProperty2Object,ListProperty2Attribute,GroupUser,GenUser,GenDate)values('0FEEB1CBB7CE8F51E050B90A27934A71','SprintRole','Member','QE Engineer','QE Enginner','',1,'0F9538B7F34B4672E050B90A27936C6A','0F9538B7F34D4672E050B90A27936C6A','sa','sa',sysdate)
<ListProperty>
Object=Member
Attribute=SprintRole
PropertyString=Developer
PropertyValue=Developer
Scope=
PropIndex=2
</ListProperty>
insert into Table_ListProperty(objid,name,TableName,PropertyString, PropertyValue,Scope,PropIndex,ListProperty2Object,ListProperty2Attribute,GroupUser,GenUser,GenDate)values('0FEEB1CBB7CF8F51E050B90A27934A71','SprintRole','Member','Developer','Developer','',2,'0F9538B7F34B4672E050B90A27936C6A','0F9538B7F34D4672E050B90A27936C6A','sa','sa',sysdate)
<ListProperty>
Object=Member
Attribute=SprintRole
PropertyString=QE Manager
PropertyValue=QE Manager
Scope=
PropIndex=3
</ListProperty>
insert into Table_ListProperty(objid,name,TableName,PropertyString, PropertyValue,Scope,PropIndex,ListProperty2Object,ListProperty2Attribute,GroupUser,GenUser,GenDate)values('0FEEB1CBB7D08F51E050B90A27934A71','SprintRole','Member','QE Manager','QE Manager','',3,'0F9538B7F34B4672E050B90A27936C6A','0F9538B7F34D4672E050B90A27936C6A','sa','sa',sysdate)
<ListProperty>
Object=Member
Attribute=SprintRole
PropertyString=Dev Manager
PropertyValue=Dev Manager
Scope=
PropIndex=4
</ListProperty>
insert into Table_ListProperty(objid,name,TableName,PropertyString, PropertyValue,Scope,PropIndex,ListProperty2Object,ListProperty2Attribute,GroupUser,GenUser,GenDate)values('0FEEB1CBB7D18F51E050B90A27934A71','SprintRole','Member','Dev Manager','Dev Manager','',4,'0F9538B7F34B4672E050B90A27936C6A','0F9538B7F34D4672E050B90A27936C6A','sa','sa',sysdate)
<ListProperty>
Object=Member
Attribute=SprintRole
PropertyString=Prod Manager
PropertyValue=Prod Manager
Scope=
PropIndex=5
</ListProperty>
insert into Table_ListProperty(objid,name,TableName,PropertyString, PropertyValue,Scope,PropIndex,ListProperty2Object,ListProperty2Attribute,GroupUser,GenUser,GenDate)values('0FEEB1CBB7D28F51E050B90A27934A71','SprintRole','Member','Prod Manager','Prod Manager','',5,'0F9538B7F34B4672E050B90A27936C6A','0F9538B7F34D4672E050B90A27936C6A','sa','sa',sysdate)
<ListProperty>
Object=Member
Attribute=SprintRole
PropertyString=Architect
PropertyValue=Architect
Scope=
PropIndex=6
</ListProperty>
insert into Table_ListProperty(objid,name,TableName,PropertyString, PropertyValue,Scope,PropIndex,ListProperty2Object,ListProperty2Attribute,GroupUser,GenUser,GenDate)values('0FEEB1CBB7D38F51E050B90A27934A71','SprintRole','Member','Architect','Architect','',6,'0F9538B7F34B4672E050B90A27936C6A','0F9538B7F34D4672E050B90A27936C6A','sa','sa',sysdate)
<ListProperty>
Object=Member
Attribute=SprintRole
PropertyString=Scrum Master
PropertyValue=Scrum Master
Scope=
PropIndex=7
</ListProperty>
insert into Table_ListProperty(objid,name,TableName,PropertyString, PropertyValue,Scope,PropIndex,ListProperty2Object,ListProperty2Attribute,GroupUser,GenUser,GenDate)values('0FEEB1CBB7D48F51E050B90A27934A71','SprintRole','Member','Scrum Master','Scrum Master','',7,'0F9538B7F34B4672E050B90A27936C6A','0F9538B7F34D4672E050B90A27936C6A','sa','sa',sysdate)
<ListProperty>
Object=Member
Attribute=SprintRole
PropertyString=Other
PropertyValue=Other
Scope=
PropIndex=8
</ListProperty>
insert into Table_ListProperty(objid,name,TableName,PropertyString, PropertyValue,Scope,PropIndex,ListProperty2Object,ListProperty2Attribute,GroupUser,GenUser,GenDate)values('0FEEB1CBB7D58F51E050B90A27934A71','SprintRole','Member','Other','Other','',8,'0F9538B7F34B4672E050B90A27936C6A','0F9538B7F34D4672E050B90A27936C6A','sa','sa',sysdate)
<ListProperty>
Object=TestUser
Attribute=UserType
PropertyString=Group User
PropertyValue=1
Scope=
PropIndex=1
</ListProperty>
insert into Table_ListProperty(objid,name,TableName,PropertyString, PropertyValue,Scope,PropIndex,ListProperty2Object,ListProperty2Attribute,GroupUser,GenUser,GenDate)values('0FEEB1CBB7D68F51E050B90A27934A71','UserType','TestUser','Group User','1','',1,'0FCB63F83140BCBFE050B90A27937785','0FCB63F83147BCBFE050B90A27937785','sa','sa',sysdate)
<ListProperty>
Object=TestUser
Attribute=UserType
PropertyString=Admin
PropertyValue=2
Scope=
PropIndex=2
</ListProperty>
insert into Table_ListProperty(objid,name,TableName,PropertyString, PropertyValue,Scope,PropIndex,ListProperty2Object,ListProperty2Attribute,GroupUser,GenUser,GenDate)values('0FEEB1CBB7D78F51E050B90A27934A71','UserType','TestUser','Admin','2','',2,'0FCB63F83140BCBFE050B90A27937785','0FCB63F83147BCBFE050B90A27937785','sa','sa',sysdate)
<ListProperty>
Object=TestUser
Attribute=Status
PropertyString=Active
PropertyValue=1
Scope=
PropIndex=1
</ListProperty>
insert into Table_ListProperty(objid,name,TableName,PropertyString, PropertyValue,Scope,PropIndex,ListProperty2Object,ListProperty2Attribute,GroupUser,GenUser,GenDate)values('0FEEB1CBB7D88F51E050B90A27934A71','Status','TestUser','Active','1','',1,'0FCB63F83140BCBFE050B90A27937785','0FCB63F83146BCBFE050B90A27937785','sa','sa',sysdate)
<ListProperty>
Object=TestUser
Attribute=Status
PropertyString=In Active
PropertyValue=2
Scope=
PropIndex=2
</ListProperty>
insert into Table_ListProperty(objid,name,TableName,PropertyString, PropertyValue,Scope,PropIndex,ListProperty2Object,ListProperty2Attribute,GroupUser,GenUser,GenDate)values('0FEEB1CBB7D98F51E050B90A27934A71','Status','TestUser','In Active','2','',2,'0FCB63F83140BCBFE050B90A27937785','0FCB63F83146BCBFE050B90A27937785','sa','sa',sysdate)
<ListProperty>
Object=Project
Attribute=Status
PropertyString=Open
PropertyValue=Open
Scope=
PropIndex=1
</ListProperty>
insert into Table_ListProperty(objid,name,TableName,PropertyString, PropertyValue,Scope,PropIndex,ListProperty2Object,ListProperty2Attribute,GroupUser,GenUser,GenDate)values('0FEEB1CBB7DA8F51E050B90A27934A71','Status','Project','Open','Open','',1,'0F66547AEC34B344E050B90A27937838','0F66547AEC38B344E050B90A27937838','sa','sa',sysdate)
<ListProperty>
Object=Project
Attribute=Status
PropertyString=Closed
PropertyValue=Closed
Scope=
PropIndex=2
</ListProperty>
insert into Table_ListProperty(objid,name,TableName,PropertyString, PropertyValue,Scope,PropIndex,ListProperty2Object,ListProperty2Attribute,GroupUser,GenUser,GenDate)values('0FEEB1CBB7DB8F51E050B90A27934A71','Status','Project','Closed','Closed','',2,'0F66547AEC34B344E050B90A27937838','0F66547AEC38B344E050B90A27937838','sa','sa',sysdate)
<ListProperty>
Object=Project
Attribute=Status
PropertyString=In Progress
PropertyValue=In Progress
Scope=
PropIndex=3
</ListProperty>
insert into Table_ListProperty(objid,name,TableName,PropertyString, PropertyValue,Scope,PropIndex,ListProperty2Object,ListProperty2Attribute,GroupUser,GenUser,GenDate)values('0FEEB1CBB7DC8F51E050B90A27934A71','Status','Project','In Progress','In Progress','',3,'0F66547AEC34B344E050B90A27937838','0F66547AEC38B344E050B90A27937838','sa','sa',sysdate)
<ListProperty>
Object=Scenerio
Attribute=IsAutomated
PropertyString=No
PropertyValue=No
Scope=
PropIndex=1
</ListProperty>
insert into Table_ListProperty(objid,name,TableName,PropertyString, PropertyValue,Scope,PropIndex,ListProperty2Object,ListProperty2Attribute,GroupUser,GenUser,GenDate)values('0FEEB1CBB7DD8F51E050B90A27934A71','IsAutomated','Scenerio','No','No','',1,'0F66547AEC45B344E050B90A27937838','0F66547AEC4CB344E050B90A27937838','sa','sa',sysdate)
<ListProperty>
Object=Scenerio
Attribute=IsAutomated
PropertyString=Yes
PropertyValue=Yes
Scope=
PropIndex=2
</ListProperty>
insert into Table_ListProperty(objid,name,TableName,PropertyString, PropertyValue,Scope,PropIndex,ListProperty2Object,ListProperty2Attribute,GroupUser,GenUser,GenDate)values('0FEEB1CBB7DE8F51E050B90A27934A71','IsAutomated','Scenerio','Yes','Yes','',2,'0F66547AEC45B344E050B90A27937838','0F66547AEC4CB344E050B90A27937838','sa','sa',sysdate)
<ListProperty>
Object=Scenerio
Attribute=IsActive
PropertyString=Yes
PropertyValue=Yes
Scope=
PropIndex=1
</ListProperty>
insert into Table_ListProperty(objid,name,TableName,PropertyString, PropertyValue,Scope,PropIndex,ListProperty2Object,ListProperty2Attribute,GroupUser,GenUser,GenDate)values('0FEEB1CBB7DF8F51E050B90A27934A71','IsActive','Scenerio','Yes','Yes','',1,'0F66547AEC45B344E050B90A27937838','0F66547AEC4DB344E050B90A27937838','sa','sa',sysdate)
<ListProperty>
Object=Scenerio
Attribute=IsActive
PropertyString=No
PropertyValue=No
Scope=
PropIndex=2
</ListProperty>
insert into Table_ListProperty(objid,name,TableName,PropertyString, PropertyValue,Scope,PropIndex,ListProperty2Object,ListProperty2Attribute,GroupUser,GenUser,GenDate)values('0FEEB1CBB7E08F51E050B90A27934A71','IsActive','Scenerio','No','No','',2,'0F66547AEC45B344E050B90A27937838','0F66547AEC4DB344E050B90A27937838','sa','sa',sysdate)
<ListProperty>
Object=TestEnv
Attribute=IsActive
PropertyString=Yes
PropertyValue=Yes
Scope=
PropIndex=1
</ListProperty>
insert into Table_ListProperty(objid,name,TableName,PropertyString, PropertyValue,Scope,PropIndex,ListProperty2Object,ListProperty2Attribute,GroupUser,GenUser,GenDate)values('0FEEB1CBB7E18F51E050B90A27934A71','IsActive','TestEnv','Yes','Yes','',1,'0F66547AEC59B344E050B90A27937838','0F66547AEC5CB344E050B90A27937838','sa','sa',sysdate)
<ListProperty>
Object=TestEnv
Attribute=IsActive
PropertyString=No
PropertyValue=No
Scope=
PropIndex=2
</ListProperty>
insert into Table_ListProperty(objid,name,TableName,PropertyString, PropertyValue,Scope,PropIndex,ListProperty2Object,ListProperty2Attribute,GroupUser,GenUser,GenDate)values('0FEEB1CBB7E28F51E050B90A27934A71','IsActive','TestEnv','No','No','',2,'0F66547AEC59B344E050B90A27937838','0F66547AEC5CB344E050B90A27937838','sa','sa',sysdate)
<ListProperty>
Object=MatrixMap
Attribute=IsActive
PropertyString=Yes
PropertyValue=1
Scope=
PropIndex=1
</ListProperty>
insert into Table_ListProperty(objid,name,TableName,PropertyString, PropertyValue,Scope,PropIndex,ListProperty2Object,ListProperty2Attribute,GroupUser,GenUser,GenDate)values('0FEEB1CBB7E38F51E050B90A27934A71','IsActive','MatrixMap','Yes','1','',1,'0F66547AEC60B344E050B90A27937838','0F66547AEC62B344E050B90A27937838','sa','sa',sysdate)
<ListProperty>
Object=MatrixMap
Attribute=IsActive
PropertyString=No
PropertyValue=0
Scope=
PropIndex=2
</ListProperty>
insert into Table_ListProperty(objid,name,TableName,PropertyString, PropertyValue,Scope,PropIndex,ListProperty2Object,ListProperty2Attribute,GroupUser,GenUser,GenDate)values('0FEEB1CBB7E48F51E050B90A27934A71','IsActive','MatrixMap','No','0','',2,'0F66547AEC60B344E050B90A27937838','0F66547AEC62B344E050B90A27937838','sa','sa',sysdate)
<ListProperty>
Object=MatrixList
Attribute=IsActive
PropertyString=Yes
PropertyValue=1
Scope=
PropIndex=1
</ListProperty>
insert into Table_ListProperty(objid,name,TableName,PropertyString, PropertyValue,Scope,PropIndex,ListProperty2Object,ListProperty2Attribute,GroupUser,GenUser,GenDate)values('0FEEB1CBB7E58F51E050B90A27934A71','IsActive','MatrixList','Yes','1','',1,'0F8A0818E3F3D1ECE050B90A27934E4F','0F8A0818E3F6D1ECE050B90A27934E4F','sa','sa',sysdate)
<ListProperty>
Object=MatrixList
Attribute=IsActive
PropertyString=No
PropertyValue=0
Scope=
PropIndex=2
</ListProperty>
insert into Table_ListProperty(objid,name,TableName,PropertyString, PropertyValue,Scope,PropIndex,ListProperty2Object,ListProperty2Attribute,GroupUser,GenUser,GenDate)values('0FEEB1CBB7E68F51E050B90A27934A71','IsActive','MatrixList','No','0','',2,'0F8A0818E3F3D1ECE050B90A27934E4F','0F8A0818E3F6D1ECE050B90A27934E4F','sa','sa',sysdate)
<ListProperty>
Object=ScenerioRun
Attribute=RunType
PropertyString=Manual
PropertyValue=Manual
Scope=
PropIndex=1
</ListProperty>
insert into Table_ListProperty(objid,name,TableName,PropertyString, PropertyValue,Scope,PropIndex,ListProperty2Object,ListProperty2Attribute,GroupUser,GenUser,GenDate)values('0FEEB1CBB7E78F51E050B90A27934A71','RunType','ScenerioRun','Manual','Manual','',1,'0F66547AEC71B344E050B90A27937838','0F66547AEC76B344E050B90A27937838','sa','sa',sysdate)
<ListProperty>
Object=ScenerioRun
Attribute=RunType
PropertyString=Automated
PropertyValue=Automated
Scope=
PropIndex=2
</ListProperty>
insert into Table_ListProperty(objid,name,TableName,PropertyString, PropertyValue,Scope,PropIndex,ListProperty2Object,ListProperty2Attribute,GroupUser,GenUser,GenDate)values('0FEEB1CBB7E88F51E050B90A27934A71','RunType','ScenerioRun','Automated','Automated','',2,'0F66547AEC71B344E050B90A27937838','0F66547AEC76B344E050B90A27937838','sa','sa',sysdate)
<ListProperty>
Object=ScenerioRun
Attribute=Status
PropertyString=Passed
PropertyValue=Passed
Scope=
PropIndex=1
</ListProperty>
insert into Table_ListProperty(objid,name,TableName,PropertyString, PropertyValue,Scope,PropIndex,ListProperty2Object,ListProperty2Attribute,GroupUser,GenUser,GenDate)values('0FEEB1CBB7E98F51E050B90A27934A71','Status','ScenerioRun','Passed','Passed','',1,'0F66547AEC71B344E050B90A27937838','0F66547AEC75B344E050B90A27937838','sa','sa',sysdate)
<ListProperty>
Object=ScenerioRun
Attribute=Status
PropertyString=Failed
PropertyValue=Failed
Scope=
PropIndex=2
</ListProperty>
insert into Table_ListProperty(objid,name,TableName,PropertyString, PropertyValue,Scope,PropIndex,ListProperty2Object,ListProperty2Attribute,GroupUser,GenUser,GenDate)values('0FEEB1CBB7EA8F51E050B90A27934A71','Status','ScenerioRun','Failed','Failed','',2,'0F66547AEC71B344E050B90A27937838','0F66547AEC75B344E050B90A27937838','sa','sa',sysdate)
<ListProperty>
Object=ScenerioRun
Attribute=Status
PropertyString=In Progress
PropertyValue=In Progress
Scope=
PropIndex=3
</ListProperty>
insert into Table_ListProperty(objid,name,TableName,PropertyString, PropertyValue,Scope,PropIndex,ListProperty2Object,ListProperty2Attribute,GroupUser,GenUser,GenDate)values('0FEEB1CBB7EB8F51E050B90A27934A71','Status','ScenerioRun','In Progress','In Progress','',3,'0F66547AEC71B344E050B90A27937838','0F66547AEC75B344E050B90A27937838','sa','sa',sysdate)
<ListProperty>
Object=ScenerioRun
Attribute=Status
PropertyString=Skipped
PropertyValue=Skipped
Scope=
PropIndex=4
</ListProperty>
insert into Table_ListProperty(objid,name,TableName,PropertyString, PropertyValue,Scope,PropIndex,ListProperty2Object,ListProperty2Attribute,GroupUser,GenUser,GenDate)values('0FEEB1CBB7EC8F51E050B90A27934A71','Status','ScenerioRun','Skipped','Skipped','',4,'0F66547AEC71B344E050B90A27937838','0F66547AEC75B344E050B90A27937838','sa','sa',sysdate)
<ListProperty>
Object=ScenerioRun
Attribute=Status
PropertyString=Defect
PropertyValue=Defect
Scope=
PropIndex=5
</ListProperty>
insert into Table_ListProperty(objid,name,TableName,PropertyString, PropertyValue,Scope,PropIndex,ListProperty2Object,ListProperty2Attribute,GroupUser,GenUser,GenDate)values('0FEEB1CBB7ED8F51E050B90A27934A71','Status','ScenerioRun','Defect','Defect','',5,'0F66547AEC71B344E050B90A27937838','0F66547AEC75B344E050B90A27937838','sa','sa',sysdate)
<ObjectRule>
Name=Profile Rule
TableName=Profile
EffectedTable=Profile
Description=Calling Upadte and Insert Rule for object Profile
Reason=1
ActionState=1
Condition=objid$gt$0
RuleIndex=1
Status=1
</ObjectRule>
insert into Table_ObjectRule(ObjId,Name,TableName,EffectedTable,Description,Reason,ActionState,Condition,RuleIndex,Status,ObjectRule2Object,GroupUser,GenUser,GenDate)values('0FEEB1CBB7EE8F51E050B90A27934A71','Profile Rule','Profile','Profile','Calling Upadte and Insert Rule for object Profile','1','1','objid$gt$0','1','1','0F66547AEBF7B344E050B90A27937838','sa','sa',sysdate)
<ActionQuery>
Name=Call Insert_Profile procedure
TableName=Profile
Description=Call Insert_Profile procedure
StepNo=1
Input=@Objid
InputDataType=@Integer
Output=$runId
QueryType=0
HasRecordSet=0
OracleQuery=exec Insert_Profile(@objid)
MssqlQuery=exec Insert_Profile @objid
Status=0
</ActionQuery>
insert into Table_ActionQuery(ObjId,Name,TableName,Description,StepNo,Input,InputDataType,Output,QueryType,HasRecordSet,OracleQuery,MssqlQuery,Status,ActionQuery2ObjectRule,GroupUser,GenUser,GenDate)values('0FEEB1CBB7EF8F51E050B90A27934A71','Call Insert_Profile procedure','Profile','Call Insert_Profile procedure','1','@Objid','@Integer','$runId','0','0','exec Insert_Profile(@objid)','exec Insert_Profile @objid','0','0FEEB1CBB7EE8F51E050B90A27934A71','sa','sa',sysdate)
<ObjectRule>
Name=Calendar Rule
TableName=Calendar
EffectedTable=Calendar
Description=Calling Upadte and Insert Rule for object Calendar
Reason=1
ActionState=1
Condition=objid$gt$0
RuleIndex=1
Status=1
</ObjectRule>
insert into Table_ObjectRule(ObjId,Name,TableName,EffectedTable,Description,Reason,ActionState,Condition,RuleIndex,Status,ObjectRule2Object,GroupUser,GenUser,GenDate)values('0FEEB1CBB7F08F51E050B90A27934A71','Calendar Rule','Calendar','Calendar','Calling Upadte and Insert Rule for object Calendar','1','1','objid$gt$0','1','1','0FCAF3360CDE4500E050B90A279375AE','sa','sa',sysdate)
<ActionQuery>
Name=Call Insert_Calendar procedure
TableName=Calendar
Description=Call Insert_Calendar procedure
StepNo=1
Input=@Objid
InputDataType=@Integer
Output=$runId
QueryType=0
HasRecordSet=0
OracleQuery=exec Insert_Calendar(@objid)
MssqlQuery=exec Insert_Calendar @objid
Status=0
</ActionQuery>
insert into Table_ActionQuery(ObjId,Name,TableName,Description,StepNo,Input,InputDataType,Output,QueryType,HasRecordSet,OracleQuery,MssqlQuery,Status,ActionQuery2ObjectRule,GroupUser,GenUser,GenDate)values('0FEEB1CBB7F18F51E050B90A27934A71','Call Insert_Calendar procedure','Calendar','Call Insert_Calendar procedure','1','@Objid','@Integer','$runId','0','0','exec Insert_Calendar(@objid)','exec Insert_Calendar @objid','0','0FEEB1CBB7F08F51E050B90A27934A71','sa','sa',sysdate)
<GenericCode>
Name=Backlog
AttributeName=GroupCode
CodeValue=Backlog
Description=Backlog
Status=1
CodeIndex=1
</GenericCode>
insert into Table_GenericCode(ObjId,Name,AttributeName,CodeValue,Description,Status,CodeIndex,GenericCode2CodeAttribute,GroupUser,GenUser,GenDate)values('0FEEB1CBB7F28F51E050B90A27934A71','Backlog','GroupCode','Backlog','Backlog','1','1','0FEEB1CBB76E8F51E050B90A27934A71','sa','sa',sysdate)
<GenericCode>
Name=Development
AttributeName=GroupCode
CodeValue=Development
Description=Development
Status=1
CodeIndex=2
</GenericCode>
insert into Table_GenericCode(ObjId,Name,AttributeName,CodeValue,Description,Status,CodeIndex,GenericCode2CodeAttribute,GroupUser,GenUser,GenDate)values('0FEEB1CBB7F38F51E050B90A27934A71','Development','GroupCode','Development','Development','1','2','0FEEB1CBB76E8F51E050B90A27934A71','sa','sa',sysdate)
<GenericCode>
Name=Testing
AttributeName=GroupCode
CodeValue=Testing
Description=Testing
Status=1
CodeIndex=3
</GenericCode>
insert into Table_GenericCode(ObjId,Name,AttributeName,CodeValue,Description,Status,CodeIndex,GenericCode2CodeAttribute,GroupUser,GenUser,GenDate)values('0FEEB1CBB7F48F51E050B90A27934A71','Testing','GroupCode','Testing','Testing','1','3','0FEEB1CBB76E8F51E050B90A27934A71','sa','sa',sysdate)
<GenericCode>
Name=Done
AttributeName=GroupCode
CodeValue=Done
Description=Done
Status=1
CodeIndex=4
</GenericCode>
insert into Table_GenericCode(ObjId,Name,AttributeName,CodeValue,Description,Status,CodeIndex,GenericCode2CodeAttribute,GroupUser,GenUser,GenDate)values('0FEEB1CBB7F58F51E050B90A27934A71','Done','GroupCode','Done','Done','1','4','0FEEB1CBB76E8F51E050B90A27934A71','sa','sa',sysdate)
<GenericCode>
Name=Severity-1
AttributeName=SeverityCode
CodeValue=1
Description=Severity-1
Status=1
CodeIndex=1
</GenericCode>
insert into Table_GenericCode(ObjId,Name,AttributeName,CodeValue,Description,Status,CodeIndex,GenericCode2CodeAttribute,GroupUser,GenUser,GenDate)values('0FEEB1CBB7F68F51E050B90A27934A71','Severity-1','SeverityCode','1','Severity-1','1','1','0','sa','sa',sysdate)
<GenericCode>
Name=Severity-2
AttributeName=SeverityCode
CodeValue=2
Description=Severity-2
Status=1
CodeIndex=2
</GenericCode>
insert into Table_GenericCode(ObjId,Name,AttributeName,CodeValue,Description,Status,CodeIndex,GenericCode2CodeAttribute,GroupUser,GenUser,GenDate)values('0FEEB1CBB7F78F51E050B90A27934A71','Severity-2','SeverityCode','2','Severity-2','1','2','0','sa','sa',sysdate)
<GenericCode>
Name=Severity-3
AttributeName=SeverityCode
CodeValue=3
Description=Severity-3
Status=1
CodeIndex=3
</GenericCode>
insert into Table_GenericCode(ObjId,Name,AttributeName,CodeValue,Description,Status,CodeIndex,GenericCode2CodeAttribute,GroupUser,GenUser,GenDate)values('0FEEB1CBB7F88F51E050B90A27934A71','Severity-3','SeverityCode','3','Severity-3','1','3','0','sa','sa',sysdate)
<GenericCode>
Name=Monthly Subscription
AttributeName=SubscribeCode
CodeValue=1
Description=No Description Available
Status=1
CodeIndex=1
</GenericCode>
insert into Table_GenericCode(ObjId,Name,AttributeName,CodeValue,Description,Status,CodeIndex,GenericCode2CodeAttribute,GroupUser,GenUser,GenDate)values('0FEEB1CBB7F98F51E050B90A27934A71','Monthly Subscription','SubscribeCode','1','No Description Available','1','1','0FEEB1CBB7718F51E050B90A27934A71','sa','sa',sysdate)
<GenericCode>
Name=Yearly Subscription
AttributeName=SubscribeCode
CodeValue=2
Description=No Description Available
Status=1
CodeIndex=2
</GenericCode>
insert into Table_GenericCode(ObjId,Name,AttributeName,CodeValue,Description,Status,CodeIndex,GenericCode2CodeAttribute,GroupUser,GenUser,GenDate)values('0FEEB1CBB7FA8F51E050B90A27934A71','Yearly Subscription','SubscribeCode','2','No Description Available','1','2','0FEEB1CBB7718F51E050B90A27934A71','sa','sa',sysdate)
<GenericCode>
Name=2015
AttributeName=YearCode
CodeValue=2015
Description=No Description Available
Status=1
CodeIndex=1
</GenericCode>
insert into Table_GenericCode(ObjId,Name,AttributeName,CodeValue,Description,Status,CodeIndex,GenericCode2CodeAttribute,GroupUser,GenUser,GenDate)values('0FEEB1CBB7FB8F51E050B90A27934A71','2015','YearCode','2015','No Description Available','1','1','0FEEB1CBB7778F51E050B90A27934A71','sa','sa',sysdate)
<GenericCode>
Name=2016
AttributeName=YearCode
CodeValue=2016
Description=No Description Available
Status=1
CodeIndex=2
</GenericCode>
insert into Table_GenericCode(ObjId,Name,AttributeName,CodeValue,Description,Status,CodeIndex,GenericCode2CodeAttribute,GroupUser,GenUser,GenDate)values('0FEEB1CBB7FC8F51E050B90A27934A71','2016','YearCode','2016','No Description Available','1','2','0FEEB1CBB7778F51E050B90A27934A71','sa','sa',sysdate)
<GenericCode>
Name=2017
AttributeName=YearCode
CodeValue=2017
Description=No Description Available
Status=1
CodeIndex=3
</GenericCode>
insert into Table_GenericCode(ObjId,Name,AttributeName,CodeValue,Description,Status,CodeIndex,GenericCode2CodeAttribute,GroupUser,GenUser,GenDate)values('0FEEB1CBB7FD8F51E050B90A27934A71','2017','YearCode','2017','No Description Available','1','3','0FEEB1CBB7778F51E050B90A27934A71','sa','sa',sysdate)
<GenericCode>
Name=2018
AttributeName=YearCode
CodeValue=2018
Description=No Description Available
Status=1
CodeIndex=4
</GenericCode>
insert into Table_GenericCode(ObjId,Name,AttributeName,CodeValue,Description,Status,CodeIndex,GenericCode2CodeAttribute,GroupUser,GenUser,GenDate)values('0FEEB1CBB7FE8F51E050B90A27934A71','2018','YearCode','2018','No Description Available','1','4','0FEEB1CBB7778F51E050B90A27934A71','sa','sa',sysdate)
<GenericCode>
Name=2019
AttributeName=YearCode
CodeValue=2019
Description=No Description Available
Status=1
CodeIndex=5
</GenericCode>
insert into Table_GenericCode(ObjId,Name,AttributeName,CodeValue,Description,Status,CodeIndex,GenericCode2CodeAttribute,GroupUser,GenUser,GenDate)values('0FEEB1CBB7FF8F51E050B90A27934A71','2019','YearCode','2019','No Description Available','1','5','0FEEB1CBB7778F51E050B90A27934A71','sa','sa',sysdate)
<GenericCode>
Name=2020
AttributeName=YearCode
CodeValue=2020
Description=No Description Available
Status=1
CodeIndex=6
</GenericCode>
insert into Table_GenericCode(ObjId,Name,AttributeName,CodeValue,Description,Status,CodeIndex,GenericCode2CodeAttribute,GroupUser,GenUser,GenDate)values('0FEEB1CBB8008F51E050B90A27934A71','2020','YearCode','2020','No Description Available','1','6','0FEEB1CBB7778F51E050B90A27934A71','sa','sa',sysdate)
<GenericCode>
Name=2021
AttributeName=YearCode
CodeValue=2021
Description=No Description Available
Status=1
CodeIndex=7
</GenericCode>
insert into Table_GenericCode(ObjId,Name,AttributeName,CodeValue,Description,Status,CodeIndex,GenericCode2CodeAttribute,GroupUser,GenUser,GenDate)values('0FEEB1CBB8018F51E050B90A27934A71','2021','YearCode','2021','No Description Available','1','7','0FEEB1CBB7778F51E050B90A27934A71','sa','sa',sysdate)
<GenericCode>
Name=2022
AttributeName=YearCode
CodeValue=2022
Description=No Description Available
Status=1
CodeIndex=8
</GenericCode>
insert into Table_GenericCode(ObjId,Name,AttributeName,CodeValue,Description,Status,CodeIndex,GenericCode2CodeAttribute,GroupUser,GenUser,GenDate)values('0FEEB1CBB8028F51E050B90A27934A71','2022','YearCode','2022','No Description Available','1','8','0FEEB1CBB7778F51E050B90A27934A71','sa','sa',sysdate)
<GenericCode>
Name=2023
AttributeName=YearCode
CodeValue=2023
Description=No Description Available
Status=1
CodeIndex=9
</GenericCode>
insert into Table_GenericCode(ObjId,Name,AttributeName,CodeValue,Description,Status,CodeIndex,GenericCode2CodeAttribute,GroupUser,GenUser,GenDate)values('0FEEB1CBB8038F51E050B90A27934A71','2023','YearCode','2023','No Description Available','1','9','0FEEB1CBB7778F51E050B90A27934A71','sa','sa',sysdate)
<GenericCode>
Name=2024
AttributeName=YearCode
CodeValue=2024
Description=No Description Available
Status=1
CodeIndex=10
</GenericCode>
insert into Table_GenericCode(ObjId,Name,AttributeName,CodeValue,Description,Status,CodeIndex,GenericCode2CodeAttribute,GroupUser,GenUser,GenDate)values('0FEEB1CBB8048F51E050B90A27934A71','2024','YearCode','2024','No Description Available','1','10','0FEEB1CBB7778F51E050B90A27934A71','sa','sa',sysdate)
<GenericCode>
Name=2025
AttributeName=YearCode
CodeValue=2025
Description=No Description Available
Status=1
CodeIndex=11
</GenericCode>
insert into Table_GenericCode(ObjId,Name,AttributeName,CodeValue,Description,Status,CodeIndex,GenericCode2CodeAttribute,GroupUser,GenUser,GenDate)values('0FEEB1CBB8058F51E050B90A27934A71','2025','YearCode','2025','No Description Available','1','11','0FEEB1CBB7778F51E050B90A27934A71','sa','sa',sysdate)
<GenericCode>
Name=Open
AttributeName=TaskStatusCode
CodeValue=Open
Description=No Description Available
Status=1
CodeIndex=1
</GenericCode>
insert into Table_GenericCode(ObjId,Name,AttributeName,CodeValue,Description,Status,CodeIndex,GenericCode2CodeAttribute,GroupUser,GenUser,GenDate)values('0FEEB1CBB8068F51E050B90A27934A71','Open','TaskStatusCode','Open','No Description Available','1','1','0FEEB1CBB7708F51E050B90A27934A71','sa','sa',sysdate)
<GenericCode>
Name=In Progress
AttributeName=TaskStatusCode
CodeValue=In Progress
Description=No Description Available
Status=1
CodeIndex=2
</GenericCode>
insert into Table_GenericCode(ObjId,Name,AttributeName,CodeValue,Description,Status,CodeIndex,GenericCode2CodeAttribute,GroupUser,GenUser,GenDate)values('0FEEB1CBB8078F51E050B90A27934A71','In Progress','TaskStatusCode','In Progress','No Description Available','1','2','0FEEB1CBB7708F51E050B90A27934A71','sa','sa',sysdate)
<GenericCode>
Name=Done
AttributeName=TaskStatusCode
CodeValue=Done
Description=No Description Available
Status=1
CodeIndex=3
</GenericCode>
insert into Table_GenericCode(ObjId,Name,AttributeName,CodeValue,Description,Status,CodeIndex,GenericCode2CodeAttribute,GroupUser,GenUser,GenDate)values('0FEEB1CBB8088F51E050B90A27934A71','Done','TaskStatusCode','Done','No Description Available','1','3','0FEEB1CBB7708F51E050B90A27934A71','sa','sa',sysdate)
<GenericCode>
Name=Open
AttributeName=ReferralStatus
CodeValue=Open
Description=No Description Available
Status=1
CodeIndex=1
</GenericCode>
insert into Table_GenericCode(ObjId,Name,AttributeName,CodeValue,Description,Status,CodeIndex,GenericCode2CodeAttribute,GroupUser,GenUser,GenDate)values('0FEEB1CBB8098F51E050B90A27934A71','Open','ReferralStatus','Open','No Description Available','1','1','0FEEB1CBB76D8F51E050B90A27934A71','sa','sa',sysdate)
<GenericCode>
Name=Contacted
AttributeName=ReferralStatus
CodeValue=Contacted
Description=No Description Available
Status=1
CodeIndex=2
</GenericCode>
insert into Table_GenericCode(ObjId,Name,AttributeName,CodeValue,Description,Status,CodeIndex,GenericCode2CodeAttribute,GroupUser,GenUser,GenDate)values('0FEEB1CBB80A8F51E050B90A27934A71','Contacted','ReferralStatus','Contacted','No Description Available','1','2','0FEEB1CBB76D8F51E050B90A27934A71','sa','sa',sysdate)
<GenericCode>
Name=Signed
AttributeName=ReferralStatus
CodeValue=Signed
Description=No Description Available
Status=1
CodeIndex=3
</GenericCode>
insert into Table_GenericCode(ObjId,Name,AttributeName,CodeValue,Description,Status,CodeIndex,GenericCode2CodeAttribute,GroupUser,GenUser,GenDate)values('0FEEB1CBB80B8F51E050B90A27934A71','Signed','ReferralStatus','Signed','No Description Available','1','3','0FEEB1CBB76D8F51E050B90A27934A71','sa','sa',sysdate)
<GenericCode>
Name=Trained
AttributeName=ReferralStatus
CodeValue=Trained
Description=No Description Available
Status=1
CodeIndex=4
</GenericCode>
insert into Table_GenericCode(ObjId,Name,AttributeName,CodeValue,Description,Status,CodeIndex,GenericCode2CodeAttribute,GroupUser,GenUser,GenDate)values('0FEEB1CBB80C8F51E050B90A27934A71','Trained','ReferralStatus','Trained','No Description Available','1','4','0FEEB1CBB76D8F51E050B90A27934A71','sa','sa',sysdate)
<GenericCode>
Name=In Valid
AttributeName=ReferralStatus
CodeValue=In Valid
Description=No Description Available
Status=1
CodeIndex=5
</GenericCode>
insert into Table_GenericCode(ObjId,Name,AttributeName,CodeValue,Description,Status,CodeIndex,GenericCode2CodeAttribute,GroupUser,GenUser,GenDate)values('0FEEB1CBB80D8F51E050B90A27934A71','In Valid','ReferralStatus','In Valid','No Description Available','1','5','0FEEB1CBB76D8F51E050B90A27934A71','sa','sa',sysdate)
<GenericCode>
Name=No Interest
AttributeName=ReferralStatus
CodeValue=No Interest
Description=No Description Available
Status=1
CodeIndex=6
</GenericCode>
insert into Table_GenericCode(ObjId,Name,AttributeName,CodeValue,Description,Status,CodeIndex,GenericCode2CodeAttribute,GroupUser,GenUser,GenDate)values('0FEEB1CBB80E8F51E050B90A27934A71','No Interest','ReferralStatus','No Interest','No Description Available','1','6','0FEEB1CBB76D8F51E050B90A27934A71','sa','sa',sysdate)
<GenericCode>
Name=Call Again
AttributeName=ReferralStatus
CodeValue=Call Again
Description=No Description Available
Status=1
CodeIndex=7
</GenericCode>
insert into Table_GenericCode(ObjId,Name,AttributeName,CodeValue,Description,Status,CodeIndex,GenericCode2CodeAttribute,GroupUser,GenUser,GenDate)values('0FEEB1CBB80F8F51E050B90A27934A71','Call Again','ReferralStatus','Call Again','No Description Available','1','7','0FEEB1CBB76D8F51E050B90A27934A71','sa','sa',sysdate)
<GenericCode>
Name=Claim Issued
AttributeName=ReferralStatus
CodeValue=Claim Issued
Description=No Description Available
Status=1
CodeIndex=8
</GenericCode>
insert into Table_GenericCode(ObjId,Name,AttributeName,CodeValue,Description,Status,CodeIndex,GenericCode2CodeAttribute,GroupUser,GenUser,GenDate)values('0FEEB1CBB8108F51E050B90A27934A71','Claim Issued','ReferralStatus','Claim Issued','No Description Available','1','8','0FEEB1CBB76D8F51E050B90A27934A71','sa','sa',sysdate)
<GenericCode>
Name=Claim Paid
AttributeName=ReferralStatus
CodeValue=Claim Paid
Description=No Description Available
Status=1
CodeIndex=9
</GenericCode>
insert into Table_GenericCode(ObjId,Name,AttributeName,CodeValue,Description,Status,CodeIndex,GenericCode2CodeAttribute,GroupUser,GenUser,GenDate)values('0FEEB1CBB8118F51E050B90A27934A71','Claim Paid','ReferralStatus','Claim Paid','No Description Available','1','9','0FEEB1CBB76D8F51E050B90A27934A71','sa','sa',sysdate)

insert into table_Calendar(ObjId,Name,YearCode,GroupUser,GenUser)values('0FEEB1CBB8128F51E050B90A27934A71','2017','2017','sa','sa')

insert into table_Calendar(ObjId,Name,YearCode,GroupUser,GenUser)values('0FEEB1CBB8138F51E050B90A27934A71','2019','2019','sa','sa')

insert into table_Calendar(ObjId,Name,YearCode,GroupUser,GenUser)values('0FEEB1CBB8148F51E050B90A27934A71','2023','2023','sa','sa')

insert into table_Calendar(ObjId,Name,YearCode,GroupUser,GenUser)values('0FEEB1CBB8158F51E050B90A27934A71','2018','2018','sa','sa')

insert into table_Calendar(ObjId,Name,YearCode,GroupUser,GenUser)values('0FEEB1CBB8168F51E050B90A27934A71','2025','2025','sa','sa')

insert into table_Calendar(ObjId,Name,YearCode,GroupUser,GenUser)values('0FEEB1CBB8178F51E050B90A27934A71','2022','2022','sa','sa')

insert into table_Calendar(ObjId,Name,YearCode,GroupUser,GenUser)values('0FEEB1CBB8188F51E050B90A27934A71','2024','2024','sa','sa')

insert into table_Calendar(ObjId,Name,YearCode,GroupUser,GenUser)values('0FEEB1CBB8198F51E050B90A27934A71','2021','2021','sa','sa')

insert into table_Calendar(ObjId,Name,YearCode,GroupUser,GenUser)values('0FEEB1CBB81A8F51E050B90A27934A71','2016','2016','sa','sa')

insert into table_Calendar(ObjId,Name,YearCode,GroupUser,GenUser)values('0FEEB1CBB81B8F51E050B90A27934A71','2020','2020','sa','sa')
