insert into Table_ListProperty(objid,name,PropertyString, PropertyValue,Scope,PropIndex,ListProperty2Object,ListProperty2Attribute,GroupUser,GenUser,GenDate)values('0FF1F64839A21155E050B90A2793515E','GenericCode','ReferralStatus','ReferralStatus','global',0,'0F66547AEBE2B344E050B90A27937838','0F66547AEBE4B344E050B90A27937838','sa','sa',sysdate)
insert into Table_ListProperty(objid,name,PropertyString, PropertyValue,Scope,PropIndex,ListProperty2Object,ListProperty2Attribute,GroupUser,GenUser,GenDate)values('0FF1F64839A31155E050B90A2793515E','GenericCode','GroupCode','GroupCode','global',1,'0F66547AEBE2B344E050B90A27937838','0F66547AEBE4B344E050B90A27937838','sa','sa',sysdate)
insert into Table_ListProperty(objid,name,PropertyString, PropertyValue,Scope,PropIndex,ListProperty2Object,ListProperty2Attribute,GroupUser,GenUser,GenDate)values('0FF1F64839A41155E050B90A2793515E','GenericCode','ReasonCode','ReasonCode','global',2,'0F66547AEBE2B344E050B90A27937838','0F66547AEBE4B344E050B90A27937838','sa','sa',sysdate)
insert into Table_ListProperty(objid,name,PropertyString, PropertyValue,Scope,PropIndex,ListProperty2Object,ListProperty2Attribute,GroupUser,GenUser,GenDate)values('0FF1F64839A51155E050B90A2793515E','GenericCode','TaskStatusCode','TaskStatusCode','global',3,'0F66547AEBE2B344E050B90A27937838','0F66547AEBE4B344E050B90A27937838','sa','sa',sysdate)
insert into Table_ListProperty(objid,name,PropertyString, PropertyValue,Scope,PropIndex,ListProperty2Object,ListProperty2Attribute,GroupUser,GenUser,GenDate)values('0FF1F64839A61155E050B90A2793515E','GenericCode','SubscribeCode','SubscribeCode','global',4,'0F66547AEBE2B344E050B90A27937838','0F66547AEBE4B344E050B90A27937838','sa','sa',sysdate)
insert into Table_ListProperty(objid,name,PropertyString, PropertyValue,Scope,PropIndex,ListProperty2Object,ListProperty2Attribute,GroupUser,GenUser,GenDate)values('0FF1F64839A71155E050B90A2793515E','GenericCode','CountryCode','CountryCode','global',5,'0F66547AEBE2B344E050B90A27937838','0F66547AEBE4B344E050B90A27937838','sa','sa',sysdate)
insert into Table_ListProperty(objid,name,PropertyString, PropertyValue,Scope,PropIndex,ListProperty2Object,ListProperty2Attribute,GroupUser,GenUser,GenDate)values('0FF1F64839A81155E050B90A2793515E','GenericCode','MonthCode','MonthCode','global',6,'0F66547AEBE2B344E050B90A27937838','0F66547AEBE4B344E050B90A27937838','sa','sa',sysdate)
insert into Table_ListProperty(objid,name,PropertyString, PropertyValue,Scope,PropIndex,ListProperty2Object,ListProperty2Attribute,GroupUser,GenUser,GenDate)values('0FF1F64839A91155E050B90A2793515E','GenericCode','CardTypeCode','CardTypeCode','global',7,'0F66547AEBE2B344E050B90A27937838','0F66547AEBE4B344E050B90A27937838','sa','sa',sysdate)
insert into Table_ListProperty(objid,name,PropertyString, PropertyValue,Scope,PropIndex,ListProperty2Object,ListProperty2Attribute,GroupUser,GenUser,GenDate)values('0FF1F64839AA1155E050B90A2793515E','GenericCode','DeptCode','DeptCode','global',8,'0F66547AEBE2B344E050B90A27937838','0F66547AEBE4B344E050B90A27937838','sa','sa',sysdate)
insert into Table_ListProperty(objid,name,PropertyString, PropertyValue,Scope,PropIndex,ListProperty2Object,ListProperty2Attribute,GroupUser,GenUser,GenDate)values('0FF1F64839AB1155E050B90A2793515E','GenericCode','MediaCode','MediaCode','global',9,'0F66547AEBE2B344E050B90A27937838','0F66547AEBE4B344E050B90A27937838','sa','sa',sysdate)
insert into Table_ListProperty(objid,name,PropertyString, PropertyValue,Scope,PropIndex,ListProperty2Object,ListProperty2Attribute,GroupUser,GenUser,GenDate)values('0FF1F64839AC1155E050B90A2793515E','GenericCode','YearCode','YearCode','global',10,'0F66547AEBE2B344E050B90A27937838','0F66547AEBE4B344E050B90A27937838','sa','sa',sysdate)
<ListProperty>
Object=Support
Attribute=Priority
PropertyString=Priority-0
PropertyValue=Priority-0
Scope=
PropIndex=1
</ListProperty>
insert into Table_ListProperty(objid,name,TableName,PropertyString, PropertyValue,Scope,PropIndex,ListProperty2Object,ListProperty2Attribute,GroupUser,GenUser,GenDate)values('0FF1F64839AD1155E050B90A2793515E','Priority','Support','Priority-0','Priority-0','',1,'0FD94C7CE12D1648E050B90A27931ADB','0FD94C7CE1341648E050B90A27931ADB','sa','sa',sysdate)
<ListProperty>
Object=Support
Attribute=Priority
PropertyString=Priority-1
PropertyValue=Priority-1
Scope=
PropIndex=2
</ListProperty>
insert into Table_ListProperty(objid,name,TableName,PropertyString, PropertyValue,Scope,PropIndex,ListProperty2Object,ListProperty2Attribute,GroupUser,GenUser,GenDate)values('0FF1F64839AE1155E050B90A2793515E','Priority','Support','Priority-1','Priority-1','',2,'0FD94C7CE12D1648E050B90A27931ADB','0FD94C7CE1341648E050B90A27931ADB','sa','sa',sysdate)
<ListProperty>
Object=Support
Attribute=Priority
PropertyString=Priority-2
PropertyValue=Priority-2
Scope=
PropIndex=3
</ListProperty>
insert into Table_ListProperty(objid,name,TableName,PropertyString, PropertyValue,Scope,PropIndex,ListProperty2Object,ListProperty2Attribute,GroupUser,GenUser,GenDate)values('0FF1F64839AF1155E050B90A2793515E','Priority','Support','Priority-2','Priority-2','',3,'0FD94C7CE12D1648E050B90A27931ADB','0FD94C7CE1341648E050B90A27931ADB','sa','sa',sysdate)
<ListProperty>
Object=Support
Attribute=Priority
PropertyString=Priority-3
PropertyValue=Priority-3
Scope=
PropIndex=4
</ListProperty>
insert into Table_ListProperty(objid,name,TableName,PropertyString, PropertyValue,Scope,PropIndex,ListProperty2Object,ListProperty2Attribute,GroupUser,GenUser,GenDate)values('0FF1F64839B01155E050B90A2793515E','Priority','Support','Priority-3','Priority-3','',4,'0FD94C7CE12D1648E050B90A27931ADB','0FD94C7CE1341648E050B90A27931ADB','sa','sa',sysdate)
<ListProperty>
Object=Support
Attribute=Severity
PropertyString=Critical
PropertyValue=Critical
Scope=
PropIndex=1
</ListProperty>
insert into Table_ListProperty(objid,name,TableName,PropertyString, PropertyValue,Scope,PropIndex,ListProperty2Object,ListProperty2Attribute,GroupUser,GenUser,GenDate)values('0FF1F64839B11155E050B90A2793515E','Severity','Support','Critical','Critical','',1,'0FD94C7CE12D1648E050B90A27931ADB','0FD94C7CE1351648E050B90A27931ADB','sa','sa',sysdate)
<ListProperty>
Object=Support
Attribute=Severity
PropertyString=Severity-1
PropertyValue=Severity-1
Scope=
PropIndex=2
</ListProperty>
insert into Table_ListProperty(objid,name,TableName,PropertyString, PropertyValue,Scope,PropIndex,ListProperty2Object,ListProperty2Attribute,GroupUser,GenUser,GenDate)values('0FF1F64839B21155E050B90A2793515E','Severity','Support','Severity-1','Severity-1','',2,'0FD94C7CE12D1648E050B90A27931ADB','0FD94C7CE1351648E050B90A27931ADB','sa','sa',sysdate)
<ListProperty>
Object=Support
Attribute=Severity
PropertyString=Severity-2
PropertyValue=Severity-2
Scope=
PropIndex=3
</ListProperty>
insert into Table_ListProperty(objid,name,TableName,PropertyString, PropertyValue,Scope,PropIndex,ListProperty2Object,ListProperty2Attribute,GroupUser,GenUser,GenDate)values('0FF1F64839B31155E050B90A2793515E','Severity','Support','Severity-2','Severity-2','',3,'0FD94C7CE12D1648E050B90A27931ADB','0FD94C7CE1351648E050B90A27931ADB','sa','sa',sysdate)
<ListProperty>
Object=Support
Attribute=Severity
PropertyString=Severity-3
PropertyValue=Severity-3
Scope=
PropIndex=4
</ListProperty>
insert into Table_ListProperty(objid,name,TableName,PropertyString, PropertyValue,Scope,PropIndex,ListProperty2Object,ListProperty2Attribute,GroupUser,GenUser,GenDate)values('0FF1F64839B41155E050B90A2793515E','Severity','Support','Severity-3','Severity-3','',4,'0FD94C7CE12D1648E050B90A27931ADB','0FD94C7CE1351648E050B90A27931ADB','sa','sa',sysdate)
<ListProperty>
Object=Support
Attribute=Type
PropertyString=Defect
PropertyValue=Defect
Scope=
PropIndex=1
</ListProperty>
insert into Table_ListProperty(objid,name,TableName,PropertyString, PropertyValue,Scope,PropIndex,ListProperty2Object,ListProperty2Attribute,GroupUser,GenUser,GenDate)values('0FF1F64839B51155E050B90A2793515E','Type','Support','Defect','Defect','',1,'0FD94C7CE12D1648E050B90A27931ADB','0FD94C7CE1331648E050B90A27931ADB','sa','sa',sysdate)
<ListProperty>
Object=Support
Attribute=Type
PropertyString=Enhancement
PropertyValue=Enhancement
Scope=
PropIndex=2
</ListProperty>
insert into Table_ListProperty(objid,name,TableName,PropertyString, PropertyValue,Scope,PropIndex,ListProperty2Object,ListProperty2Attribute,GroupUser,GenUser,GenDate)values('0FF1F64839B61155E050B90A2793515E','Type','Support','Enhancement','Enhancement','',2,'0FD94C7CE12D1648E050B90A27931ADB','0FD94C7CE1331648E050B90A27931ADB','sa','sa',sysdate)
<ListProperty>
Object=Support
Attribute=Type
PropertyString=Technical
PropertyValue=Technical
Scope=
PropIndex=3
</ListProperty>
insert into Table_ListProperty(objid,name,TableName,PropertyString, PropertyValue,Scope,PropIndex,ListProperty2Object,ListProperty2Attribute,GroupUser,GenUser,GenDate)values('0FF1F64839B71155E050B90A2793515E','Type','Support','Technical','Technical','',3,'0FD94C7CE12D1648E050B90A27931ADB','0FD94C7CE1331648E050B90A27931ADB','sa','sa',sysdate)
<ListProperty>
Object=Support
Attribute=Type
PropertyString=Other
PropertyValue=Other
Scope=
PropIndex=4
</ListProperty>
insert into Table_ListProperty(objid,name,TableName,PropertyString, PropertyValue,Scope,PropIndex,ListProperty2Object,ListProperty2Attribute,GroupUser,GenUser,GenDate)values('0FF1F64839B81155E050B90A2793515E','Type','Support','Other','Other','',4,'0FD94C7CE12D1648E050B90A27931ADB','0FD94C7CE1331648E050B90A27931ADB','sa','sa',sysdate)
<ListProperty>
Object=Support
Attribute=Status
PropertyString=Open
PropertyValue=Open
Scope=
PropIndex=1
</ListProperty>
insert into Table_ListProperty(objid,name,TableName,PropertyString, PropertyValue,Scope,PropIndex,ListProperty2Object,ListProperty2Attribute,GroupUser,GenUser,GenDate)values('0FF1F64839B91155E050B90A2793515E','Status','Support','Open','Open','',1,'0FD94C7CE12D1648E050B90A27931ADB','0FD94C7CE1301648E050B90A27931ADB','sa','sa',sysdate)
<ListProperty>
Object=Support
Attribute=Status
PropertyString=Resolved
PropertyValue=Resolved
Scope=
PropIndex=2
</ListProperty>
insert into Table_ListProperty(objid,name,TableName,PropertyString, PropertyValue,Scope,PropIndex,ListProperty2Object,ListProperty2Attribute,GroupUser,GenUser,GenDate)values('0FF1F64839BA1155E050B90A2793515E','Status','Support','Resolved','Resolved','',2,'0FD94C7CE12D1648E050B90A27931ADB','0FD94C7CE1301648E050B90A27931ADB','sa','sa',sysdate)
<ListProperty>
Object=Support
Attribute=Status
PropertyString=Pending
PropertyValue=Pending
Scope=
PropIndex=3
</ListProperty>
insert into Table_ListProperty(objid,name,TableName,PropertyString, PropertyValue,Scope,PropIndex,ListProperty2Object,ListProperty2Attribute,GroupUser,GenUser,GenDate)values('0FF1F64839BB1155E050B90A2793515E','Status','Support','Pending','Pending','',3,'0FD94C7CE12D1648E050B90A27931ADB','0FD94C7CE1301648E050B90A27931ADB','sa','sa',sysdate)
<ListProperty>
Object=Support
Attribute=Status
PropertyString=Investigating
PropertyValue=Investigating
Scope=
PropIndex=4
</ListProperty>
insert into Table_ListProperty(objid,name,TableName,PropertyString, PropertyValue,Scope,PropIndex,ListProperty2Object,ListProperty2Attribute,GroupUser,GenUser,GenDate)values('0FF1F64839BC1155E050B90A2793515E','Status','Support','Investigating','Investigating','',4,'0FD94C7CE12D1648E050B90A27931ADB','0FD94C7CE1301648E050B90A27931ADB','sa','sa',sysdate)
<ListProperty>
Object=Support
Attribute=Status
PropertyString=Deferred
PropertyValue=Deferred
Scope=
PropIndex=5
</ListProperty>
insert into Table_ListProperty(objid,name,TableName,PropertyString, PropertyValue,Scope,PropIndex,ListProperty2Object,ListProperty2Attribute,GroupUser,GenUser,GenDate)values('0FF1F64839BD1155E050B90A2793515E','Status','Support','Deferred','Deferred','',5,'0FD94C7CE12D1648E050B90A27931ADB','0FD94C7CE1301648E050B90A27931ADB','sa','sa',sysdate)
<ListProperty>
Object=Support
Attribute=Status
PropertyString=Closed
PropertyValue=Closed
Scope=
PropIndex=6
</ListProperty>
insert into Table_ListProperty(objid,name,TableName,PropertyString, PropertyValue,Scope,PropIndex,ListProperty2Object,ListProperty2Attribute,GroupUser,GenUser,GenDate)values('0FF1F64839BE1155E050B90A2793515E','Status','Support','Closed','Closed','',6,'0FD94C7CE12D1648E050B90A27931ADB','0FD94C7CE1301648E050B90A27931ADB','sa','sa',sysdate)
<ListProperty>
Object=CourseFeedback
Attribute=Ratings
PropertyString=Excellent
PropertyValue=Excellent
Scope=
PropIndex=1
</ListProperty>
insert into Table_ListProperty(objid,name,TableName,PropertyString, PropertyValue,Scope,PropIndex,ListProperty2Object,ListProperty2Attribute,GroupUser,GenUser,GenDate)values('0FF1F64839BF1155E050B90A2793515E','Ratings','CourseFeedback','Excellent','Excellent','',1,'0FD1C2106845B48BE050B90A27930909','0FD1C210684AB48BE050B90A27930909','sa','sa',sysdate)
<ListProperty>
Object=CourseFeedback
Attribute=Ratings
PropertyString=Very Good
PropertyValue=Very Good
Scope=
PropIndex=2
</ListProperty>
insert into Table_ListProperty(objid,name,TableName,PropertyString, PropertyValue,Scope,PropIndex,ListProperty2Object,ListProperty2Attribute,GroupUser,GenUser,GenDate)values('0FF1F64839C01155E050B90A2793515E','Ratings','CourseFeedback','Very Good','Very Good','',2,'0FD1C2106845B48BE050B90A27930909','0FD1C210684AB48BE050B90A27930909','sa','sa',sysdate)
<ListProperty>
Object=CourseFeedback
Attribute=Ratings
PropertyString=Good
PropertyValue=Good
Scope=
PropIndex=3
</ListProperty>
insert into Table_ListProperty(objid,name,TableName,PropertyString, PropertyValue,Scope,PropIndex,ListProperty2Object,ListProperty2Attribute,GroupUser,GenUser,GenDate)values('0FF1F64839C11155E050B90A2793515E','Ratings','CourseFeedback','Good','Good','',3,'0FD1C2106845B48BE050B90A27930909','0FD1C210684AB48BE050B90A27930909','sa','sa',sysdate)
<ListProperty>
Object=CourseFeedback
Attribute=Ratings
PropertyString=Fair
PropertyValue=Fair
Scope=
PropIndex=4
</ListProperty>
insert into Table_ListProperty(objid,name,TableName,PropertyString, PropertyValue,Scope,PropIndex,ListProperty2Object,ListProperty2Attribute,GroupUser,GenUser,GenDate)values('0FF1F64839C21155E050B90A2793515E','Ratings','CourseFeedback','Fair','Fair','',4,'0FD1C2106845B48BE050B90A27930909','0FD1C210684AB48BE050B90A27930909','sa','sa',sysdate)
<ListProperty>
Object=CourseFeedback
Attribute=Ratings
PropertyString=Poor
PropertyValue=Poor
Scope=
PropIndex=5
</ListProperty>
insert into Table_ListProperty(objid,name,TableName,PropertyString, PropertyValue,Scope,PropIndex,ListProperty2Object,ListProperty2Attribute,GroupUser,GenUser,GenDate)values('0FF1F64839C31155E050B90A2793515E','Ratings','CourseFeedback','Poor','Poor','',5,'0FD1C2106845B48BE050B90A27930909','0FD1C210684AB48BE050B90A27930909','sa','sa',sysdate)
<ListProperty>
Object=BookCourse
Attribute=Status
PropertyString=Not Paid
PropertyValue=Not Paid
Scope=
PropIndex=1
</ListProperty>
insert into Table_ListProperty(objid,name,TableName,PropertyString, PropertyValue,Scope,PropIndex,ListProperty2Object,ListProperty2Attribute,GroupUser,GenUser,GenDate)values('0FF1F64839C41155E050B90A2793515E','Status','BookCourse','Not Paid','Not Paid','',1,'0FD8FC862ECE7033E050B90A27931A33','0FD8FC862ED37033E050B90A27931A33','sa','sa',sysdate)
<ListProperty>
Object=BookCourse
Attribute=Status
PropertyString=Paid
PropertyValue=Paid
Scope=
PropIndex=2
</ListProperty>
insert into Table_ListProperty(objid,name,TableName,PropertyString, PropertyValue,Scope,PropIndex,ListProperty2Object,ListProperty2Attribute,GroupUser,GenUser,GenDate)values('0FF1F64839C51155E050B90A2793515E','Status','BookCourse','Paid','Paid','',2,'0FD8FC862ECE7033E050B90A27931A33','0FD8FC862ED37033E050B90A27931A33','sa','sa',sysdate)
<ListProperty>
Object=BookCourse
Attribute=Status
PropertyString=Started
PropertyValue=Started
Scope=
PropIndex=3
</ListProperty>
insert into Table_ListProperty(objid,name,TableName,PropertyString, PropertyValue,Scope,PropIndex,ListProperty2Object,ListProperty2Attribute,GroupUser,GenUser,GenDate)values('0FF1F64839C61155E050B90A2793515E','Status','BookCourse','Started','Started','',3,'0FD8FC862ECE7033E050B90A27931A33','0FD8FC862ED37033E050B90A27931A33','sa','sa',sysdate)
<ListProperty>
Object=BookCourse
Attribute=Status
PropertyString=Completed
PropertyValue=Completed
Scope=
PropIndex=4
</ListProperty>
insert into Table_ListProperty(objid,name,TableName,PropertyString, PropertyValue,Scope,PropIndex,ListProperty2Object,ListProperty2Attribute,GroupUser,GenUser,GenDate)values('0FF1F64839C71155E050B90A2793515E','Status','BookCourse','Completed','Completed','',4,'0FD8FC862ECE7033E050B90A27931A33','0FD8FC862ED37033E050B90A27931A33','sa','sa',sysdate)
<ListProperty>
Object=BookCourse
Attribute=Status
PropertyString=Postponed
PropertyValue=Postponed
Scope=
PropIndex=5
</ListProperty>
insert into Table_ListProperty(objid,name,TableName,PropertyString, PropertyValue,Scope,PropIndex,ListProperty2Object,ListProperty2Attribute,GroupUser,GenUser,GenDate)values('0FF1F64839C81155E050B90A2793515E','Status','BookCourse','Postponed','Postponed','',5,'0FD8FC862ECE7033E050B90A27931A33','0FD8FC862ED37033E050B90A27931A33','sa','sa',sysdate)
<ListProperty>
Object=BookCourse
Attribute=Status
PropertyString=Prodaccess
PropertyValue=Prodaccess
Scope=
PropIndex=5
</ListProperty>
insert into Table_ListProperty(objid,name,TableName,PropertyString, PropertyValue,Scope,PropIndex,ListProperty2Object,ListProperty2Attribute,GroupUser,GenUser,GenDate)values('0FF1F64839C91155E050B90A2793515E','Status','BookCourse','Prodaccess','Prodaccess','',5,'0FD8FC862ECE7033E050B90A27931A33','0FD8FC862ED37033E050B90A27931A33','sa','sa',sysdate)
<ListProperty>
Object=Training
Attribute=Type
PropertyString=Remote
PropertyValue=1
Scope=
PropIndex=1
</ListProperty>
insert into Table_ListProperty(objid,name,TableName,PropertyString, PropertyValue,Scope,PropIndex,ListProperty2Object,ListProperty2Attribute,GroupUser,GenUser,GenDate)values('0FF1F64839CA1155E050B90A2793515E','Type','Training','Remote','1','',1,'0FEEC6715D20A67AE050B90A27934A9B','0FEEC6715D29A67AE050B90A27934A9B','sa','sa',sysdate)
<ListProperty>
Object=Training
Attribute=Type
PropertyString=On-Site
PropertyValue=0
Scope=
PropIndex=2
</ListProperty>
insert into Table_ListProperty(objid,name,TableName,PropertyString, PropertyValue,Scope,PropIndex,ListProperty2Object,ListProperty2Attribute,GroupUser,GenUser,GenDate)values('0FF1F64839CB1155E050B90A2793515E','Type','Training','On-Site','0','',2,'0FEEC6715D20A67AE050B90A27934A9B','0FEEC6715D29A67AE050B90A27934A9B','sa','sa',sysdate)
<ListProperty>
Object=Training
Attribute=Status
PropertyString=Open
PropertyValue=Open
Scope=
PropIndex=1
</ListProperty>
insert into Table_ListProperty(objid,name,TableName,PropertyString, PropertyValue,Scope,PropIndex,ListProperty2Object,ListProperty2Attribute,GroupUser,GenUser,GenDate)values('0FF1F64839CC1155E050B90A2793515E','Status','Training','Open','Open','',1,'0FEEC6715D20A67AE050B90A27934A9B','0FEEC6715D2AA67AE050B90A27934A9B','sa','sa',sysdate)
<ListProperty>
Object=Training
Attribute=Status
PropertyString=Started
PropertyValue=Started
Scope=
PropIndex=2
</ListProperty>
insert into Table_ListProperty(objid,name,TableName,PropertyString, PropertyValue,Scope,PropIndex,ListProperty2Object,ListProperty2Attribute,GroupUser,GenUser,GenDate)values('0FF1F64839CD1155E050B90A2793515E','Status','Training','Started','Started','',2,'0FEEC6715D20A67AE050B90A27934A9B','0FEEC6715D2AA67AE050B90A27934A9B','sa','sa',sysdate)
<ListProperty>
Object=Training
Attribute=Status
PropertyString=Postponed
PropertyValue=Postponed
Scope=
PropIndex=3
</ListProperty>
insert into Table_ListProperty(objid,name,TableName,PropertyString, PropertyValue,Scope,PropIndex,ListProperty2Object,ListProperty2Attribute,GroupUser,GenUser,GenDate)values('0FF1F64839CE1155E050B90A2793515E','Status','Training','Postponed','Postponed','',3,'0FEEC6715D20A67AE050B90A27934A9B','0FEEC6715D2AA67AE050B90A27934A9B','sa','sa',sysdate)
<ListProperty>
Object=Training
Attribute=Status
PropertyString=Prodaccess
PropertyValue=Prodaccess
Scope=
PropIndex=4
</ListProperty>
insert into Table_ListProperty(objid,name,TableName,PropertyString, PropertyValue,Scope,PropIndex,ListProperty2Object,ListProperty2Attribute,GroupUser,GenUser,GenDate)values('0FF1F64839CF1155E050B90A2793515E','Status','Training','Prodaccess','Prodaccess','',4,'0FEEC6715D20A67AE050B90A27934A9B','0FEEC6715D2AA67AE050B90A27934A9B','sa','sa',sysdate)
<ListProperty>
Object=Training
Attribute=Status
PropertyString=Completed
PropertyValue=Completed
Scope=
PropIndex=5
</ListProperty>
insert into Table_ListProperty(objid,name,TableName,PropertyString, PropertyValue,Scope,PropIndex,ListProperty2Object,ListProperty2Attribute,GroupUser,GenUser,GenDate)values('0FF1F64839D01155E050B90A2793515E','Status','Training','Completed','Completed','',5,'0FEEC6715D20A67AE050B90A27934A9B','0FEEC6715D2AA67AE050B90A27934A9B','sa','sa',sysdate)
<ListProperty>
Object=PrivilegeGroup
Attribute=Status
PropertyString=Active
PropertyValue=1
Scope=
PropIndex=1
</ListProperty>
insert into Table_ListProperty(objid,name,TableName,PropertyString, PropertyValue,Scope,PropIndex,ListProperty2Object,ListProperty2Attribute,GroupUser,GenUser,GenDate)values('0FF1F64839D11155E050B90A2793515E','Status','PrivilegeGroup','Active','1','',1,'0F66547AEBA4B344E050B90A27937838','0F66547AEBA7B344E050B90A27937838','sa','sa',sysdate)
<ListProperty>
Object=PrivilegeGroup
Attribute=Status
PropertyString=In Active
PropertyValue=0
Scope=
PropIndex=2
</ListProperty>
insert into Table_ListProperty(objid,name,TableName,PropertyString, PropertyValue,Scope,PropIndex,ListProperty2Object,ListProperty2Attribute,GroupUser,GenUser,GenDate)values('0FF1F64839D21155E050B90A2793515E','Status','PrivilegeGroup','In Active','0','',2,'0F66547AEBA4B344E050B90A27937838','0F66547AEBA7B344E050B90A27937838','sa','sa',sysdate)
<ListProperty>
Object=MyBug
Attribute=Priority
PropertyString=Priority-0
PropertyValue=Priority-0
Scope=
PropIndex=1
</ListProperty>
insert into Table_ListProperty(objid,name,TableName,PropertyString, PropertyValue,Scope,PropIndex,ListProperty2Object,ListProperty2Attribute,GroupUser,GenUser,GenDate)values('0FF1F64839D31155E050B90A2793515E','Priority','MyBug','Priority-0','Priority-0','',1,'0F954CF4A15915B9E050B90A27936C92','0F954CF4A16015B9E050B90A27936C92','sa','sa',sysdate)
<ListProperty>
Object=MyBug
Attribute=Priority
PropertyString=Priority-1
PropertyValue=Priority-1
Scope=
PropIndex=2
</ListProperty>
insert into Table_ListProperty(objid,name,TableName,PropertyString, PropertyValue,Scope,PropIndex,ListProperty2Object,ListProperty2Attribute,GroupUser,GenUser,GenDate)values('0FF1F64839D41155E050B90A2793515E','Priority','MyBug','Priority-1','Priority-1','',2,'0F954CF4A15915B9E050B90A27936C92','0F954CF4A16015B9E050B90A27936C92','sa','sa',sysdate)
<ListProperty>
Object=MyBug
Attribute=Priority
PropertyString=Priority-2
PropertyValue=Priority-2
Scope=
PropIndex=3
</ListProperty>
insert into Table_ListProperty(objid,name,TableName,PropertyString, PropertyValue,Scope,PropIndex,ListProperty2Object,ListProperty2Attribute,GroupUser,GenUser,GenDate)values('0FF1F64839D51155E050B90A2793515E','Priority','MyBug','Priority-2','Priority-2','',3,'0F954CF4A15915B9E050B90A27936C92','0F954CF4A16015B9E050B90A27936C92','sa','sa',sysdate)
<ListProperty>
Object=MyBug
Attribute=Priority
PropertyString=Priority-3
PropertyValue=Priority-3
Scope=
PropIndex=4
</ListProperty>
insert into Table_ListProperty(objid,name,TableName,PropertyString, PropertyValue,Scope,PropIndex,ListProperty2Object,ListProperty2Attribute,GroupUser,GenUser,GenDate)values('0FF1F64839D61155E050B90A2793515E','Priority','MyBug','Priority-3','Priority-3','',4,'0F954CF4A15915B9E050B90A27936C92','0F954CF4A16015B9E050B90A27936C92','sa','sa',sysdate)
<ListProperty>
Object=MyBug
Attribute=Severity
PropertyString=Critical
PropertyValue=Critical
Scope=
PropIndex=1
</ListProperty>
insert into Table_ListProperty(objid,name,TableName,PropertyString, PropertyValue,Scope,PropIndex,ListProperty2Object,ListProperty2Attribute,GroupUser,GenUser,GenDate)values('0FF1F64839D71155E050B90A2793515E','Severity','MyBug','Critical','Critical','',1,'0F954CF4A15915B9E050B90A27936C92','0F954CF4A16115B9E050B90A27936C92','sa','sa',sysdate)
<ListProperty>
Object=MyBug
Attribute=Severity
PropertyString=Severity-1
PropertyValue=Severity-1
Scope=
PropIndex=2
</ListProperty>
insert into Table_ListProperty(objid,name,TableName,PropertyString, PropertyValue,Scope,PropIndex,ListProperty2Object,ListProperty2Attribute,GroupUser,GenUser,GenDate)values('0FF1F64839D81155E050B90A2793515E','Severity','MyBug','Severity-1','Severity-1','',2,'0F954CF4A15915B9E050B90A27936C92','0F954CF4A16115B9E050B90A27936C92','sa','sa',sysdate)
<ListProperty>
Object=MyBug
Attribute=Severity
PropertyString=Severity-2
PropertyValue=Severity-2
Scope=
PropIndex=3
</ListProperty>
insert into Table_ListProperty(objid,name,TableName,PropertyString, PropertyValue,Scope,PropIndex,ListProperty2Object,ListProperty2Attribute,GroupUser,GenUser,GenDate)values('0FF1F64839D91155E050B90A2793515E','Severity','MyBug','Severity-2','Severity-2','',3,'0F954CF4A15915B9E050B90A27936C92','0F954CF4A16115B9E050B90A27936C92','sa','sa',sysdate)
<ListProperty>
Object=MyBug
Attribute=Severity
PropertyString=Severity-3
PropertyValue=Severity-3
Scope=
PropIndex=4
</ListProperty>
insert into Table_ListProperty(objid,name,TableName,PropertyString, PropertyValue,Scope,PropIndex,ListProperty2Object,ListProperty2Attribute,GroupUser,GenUser,GenDate)values('0FF1F64839DA1155E050B90A2793515E','Severity','MyBug','Severity-3','Severity-3','',4,'0F954CF4A15915B9E050B90A27936C92','0F954CF4A16115B9E050B90A27936C92','sa','sa',sysdate)
<ListProperty>
Object=MyBug
Attribute=Type
PropertyString=Functional
PropertyValue=Functional
Scope=
PropIndex=1
</ListProperty>
insert into Table_ListProperty(objid,name,TableName,PropertyString, PropertyValue,Scope,PropIndex,ListProperty2Object,ListProperty2Attribute,GroupUser,GenUser,GenDate)values('0FF1F64839DB1155E050B90A2793515E','Type','MyBug','Functional','Functional','',1,'0F954CF4A15915B9E050B90A27936C92','0F954CF4A15F15B9E050B90A27936C92','sa','sa',sysdate)
<ListProperty>
Object=MyBug
Attribute=Type
PropertyString=Production
PropertyValue=Production
Scope=
PropIndex=2
</ListProperty>
insert into Table_ListProperty(objid,name,TableName,PropertyString, PropertyValue,Scope,PropIndex,ListProperty2Object,ListProperty2Attribute,GroupUser,GenUser,GenDate)values('0FF1F64839DC1155E050B90A2793515E','Type','MyBug','Production','Production','',2,'0F954CF4A15915B9E050B90A27936C92','0F954CF4A15F15B9E050B90A27936C92','sa','sa',sysdate)
<ListProperty>
Object=MyBug
Attribute=Type
PropertyString=Regression
PropertyValue=Regression
Scope=
PropIndex=3
</ListProperty>
insert into Table_ListProperty(objid,name,TableName,PropertyString, PropertyValue,Scope,PropIndex,ListProperty2Object,ListProperty2Attribute,GroupUser,GenUser,GenDate)values('0FF1F64839DD1155E050B90A2793515E','Type','MyBug','Regression','Regression','',3,'0F954CF4A15915B9E050B90A27936C92','0F954CF4A15F15B9E050B90A27936C92','sa','sa',sysdate)
<ListProperty>
Object=MyBug
Attribute=Type
PropertyString=Other
PropertyValue=Other
Scope=
PropIndex=4
</ListProperty>
insert into Table_ListProperty(objid,name,TableName,PropertyString, PropertyValue,Scope,PropIndex,ListProperty2Object,ListProperty2Attribute,GroupUser,GenUser,GenDate)values('0FF1F64839DE1155E050B90A2793515E','Type','MyBug','Other','Other','',4,'0F954CF4A15915B9E050B90A27936C92','0F954CF4A15F15B9E050B90A27936C92','sa','sa',sysdate)
<ListProperty>
Object=MyBug
Attribute=Status
PropertyString=Open
PropertyValue=Open
Scope=
PropIndex=1
</ListProperty>
insert into Table_ListProperty(objid,name,TableName,PropertyString, PropertyValue,Scope,PropIndex,ListProperty2Object,ListProperty2Attribute,GroupUser,GenUser,GenDate)values('0FF1F64839DF1155E050B90A2793515E','Status','MyBug','Open','Open','',1,'0F954CF4A15915B9E050B90A27936C92','0F954CF4A15C15B9E050B90A27936C92','sa','sa',sysdate)
<ListProperty>
Object=MyBug
Attribute=Status
PropertyString=Resolved
PropertyValue=Resolved
Scope=
PropIndex=2
</ListProperty>
insert into Table_ListProperty(objid,name,TableName,PropertyString, PropertyValue,Scope,PropIndex,ListProperty2Object,ListProperty2Attribute,GroupUser,GenUser,GenDate)values('0FF1F64839E01155E050B90A2793515E','Status','MyBug','Resolved','Resolved','',2,'0F954CF4A15915B9E050B90A27936C92','0F954CF4A15C15B9E050B90A27936C92','sa','sa',sysdate)
<ListProperty>
Object=MyBug
Attribute=Status
PropertyString=Pending
PropertyValue=Pending
Scope=
PropIndex=3
</ListProperty>
insert into Table_ListProperty(objid,name,TableName,PropertyString, PropertyValue,Scope,PropIndex,ListProperty2Object,ListProperty2Attribute,GroupUser,GenUser,GenDate)values('0FF1F64839E11155E050B90A2793515E','Status','MyBug','Pending','Pending','',3,'0F954CF4A15915B9E050B90A27936C92','0F954CF4A15C15B9E050B90A27936C92','sa','sa',sysdate)
<ListProperty>
Object=MyBug
Attribute=Status
PropertyString=Investigating
PropertyValue=Investigating
Scope=
PropIndex=4
</ListProperty>
insert into Table_ListProperty(objid,name,TableName,PropertyString, PropertyValue,Scope,PropIndex,ListProperty2Object,ListProperty2Attribute,GroupUser,GenUser,GenDate)values('0FF1F64839E21155E050B90A2793515E','Status','MyBug','Investigating','Investigating','',4,'0F954CF4A15915B9E050B90A27936C92','0F954CF4A15C15B9E050B90A27936C92','sa','sa',sysdate)
<ListProperty>
Object=MyBug
Attribute=Status
PropertyString=Deferred
PropertyValue=Deferred
Scope=
PropIndex=5
</ListProperty>
insert into Table_ListProperty(objid,name,TableName,PropertyString, PropertyValue,Scope,PropIndex,ListProperty2Object,ListProperty2Attribute,GroupUser,GenUser,GenDate)values('0FF1F64839E31155E050B90A2793515E','Status','MyBug','Deferred','Deferred','',5,'0F954CF4A15915B9E050B90A27936C92','0F954CF4A15C15B9E050B90A27936C92','sa','sa',sysdate)
<ListProperty>
Object=MyBug
Attribute=Status
PropertyString=Closed
PropertyValue=Closed
Scope=
PropIndex=6
</ListProperty>
insert into Table_ListProperty(objid,name,TableName,PropertyString, PropertyValue,Scope,PropIndex,ListProperty2Object,ListProperty2Attribute,GroupUser,GenUser,GenDate)values('0FF1F64839E41155E050B90A2793515E','Status','MyBug','Closed','Closed','',6,'0F954CF4A15915B9E050B90A27936C92','0F954CF4A15C15B9E050B90A27936C92','sa','sa',sysdate)
<ListProperty>
Object=Bug
Attribute=Priority
PropertyString=Priority-0
PropertyValue=Priority-0
Scope=
PropIndex=1
</ListProperty>
insert into Table_ListProperty(objid,name,TableName,PropertyString, PropertyValue,Scope,PropIndex,ListProperty2Object,ListProperty2Attribute,GroupUser,GenUser,GenDate)values('0FF1F64839E51155E050B90A2793515E','Priority','Bug','Priority-0','Priority-0','',1,'0F9552ED65B5F921E050B90A27936CA2','0F9552ED65BCF921E050B90A27936CA2','sa','sa',sysdate)
<ListProperty>
Object=Bug
Attribute=Priority
PropertyString=Priority-1
PropertyValue=Priority-1
Scope=
PropIndex=2
</ListProperty>
insert into Table_ListProperty(objid,name,TableName,PropertyString, PropertyValue,Scope,PropIndex,ListProperty2Object,ListProperty2Attribute,GroupUser,GenUser,GenDate)values('0FF1F64839E61155E050B90A2793515E','Priority','Bug','Priority-1','Priority-1','',2,'0F9552ED65B5F921E050B90A27936CA2','0F9552ED65BCF921E050B90A27936CA2','sa','sa',sysdate)
<ListProperty>
Object=Bug
Attribute=Priority
PropertyString=Priority-2
PropertyValue=Priority-2
Scope=
PropIndex=3
</ListProperty>
insert into Table_ListProperty(objid,name,TableName,PropertyString, PropertyValue,Scope,PropIndex,ListProperty2Object,ListProperty2Attribute,GroupUser,GenUser,GenDate)values('0FF1F64839E71155E050B90A2793515E','Priority','Bug','Priority-2','Priority-2','',3,'0F9552ED65B5F921E050B90A27936CA2','0F9552ED65BCF921E050B90A27936CA2','sa','sa',sysdate)
<ListProperty>
Object=Bug
Attribute=Priority
PropertyString=Priority-3
PropertyValue=Priority-3
Scope=
PropIndex=4
</ListProperty>
insert into Table_ListProperty(objid,name,TableName,PropertyString, PropertyValue,Scope,PropIndex,ListProperty2Object,ListProperty2Attribute,GroupUser,GenUser,GenDate)values('0FF1F64839E81155E050B90A2793515E','Priority','Bug','Priority-3','Priority-3','',4,'0F9552ED65B5F921E050B90A27936CA2','0F9552ED65BCF921E050B90A27936CA2','sa','sa',sysdate)
<ListProperty>
Object=Bug
Attribute=Severity
PropertyString=Critical
PropertyValue=Critical
Scope=
PropIndex=1
</ListProperty>
insert into Table_ListProperty(objid,name,TableName,PropertyString, PropertyValue,Scope,PropIndex,ListProperty2Object,ListProperty2Attribute,GroupUser,GenUser,GenDate)values('0FF1F64839E91155E050B90A2793515E','Severity','Bug','Critical','Critical','',1,'0F9552ED65B5F921E050B90A27936CA2','0F9552ED65BDF921E050B90A27936CA2','sa','sa',sysdate)
<ListProperty>
Object=Bug
Attribute=Severity
PropertyString=Severity-1
PropertyValue=Severity-1
Scope=
PropIndex=2
</ListProperty>
insert into Table_ListProperty(objid,name,TableName,PropertyString, PropertyValue,Scope,PropIndex,ListProperty2Object,ListProperty2Attribute,GroupUser,GenUser,GenDate)values('0FF1F64839EA1155E050B90A2793515E','Severity','Bug','Severity-1','Severity-1','',2,'0F9552ED65B5F921E050B90A27936CA2','0F9552ED65BDF921E050B90A27936CA2','sa','sa',sysdate)
<ListProperty>
Object=Bug
Attribute=Severity
PropertyString=Severity-2
PropertyValue=Severity-2
Scope=
PropIndex=3
</ListProperty>
insert into Table_ListProperty(objid,name,TableName,PropertyString, PropertyValue,Scope,PropIndex,ListProperty2Object,ListProperty2Attribute,GroupUser,GenUser,GenDate)values('0FF1F64839EB1155E050B90A2793515E','Severity','Bug','Severity-2','Severity-2','',3,'0F9552ED65B5F921E050B90A27936CA2','0F9552ED65BDF921E050B90A27936CA2','sa','sa',sysdate)
<ListProperty>
Object=Bug
Attribute=Severity
PropertyString=Severity-3
PropertyValue=Severity-3
Scope=
PropIndex=4
</ListProperty>
insert into Table_ListProperty(objid,name,TableName,PropertyString, PropertyValue,Scope,PropIndex,ListProperty2Object,ListProperty2Attribute,GroupUser,GenUser,GenDate)values('0FF1F64839EC1155E050B90A2793515E','Severity','Bug','Severity-3','Severity-3','',4,'0F9552ED65B5F921E050B90A27936CA2','0F9552ED65BDF921E050B90A27936CA2','sa','sa',sysdate)
<ListProperty>
Object=Bug
Attribute=Type
PropertyString=Functional
PropertyValue=Functional
Scope=
PropIndex=1
</ListProperty>
insert into Table_ListProperty(objid,name,TableName,PropertyString, PropertyValue,Scope,PropIndex,ListProperty2Object,ListProperty2Attribute,GroupUser,GenUser,GenDate)values('0FF1F64839ED1155E050B90A2793515E','Type','Bug','Functional','Functional','',1,'0F9552ED65B5F921E050B90A27936CA2','0F9552ED65BBF921E050B90A27936CA2','sa','sa',sysdate)
<ListProperty>
Object=Bug
Attribute=Type
PropertyString=Production
PropertyValue=Production
Scope=
PropIndex=2
</ListProperty>
insert into Table_ListProperty(objid,name,TableName,PropertyString, PropertyValue,Scope,PropIndex,ListProperty2Object,ListProperty2Attribute,GroupUser,GenUser,GenDate)values('0FF1F64839EE1155E050B90A2793515E','Type','Bug','Production','Production','',2,'0F9552ED65B5F921E050B90A27936CA2','0F9552ED65BBF921E050B90A27936CA2','sa','sa',sysdate)
<ListProperty>
Object=Bug
Attribute=Type
PropertyString=Regression
PropertyValue=Regression
Scope=
PropIndex=3
</ListProperty>
insert into Table_ListProperty(objid,name,TableName,PropertyString, PropertyValue,Scope,PropIndex,ListProperty2Object,ListProperty2Attribute,GroupUser,GenUser,GenDate)values('0FF1F64839EF1155E050B90A2793515E','Type','Bug','Regression','Regression','',3,'0F9552ED65B5F921E050B90A27936CA2','0F9552ED65BBF921E050B90A27936CA2','sa','sa',sysdate)
<ListProperty>
Object=Bug
Attribute=Type
PropertyString=Other
PropertyValue=Other
Scope=
PropIndex=4
</ListProperty>
insert into Table_ListProperty(objid,name,TableName,PropertyString, PropertyValue,Scope,PropIndex,ListProperty2Object,ListProperty2Attribute,GroupUser,GenUser,GenDate)values('0FF1F64839F01155E050B90A2793515E','Type','Bug','Other','Other','',4,'0F9552ED65B5F921E050B90A27936CA2','0F9552ED65BBF921E050B90A27936CA2','sa','sa',sysdate)
<ListProperty>
Object=Bug
Attribute=Status
PropertyString=Open
PropertyValue=Open
Scope=
PropIndex=1
</ListProperty>
insert into Table_ListProperty(objid,name,TableName,PropertyString, PropertyValue,Scope,PropIndex,ListProperty2Object,ListProperty2Attribute,GroupUser,GenUser,GenDate)values('0FF1F64839F11155E050B90A2793515E','Status','Bug','Open','Open','',1,'0F9552ED65B5F921E050B90A27936CA2','0F9552ED65B8F921E050B90A27936CA2','sa','sa',sysdate)
<ListProperty>
Object=Bug
Attribute=Status
PropertyString=Resolved
PropertyValue=Resolved
Scope=
PropIndex=2
</ListProperty>
insert into Table_ListProperty(objid,name,TableName,PropertyString, PropertyValue,Scope,PropIndex,ListProperty2Object,ListProperty2Attribute,GroupUser,GenUser,GenDate)values('0FF1F64839F21155E050B90A2793515E','Status','Bug','Resolved','Resolved','',2,'0F9552ED65B5F921E050B90A27936CA2','0F9552ED65B8F921E050B90A27936CA2','sa','sa',sysdate)
<ListProperty>
Object=Bug
Attribute=Status
PropertyString=Pending
PropertyValue=Pending
Scope=
PropIndex=3
</ListProperty>
insert into Table_ListProperty(objid,name,TableName,PropertyString, PropertyValue,Scope,PropIndex,ListProperty2Object,ListProperty2Attribute,GroupUser,GenUser,GenDate)values('0FF1F64839F31155E050B90A2793515E','Status','Bug','Pending','Pending','',3,'0F9552ED65B5F921E050B90A27936CA2','0F9552ED65B8F921E050B90A27936CA2','sa','sa',sysdate)
<ListProperty>
Object=Bug
Attribute=Status
PropertyString=Investigating
PropertyValue=Investigating
Scope=
PropIndex=4
</ListProperty>
insert into Table_ListProperty(objid,name,TableName,PropertyString, PropertyValue,Scope,PropIndex,ListProperty2Object,ListProperty2Attribute,GroupUser,GenUser,GenDate)values('0FF1F64839F41155E050B90A2793515E','Status','Bug','Investigating','Investigating','',4,'0F9552ED65B5F921E050B90A27936CA2','0F9552ED65B8F921E050B90A27936CA2','sa','sa',sysdate)
<ListProperty>
Object=Bug
Attribute=Status
PropertyString=Deferred
PropertyValue=Deferred
Scope=
PropIndex=5
</ListProperty>
insert into Table_ListProperty(objid,name,TableName,PropertyString, PropertyValue,Scope,PropIndex,ListProperty2Object,ListProperty2Attribute,GroupUser,GenUser,GenDate)values('0FF1F64839F51155E050B90A2793515E','Status','Bug','Deferred','Deferred','',5,'0F9552ED65B5F921E050B90A27936CA2','0F9552ED65B8F921E050B90A27936CA2','sa','sa',sysdate)
<ListProperty>
Object=Bug
Attribute=Status
PropertyString=Closed
PropertyValue=Closed
Scope=
PropIndex=6
</ListProperty>
insert into Table_ListProperty(objid,name,TableName,PropertyString, PropertyValue,Scope,PropIndex,ListProperty2Object,ListProperty2Attribute,GroupUser,GenUser,GenDate)values('0FF1F64839F61155E050B90A2793515E','Status','Bug','Closed','Closed','',6,'0F9552ED65B5F921E050B90A27936CA2','0F9552ED65B8F921E050B90A27936CA2','sa','sa',sysdate)
<ListProperty>
Object=Module
Attribute=Name
PropertyString=Product
PropertyValue=product
Scope=
PropIndex=1
</ListProperty>
insert into Table_ListProperty(objid,name,TableName,PropertyString, PropertyValue,Scope,PropIndex,ListProperty2Object,ListProperty2Attribute,GroupUser,GenUser,GenDate)values('0FF1F64839F71155E050B90A2793515E','Name','Module','Product','product','',1,'0F8A5F2B2A2FA1A8E050B90A27934F1E','0F8A5F2B2A30A1A8E050B90A27934F1E','sa','sa',sysdate)
<ListProperty>
Object=Module
Attribute=Name
PropertyString=Projects
PropertyValue=project
Scope=
PropIndex=2
</ListProperty>
insert into Table_ListProperty(objid,name,TableName,PropertyString, PropertyValue,Scope,PropIndex,ListProperty2Object,ListProperty2Attribute,GroupUser,GenUser,GenDate)values('0FF1F64839F81155E050B90A2793515E','Name','Module','Projects','project','',2,'0F8A5F2B2A2FA1A8E050B90A27934F1E','0F8A5F2B2A30A1A8E050B90A27934F1E','sa','sa',sysdate)
<ListProperty>
Object=Module
Attribute=Name
PropertyString=Feature
PropertyValue=projectfeature
Scope=
PropIndex=3
</ListProperty>
insert into Table_ListProperty(objid,name,TableName,PropertyString, PropertyValue,Scope,PropIndex,ListProperty2Object,ListProperty2Attribute,GroupUser,GenUser,GenDate)values('0FF1F64839F91155E050B90A2793515E','Name','Module','Feature','projectfeature','',3,'0F8A5F2B2A2FA1A8E050B90A27934F1E','0F8A5F2B2A30A1A8E050B90A27934F1E','sa','sa',sysdate)
<ListProperty>
Object=Module
Attribute=Name
PropertyString=Scenerio
PropertyValue=projectscenerio
Scope=
PropIndex=4
</ListProperty>
insert into Table_ListProperty(objid,name,TableName,PropertyString, PropertyValue,Scope,PropIndex,ListProperty2Object,ListProperty2Attribute,GroupUser,GenUser,GenDate)values('0FF1F64839FA1155E050B90A2793515E','Name','Module','Scenerio','projectscenerio','',4,'0F8A5F2B2A2FA1A8E050B90A27934F1E','0F8A5F2B2A30A1A8E050B90A27934F1E','sa','sa',sysdate)
<ListProperty>
Object=Module
Attribute=Name
PropertyString=Test matrix
PropertyValue=projectmatrix
Scope=
PropIndex=5
</ListProperty>
insert into Table_ListProperty(objid,name,TableName,PropertyString, PropertyValue,Scope,PropIndex,ListProperty2Object,ListProperty2Attribute,GroupUser,GenUser,GenDate)values('0FF1F64839FB1155E050B90A2793515E','Name','Module','Test matrix','projectmatrix','',5,'0F8A5F2B2A2FA1A8E050B90A27934F1E','0F8A5F2B2A30A1A8E050B90A27934F1E','sa','sa',sysdate)
<ListProperty>
Object=Module
Attribute=Name
PropertyString=Testrun
PropertyValue=testrun
Scope=
PropIndex=6
</ListProperty>
insert into Table_ListProperty(objid,name,TableName,PropertyString, PropertyValue,Scope,PropIndex,ListProperty2Object,ListProperty2Attribute,GroupUser,GenUser,GenDate)values('0FF1F64839FC1155E050B90A2793515E','Name','Module','Testrun','testrun','',6,'0F8A5F2B2A2FA1A8E050B90A27934F1E','0F8A5F2B2A30A1A8E050B90A27934F1E','sa','sa',sysdate)
<ListProperty>
Object=Module
Attribute=Name
PropertyString=Feature Run
PropertyValue=featurerun
Scope=
PropIndex=7
</ListProperty>
insert into Table_ListProperty(objid,name,TableName,PropertyString, PropertyValue,Scope,PropIndex,ListProperty2Object,ListProperty2Attribute,GroupUser,GenUser,GenDate)values('0FF1F64839FD1155E050B90A2793515E','Name','Module','Feature Run','featurerun','',7,'0F8A5F2B2A2FA1A8E050B90A27934F1E','0F8A5F2B2A30A1A8E050B90A27934F1E','sa','sa',sysdate)
<ListProperty>
Object=Module
Attribute=Name
PropertyString=Scenerio Run
PropertyValue=testscenerio
Scope=
PropIndex=8
</ListProperty>
insert into Table_ListProperty(objid,name,TableName,PropertyString, PropertyValue,Scope,PropIndex,ListProperty2Object,ListProperty2Attribute,GroupUser,GenUser,GenDate)values('0FF1F64839FE1155E050B90A2793515E','Name','Module','Scenerio Run','testscenerio','',8,'0F8A5F2B2A2FA1A8E050B90A27934F1E','0F8A5F2B2A30A1A8E050B90A27934F1E','sa','sa',sysdate)
<ListProperty>
Object=Module
Attribute=Name
PropertyString=Bugs
PropertyValue=bug
Scope=
PropIndex=9
</ListProperty>
insert into Table_ListProperty(objid,name,TableName,PropertyString, PropertyValue,Scope,PropIndex,ListProperty2Object,ListProperty2Attribute,GroupUser,GenUser,GenDate)values('0FF1F64839FF1155E050B90A2793515E','Name','Module','Bugs','bug','',9,'0F8A5F2B2A2FA1A8E050B90A27934F1E','0F8A5F2B2A30A1A8E050B90A27934F1E','sa','sa',sysdate)
<ListProperty>
Object=Module
Attribute=Name
PropertyString=Boards
PropertyValue=projectboard
Scope=
PropIndex=10
</ListProperty>
insert into Table_ListProperty(objid,name,TableName,PropertyString, PropertyValue,Scope,PropIndex,ListProperty2Object,ListProperty2Attribute,GroupUser,GenUser,GenDate)values('0FF1F6483A001155E050B90A2793515E','Name','Module','Boards','projectboard','',10,'0F8A5F2B2A2FA1A8E050B90A27934F1E','0F8A5F2B2A30A1A8E050B90A27934F1E','sa','sa',sysdate)
<ListProperty>
Object=Module
Attribute=Name
PropertyString=Timesheet
PropertyValue=weeksheet
Scope=
PropIndex=10
</ListProperty>
insert into Table_ListProperty(objid,name,TableName,PropertyString, PropertyValue,Scope,PropIndex,ListProperty2Object,ListProperty2Attribute,GroupUser,GenUser,GenDate)values('0FF1F6483A011155E050B90A2793515E','Name','Module','Timesheet','weeksheet','',10,'0F8A5F2B2A2FA1A8E050B90A27934F1E','0F8A5F2B2A30A1A8E050B90A27934F1E','sa','sa',sysdate)
<ListProperty>
Object=Module
Attribute=Name
PropertyString=Users
PropertyValue=testuser
Scope=
PropIndex=11
</ListProperty>
insert into Table_ListProperty(objid,name,TableName,PropertyString, PropertyValue,Scope,PropIndex,ListProperty2Object,ListProperty2Attribute,GroupUser,GenUser,GenDate)values('0FF1F6483A021155E050B90A2793515E','Name','Module','Users','testuser','',11,'0F8A5F2B2A2FA1A8E050B90A27934F1E','0F8A5F2B2A30A1A8E050B90A27934F1E','sa','sa',sysdate)
<ListProperty>
Object=Module
Attribute=Name
PropertyString=Company
PropertyValue=company
Scope=
PropIndex=12
</ListProperty>
insert into Table_ListProperty(objid,name,TableName,PropertyString, PropertyValue,Scope,PropIndex,ListProperty2Object,ListProperty2Attribute,GroupUser,GenUser,GenDate)values('0FF1F6483A031155E050B90A2793515E','Name','Module','Company','company','',12,'0F8A5F2B2A2FA1A8E050B90A27934F1E','0F8A5F2B2A30A1A8E050B90A27934F1E','sa','sa',sysdate)
<ListProperty>
Object=Member
Attribute=SprintRole
PropertyString=QE Engineer
PropertyValue=QE Enginner
Scope=
PropIndex=1
</ListProperty>
insert into Table_ListProperty(objid,name,TableName,PropertyString, PropertyValue,Scope,PropIndex,ListProperty2Object,ListProperty2Attribute,GroupUser,GenUser,GenDate)values('0FF1F6483A041155E050B90A2793515E','SprintRole','Member','QE Engineer','QE Enginner','',1,'0F9538B7F34B4672E050B90A27936C6A','0F9538B7F34D4672E050B90A27936C6A','sa','sa',sysdate)
<ListProperty>
Object=Member
Attribute=SprintRole
PropertyString=Developer
PropertyValue=Developer
Scope=
PropIndex=2
</ListProperty>
insert into Table_ListProperty(objid,name,TableName,PropertyString, PropertyValue,Scope,PropIndex,ListProperty2Object,ListProperty2Attribute,GroupUser,GenUser,GenDate)values('0FF1F6483A051155E050B90A2793515E','SprintRole','Member','Developer','Developer','',2,'0F9538B7F34B4672E050B90A27936C6A','0F9538B7F34D4672E050B90A27936C6A','sa','sa',sysdate)
<ListProperty>
Object=Member
Attribute=SprintRole
PropertyString=QE Manager
PropertyValue=QE Manager
Scope=
PropIndex=3
</ListProperty>
insert into Table_ListProperty(objid,name,TableName,PropertyString, PropertyValue,Scope,PropIndex,ListProperty2Object,ListProperty2Attribute,GroupUser,GenUser,GenDate)values('0FF1F6483A061155E050B90A2793515E','SprintRole','Member','QE Manager','QE Manager','',3,'0F9538B7F34B4672E050B90A27936C6A','0F9538B7F34D4672E050B90A27936C6A','sa','sa',sysdate)
<ListProperty>
Object=Member
Attribute=SprintRole
PropertyString=Dev Manager
PropertyValue=Dev Manager
Scope=
PropIndex=4
</ListProperty>
insert into Table_ListProperty(objid,name,TableName,PropertyString, PropertyValue,Scope,PropIndex,ListProperty2Object,ListProperty2Attribute,GroupUser,GenUser,GenDate)values('0FF1F6483A071155E050B90A2793515E','SprintRole','Member','Dev Manager','Dev Manager','',4,'0F9538B7F34B4672E050B90A27936C6A','0F9538B7F34D4672E050B90A27936C6A','sa','sa',sysdate)
<ListProperty>
Object=Member
Attribute=SprintRole
PropertyString=Prod Manager
PropertyValue=Prod Manager
Scope=
PropIndex=5
</ListProperty>
insert into Table_ListProperty(objid,name,TableName,PropertyString, PropertyValue,Scope,PropIndex,ListProperty2Object,ListProperty2Attribute,GroupUser,GenUser,GenDate)values('0FF1F6483A081155E050B90A2793515E','SprintRole','Member','Prod Manager','Prod Manager','',5,'0F9538B7F34B4672E050B90A27936C6A','0F9538B7F34D4672E050B90A27936C6A','sa','sa',sysdate)
<ListProperty>
Object=Member
Attribute=SprintRole
PropertyString=Architect
PropertyValue=Architect
Scope=
PropIndex=6
</ListProperty>
insert into Table_ListProperty(objid,name,TableName,PropertyString, PropertyValue,Scope,PropIndex,ListProperty2Object,ListProperty2Attribute,GroupUser,GenUser,GenDate)values('0FF1F6483A091155E050B90A2793515E','SprintRole','Member','Architect','Architect','',6,'0F9538B7F34B4672E050B90A27936C6A','0F9538B7F34D4672E050B90A27936C6A','sa','sa',sysdate)
<ListProperty>
Object=Member
Attribute=SprintRole
PropertyString=Scrum Master
PropertyValue=Scrum Master
Scope=
PropIndex=7
</ListProperty>
insert into Table_ListProperty(objid,name,TableName,PropertyString, PropertyValue,Scope,PropIndex,ListProperty2Object,ListProperty2Attribute,GroupUser,GenUser,GenDate)values('0FF1F6483A0A1155E050B90A2793515E','SprintRole','Member','Scrum Master','Scrum Master','',7,'0F9538B7F34B4672E050B90A27936C6A','0F9538B7F34D4672E050B90A27936C6A','sa','sa',sysdate)
<ListProperty>
Object=Member
Attribute=SprintRole
PropertyString=Other
PropertyValue=Other
Scope=
PropIndex=8
</ListProperty>
insert into Table_ListProperty(objid,name,TableName,PropertyString, PropertyValue,Scope,PropIndex,ListProperty2Object,ListProperty2Attribute,GroupUser,GenUser,GenDate)values('0FF1F6483A0B1155E050B90A2793515E','SprintRole','Member','Other','Other','',8,'0F9538B7F34B4672E050B90A27936C6A','0F9538B7F34D4672E050B90A27936C6A','sa','sa',sysdate)
<ListProperty>
Object=TestUser
Attribute=UserType
PropertyString=Group User
PropertyValue=1
Scope=
PropIndex=1
</ListProperty>
insert into Table_ListProperty(objid,name,TableName,PropertyString, PropertyValue,Scope,PropIndex,ListProperty2Object,ListProperty2Attribute,GroupUser,GenUser,GenDate)values('0FF1F6483A0C1155E050B90A2793515E','UserType','TestUser','Group User','1','',1,'0FCB63F83140BCBFE050B90A27937785','0FCB63F83147BCBFE050B90A27937785','sa','sa',sysdate)
<ListProperty>
Object=TestUser
Attribute=UserType
PropertyString=Admin
PropertyValue=2
Scope=
PropIndex=2
</ListProperty>
insert into Table_ListProperty(objid,name,TableName,PropertyString, PropertyValue,Scope,PropIndex,ListProperty2Object,ListProperty2Attribute,GroupUser,GenUser,GenDate)values('0FF1F6483A0D1155E050B90A2793515E','UserType','TestUser','Admin','2','',2,'0FCB63F83140BCBFE050B90A27937785','0FCB63F83147BCBFE050B90A27937785','sa','sa',sysdate)
<ListProperty>
Object=TestUser
Attribute=Status
PropertyString=Active
PropertyValue=1
Scope=
PropIndex=1
</ListProperty>
insert into Table_ListProperty(objid,name,TableName,PropertyString, PropertyValue,Scope,PropIndex,ListProperty2Object,ListProperty2Attribute,GroupUser,GenUser,GenDate)values('0FF1F6483A0E1155E050B90A2793515E','Status','TestUser','Active','1','',1,'0FCB63F83140BCBFE050B90A27937785','0FCB63F83146BCBFE050B90A27937785','sa','sa',sysdate)
<ListProperty>
Object=TestUser
Attribute=Status
PropertyString=In Active
PropertyValue=2
Scope=
PropIndex=2
</ListProperty>
insert into Table_ListProperty(objid,name,TableName,PropertyString, PropertyValue,Scope,PropIndex,ListProperty2Object,ListProperty2Attribute,GroupUser,GenUser,GenDate)values('0FF1F6483A0F1155E050B90A2793515E','Status','TestUser','In Active','2','',2,'0FCB63F83140BCBFE050B90A27937785','0FCB63F83146BCBFE050B90A27937785','sa','sa',sysdate)
<ListProperty>
Object=Project
Attribute=Status
PropertyString=Open
PropertyValue=Open
Scope=
PropIndex=1
</ListProperty>
insert into Table_ListProperty(objid,name,TableName,PropertyString, PropertyValue,Scope,PropIndex,ListProperty2Object,ListProperty2Attribute,GroupUser,GenUser,GenDate)values('0FF1F6483A101155E050B90A2793515E','Status','Project','Open','Open','',1,'0F66547AEC34B344E050B90A27937838','0F66547AEC38B344E050B90A27937838','sa','sa',sysdate)
<ListProperty>
Object=Project
Attribute=Status
PropertyString=Closed
PropertyValue=Closed
Scope=
PropIndex=2
</ListProperty>
insert into Table_ListProperty(objid,name,TableName,PropertyString, PropertyValue,Scope,PropIndex,ListProperty2Object,ListProperty2Attribute,GroupUser,GenUser,GenDate)values('0FF1F6483A111155E050B90A2793515E','Status','Project','Closed','Closed','',2,'0F66547AEC34B344E050B90A27937838','0F66547AEC38B344E050B90A27937838','sa','sa',sysdate)
<ListProperty>
Object=Project
Attribute=Status
PropertyString=In Progress
PropertyValue=In Progress
Scope=
PropIndex=3
</ListProperty>
insert into Table_ListProperty(objid,name,TableName,PropertyString, PropertyValue,Scope,PropIndex,ListProperty2Object,ListProperty2Attribute,GroupUser,GenUser,GenDate)values('0FF1F6483A121155E050B90A2793515E','Status','Project','In Progress','In Progress','',3,'0F66547AEC34B344E050B90A27937838','0F66547AEC38B344E050B90A27937838','sa','sa',sysdate)
<ListProperty>
Object=Scenerio
Attribute=IsAutomated
PropertyString=No
PropertyValue=No
Scope=
PropIndex=1
</ListProperty>
insert into Table_ListProperty(objid,name,TableName,PropertyString, PropertyValue,Scope,PropIndex,ListProperty2Object,ListProperty2Attribute,GroupUser,GenUser,GenDate)values('0FF1F6483A131155E050B90A2793515E','IsAutomated','Scenerio','No','No','',1,'0F66547AEC45B344E050B90A27937838','0F66547AEC4CB344E050B90A27937838','sa','sa',sysdate)
<ListProperty>
Object=Scenerio
Attribute=IsAutomated
PropertyString=Yes
PropertyValue=Yes
Scope=
PropIndex=2
</ListProperty>
insert into Table_ListProperty(objid,name,TableName,PropertyString, PropertyValue,Scope,PropIndex,ListProperty2Object,ListProperty2Attribute,GroupUser,GenUser,GenDate)values('0FF1F6483A141155E050B90A2793515E','IsAutomated','Scenerio','Yes','Yes','',2,'0F66547AEC45B344E050B90A27937838','0F66547AEC4CB344E050B90A27937838','sa','sa',sysdate)
<ListProperty>
Object=Scenerio
Attribute=IsActive
PropertyString=Yes
PropertyValue=Yes
Scope=
PropIndex=1
</ListProperty>
insert into Table_ListProperty(objid,name,TableName,PropertyString, PropertyValue,Scope,PropIndex,ListProperty2Object,ListProperty2Attribute,GroupUser,GenUser,GenDate)values('0FF1F6483A151155E050B90A2793515E','IsActive','Scenerio','Yes','Yes','',1,'0F66547AEC45B344E050B90A27937838','0F66547AEC4DB344E050B90A27937838','sa','sa',sysdate)
<ListProperty>
Object=Scenerio
Attribute=IsActive
PropertyString=No
PropertyValue=No
Scope=
PropIndex=2
</ListProperty>
insert into Table_ListProperty(objid,name,TableName,PropertyString, PropertyValue,Scope,PropIndex,ListProperty2Object,ListProperty2Attribute,GroupUser,GenUser,GenDate)values('0FF1F6483A161155E050B90A2793515E','IsActive','Scenerio','No','No','',2,'0F66547AEC45B344E050B90A27937838','0F66547AEC4DB344E050B90A27937838','sa','sa',sysdate)
<ListProperty>
Object=TestEnv
Attribute=IsActive
PropertyString=Yes
PropertyValue=Yes
Scope=
PropIndex=1
</ListProperty>
insert into Table_ListProperty(objid,name,TableName,PropertyString, PropertyValue,Scope,PropIndex,ListProperty2Object,ListProperty2Attribute,GroupUser,GenUser,GenDate)values('0FF1F6483A171155E050B90A2793515E','IsActive','TestEnv','Yes','Yes','',1,'0F66547AEC59B344E050B90A27937838','0F66547AEC5CB344E050B90A27937838','sa','sa',sysdate)
<ListProperty>
Object=TestEnv
Attribute=IsActive
PropertyString=No
PropertyValue=No
Scope=
PropIndex=2
</ListProperty>
insert into Table_ListProperty(objid,name,TableName,PropertyString, PropertyValue,Scope,PropIndex,ListProperty2Object,ListProperty2Attribute,GroupUser,GenUser,GenDate)values('0FF1F6483A181155E050B90A2793515E','IsActive','TestEnv','No','No','',2,'0F66547AEC59B344E050B90A27937838','0F66547AEC5CB344E050B90A27937838','sa','sa',sysdate)
<ListProperty>
Object=MatrixMap
Attribute=IsActive
PropertyString=Yes
PropertyValue=1
Scope=
PropIndex=1
</ListProperty>
insert into Table_ListProperty(objid,name,TableName,PropertyString, PropertyValue,Scope,PropIndex,ListProperty2Object,ListProperty2Attribute,GroupUser,GenUser,GenDate)values('0FF1F6483A191155E050B90A2793515E','IsActive','MatrixMap','Yes','1','',1,'0F66547AEC60B344E050B90A27937838','0F66547AEC62B344E050B90A27937838','sa','sa',sysdate)
<ListProperty>
Object=MatrixMap
Attribute=IsActive
PropertyString=No
PropertyValue=0
Scope=
PropIndex=2
</ListProperty>
insert into Table_ListProperty(objid,name,TableName,PropertyString, PropertyValue,Scope,PropIndex,ListProperty2Object,ListProperty2Attribute,GroupUser,GenUser,GenDate)values('0FF1F6483A1A1155E050B90A2793515E','IsActive','MatrixMap','No','0','',2,'0F66547AEC60B344E050B90A27937838','0F66547AEC62B344E050B90A27937838','sa','sa',sysdate)
<ListProperty>
Object=MatrixList
Attribute=IsActive
PropertyString=Yes
PropertyValue=1
Scope=
PropIndex=1
</ListProperty>
insert into Table_ListProperty(objid,name,TableName,PropertyString, PropertyValue,Scope,PropIndex,ListProperty2Object,ListProperty2Attribute,GroupUser,GenUser,GenDate)values('0FF1F6483A1B1155E050B90A2793515E','IsActive','MatrixList','Yes','1','',1,'0F8A0818E3F3D1ECE050B90A27934E4F','0F8A0818E3F6D1ECE050B90A27934E4F','sa','sa',sysdate)
<ListProperty>
Object=MatrixList
Attribute=IsActive
PropertyString=No
PropertyValue=0
Scope=
PropIndex=2
</ListProperty>
insert into Table_ListProperty(objid,name,TableName,PropertyString, PropertyValue,Scope,PropIndex,ListProperty2Object,ListProperty2Attribute,GroupUser,GenUser,GenDate)values('0FF1F6483A1C1155E050B90A2793515E','IsActive','MatrixList','No','0','',2,'0F8A0818E3F3D1ECE050B90A27934E4F','0F8A0818E3F6D1ECE050B90A27934E4F','sa','sa',sysdate)
<ListProperty>
Object=ScenerioRun
Attribute=RunType
PropertyString=Manual
PropertyValue=Manual
Scope=
PropIndex=1
</ListProperty>
insert into Table_ListProperty(objid,name,TableName,PropertyString, PropertyValue,Scope,PropIndex,ListProperty2Object,ListProperty2Attribute,GroupUser,GenUser,GenDate)values('0FF1F6483A1D1155E050B90A2793515E','RunType','ScenerioRun','Manual','Manual','',1,'0F66547AEC71B344E050B90A27937838','0F66547AEC76B344E050B90A27937838','sa','sa',sysdate)
<ListProperty>
Object=ScenerioRun
Attribute=RunType
PropertyString=Automated
PropertyValue=Automated
Scope=
PropIndex=2
</ListProperty>
insert into Table_ListProperty(objid,name,TableName,PropertyString, PropertyValue,Scope,PropIndex,ListProperty2Object,ListProperty2Attribute,GroupUser,GenUser,GenDate)values('0FF1F6483A1E1155E050B90A2793515E','RunType','ScenerioRun','Automated','Automated','',2,'0F66547AEC71B344E050B90A27937838','0F66547AEC76B344E050B90A27937838','sa','sa',sysdate)
<ListProperty>
Object=ScenerioRun
Attribute=Status
PropertyString=Passed
PropertyValue=Passed
Scope=
PropIndex=1
</ListProperty>
insert into Table_ListProperty(objid,name,TableName,PropertyString, PropertyValue,Scope,PropIndex,ListProperty2Object,ListProperty2Attribute,GroupUser,GenUser,GenDate)values('0FF1F6483A1F1155E050B90A2793515E','Status','ScenerioRun','Passed','Passed','',1,'0F66547AEC71B344E050B90A27937838','0F66547AEC75B344E050B90A27937838','sa','sa',sysdate)
<ListProperty>
Object=ScenerioRun
Attribute=Status
PropertyString=Failed
PropertyValue=Failed
Scope=
PropIndex=2
</ListProperty>
insert into Table_ListProperty(objid,name,TableName,PropertyString, PropertyValue,Scope,PropIndex,ListProperty2Object,ListProperty2Attribute,GroupUser,GenUser,GenDate)values('0FF1F6483A201155E050B90A2793515E','Status','ScenerioRun','Failed','Failed','',2,'0F66547AEC71B344E050B90A27937838','0F66547AEC75B344E050B90A27937838','sa','sa',sysdate)
<ListProperty>
Object=ScenerioRun
Attribute=Status
PropertyString=In Progress
PropertyValue=In Progress
Scope=
PropIndex=3
</ListProperty>
insert into Table_ListProperty(objid,name,TableName,PropertyString, PropertyValue,Scope,PropIndex,ListProperty2Object,ListProperty2Attribute,GroupUser,GenUser,GenDate)values('0FF1F6483A211155E050B90A2793515E','Status','ScenerioRun','In Progress','In Progress','',3,'0F66547AEC71B344E050B90A27937838','0F66547AEC75B344E050B90A27937838','sa','sa',sysdate)
<ListProperty>
Object=ScenerioRun
Attribute=Status
PropertyString=Skipped
PropertyValue=Skipped
Scope=
PropIndex=4
</ListProperty>
insert into Table_ListProperty(objid,name,TableName,PropertyString, PropertyValue,Scope,PropIndex,ListProperty2Object,ListProperty2Attribute,GroupUser,GenUser,GenDate)values('0FF1F6483A221155E050B90A2793515E','Status','ScenerioRun','Skipped','Skipped','',4,'0F66547AEC71B344E050B90A27937838','0F66547AEC75B344E050B90A27937838','sa','sa',sysdate)
<ListProperty>
Object=ScenerioRun
Attribute=Status
PropertyString=Defect
PropertyValue=Defect
Scope=
PropIndex=5
</ListProperty>
insert into Table_ListProperty(objid,name,TableName,PropertyString, PropertyValue,Scope,PropIndex,ListProperty2Object,ListProperty2Attribute,GroupUser,GenUser,GenDate)values('0FF1F6483A231155E050B90A2793515E','Status','ScenerioRun','Defect','Defect','',5,'0F66547AEC71B344E050B90A27937838','0F66547AEC75B344E050B90A27937838','sa','sa',sysdate)
<ObjectRule>
Name=Profile Rule
TableName=Profile
EffectedTable=Profile
Description=Calling Upadte and Insert Rule for object Profile
Reason=1
ActionState=1
Condition=objid$gt$0
RuleIndex=1
Status=1
</ObjectRule>
insert into Table_ObjectRule(ObjId,Name,TableName,EffectedTable,Description,Reason,ActionState,Condition,RuleIndex,Status,ObjectRule2Object,GroupUser,GenUser,GenDate)values('0FF1F6483A241155E050B90A2793515E','Profile Rule','Profile','Profile','Calling Upadte and Insert Rule for object Profile','1','1','objid$gt$0','1','1','0F66547AEBF7B344E050B90A27937838','sa','sa',sysdate)
<ActionQuery>
Name=Call Insert_Profile procedure
TableName=Profile
Description=Call Insert_Profile procedure
StepNo=1
Input=@Objid
InputDataType=@Integer
Output=$runId
QueryType=0
HasRecordSet=0
OracleQuery=exec Insert_Profile(@objid)
MssqlQuery=exec Insert_Profile @objid
Status=0
</ActionQuery>
insert into Table_ActionQuery(ObjId,Name,TableName,Description,StepNo,Input,InputDataType,Output,QueryType,HasRecordSet,OracleQuery,MssqlQuery,Status,ActionQuery2ObjectRule,GroupUser,GenUser,GenDate)values('0FF1F6483A251155E050B90A2793515E','Call Insert_Profile procedure','Profile','Call Insert_Profile procedure','1','@Objid','@Integer','$runId','0','0','exec Insert_Profile(@objid)','exec Insert_Profile @objid','0','0FF1F6483A241155E050B90A2793515E','sa','sa',sysdate)
<ObjectRule>
Name=Calendar Rule
TableName=Calendar
EffectedTable=Calendar
Description=Calling Upadte and Insert Rule for object Calendar
Reason=1
ActionState=1
Condition=objid$gt$0
RuleIndex=1
Status=1
</ObjectRule>
insert into Table_ObjectRule(ObjId,Name,TableName,EffectedTable,Description,Reason,ActionState,Condition,RuleIndex,Status,ObjectRule2Object,GroupUser,GenUser,GenDate)values('0FF1F6483A261155E050B90A2793515E','Calendar Rule','Calendar','Calendar','Calling Upadte and Insert Rule for object Calendar','1','1','objid$gt$0','1','1','0FCAF3360CDE4500E050B90A279375AE','sa','sa',sysdate)
<ActionQuery>
Name=Call Insert_Calendar procedure
TableName=Calendar
Description=Call Insert_Calendar procedure
StepNo=1
Input=@Objid
InputDataType=@Integer
Output=$runId
QueryType=0
HasRecordSet=0
OracleQuery=exec Insert_Calendar(@objid)
MssqlQuery=exec Insert_Calendar @objid
Status=0
</ActionQuery>
insert into Table_ActionQuery(ObjId,Name,TableName,Description,StepNo,Input,InputDataType,Output,QueryType,HasRecordSet,OracleQuery,MssqlQuery,Status,ActionQuery2ObjectRule,GroupUser,GenUser,GenDate)values('0FF1F6483A271155E050B90A2793515E','Call Insert_Calendar procedure','Calendar','Call Insert_Calendar procedure','1','@Objid','@Integer','$runId','0','0','exec Insert_Calendar(@objid)','exec Insert_Calendar @objid','0','0FF1F6483A261155E050B90A2793515E','sa','sa',sysdate)
<GenericCode>
Name=Backlog
AttributeName=GroupCode
CodeValue=Backlog
Description=Backlog
Status=1
CodeIndex=1
</GenericCode>
insert into Table_GenericCode(ObjId,Name,AttributeName,CodeValue,Description,Status,CodeIndex,GenericCode2CodeAttribute,GroupUser,GenUser,GenDate)values('0FF1F6483A281155E050B90A2793515E','Backlog','GroupCode','Backlog','Backlog','1','1','0FF1F64839A31155E050B90A2793515E','sa','sa',sysdate)
<GenericCode>
Name=Development
AttributeName=GroupCode
CodeValue=Development
Description=Development
Status=1
CodeIndex=2
</GenericCode>
insert into Table_GenericCode(ObjId,Name,AttributeName,CodeValue,Description,Status,CodeIndex,GenericCode2CodeAttribute,GroupUser,GenUser,GenDate)values('0FF1F6483A291155E050B90A2793515E','Development','GroupCode','Development','Development','1','2','0FF1F64839A31155E050B90A2793515E','sa','sa',sysdate)
<GenericCode>
Name=Testing
AttributeName=GroupCode
CodeValue=Testing
Description=Testing
Status=1
CodeIndex=3
</GenericCode>
insert into Table_GenericCode(ObjId,Name,AttributeName,CodeValue,Description,Status,CodeIndex,GenericCode2CodeAttribute,GroupUser,GenUser,GenDate)values('0FF1F6483A2A1155E050B90A2793515E','Testing','GroupCode','Testing','Testing','1','3','0FF1F64839A31155E050B90A2793515E','sa','sa',sysdate)
<GenericCode>
Name=Done
AttributeName=GroupCode
CodeValue=Done
Description=Done
Status=1
CodeIndex=4
</GenericCode>
insert into Table_GenericCode(ObjId,Name,AttributeName,CodeValue,Description,Status,CodeIndex,GenericCode2CodeAttribute,GroupUser,GenUser,GenDate)values('0FF1F6483A2B1155E050B90A2793515E','Done','GroupCode','Done','Done','1','4','0FF1F64839A31155E050B90A2793515E','sa','sa',sysdate)
<GenericCode>
Name=Severity-1
AttributeName=SeverityCode
CodeValue=1
Description=Severity-1
Status=1
CodeIndex=1
</GenericCode>
insert into Table_GenericCode(ObjId,Name,AttributeName,CodeValue,Description,Status,CodeIndex,GenericCode2CodeAttribute,GroupUser,GenUser,GenDate)values('0FF1F6483A2C1155E050B90A2793515E','Severity-1','SeverityCode','1','Severity-1','1','1','0','sa','sa',sysdate)
<GenericCode>
Name=Severity-2
AttributeName=SeverityCode
CodeValue=2
Description=Severity-2
Status=1
CodeIndex=2
</GenericCode>
insert into Table_GenericCode(ObjId,Name,AttributeName,CodeValue,Description,Status,CodeIndex,GenericCode2CodeAttribute,GroupUser,GenUser,GenDate)values('0FF1F6483A2D1155E050B90A2793515E','Severity-2','SeverityCode','2','Severity-2','1','2','0','sa','sa',sysdate)
<GenericCode>
Name=Severity-3
AttributeName=SeverityCode
CodeValue=3
Description=Severity-3
Status=1
CodeIndex=3
</GenericCode>
insert into Table_GenericCode(ObjId,Name,AttributeName,CodeValue,Description,Status,CodeIndex,GenericCode2CodeAttribute,GroupUser,GenUser,GenDate)values('0FF1F6483A2E1155E050B90A2793515E','Severity-3','SeverityCode','3','Severity-3','1','3','0','sa','sa',sysdate)
<GenericCode>
Name=Monthly Subscription
AttributeName=SubscribeCode
CodeValue=1
Description=No Description Available
Status=1
CodeIndex=1
</GenericCode>
insert into Table_GenericCode(ObjId,Name,AttributeName,CodeValue,Description,Status,CodeIndex,GenericCode2CodeAttribute,GroupUser,GenUser,GenDate)values('0FF1F6483A2F1155E050B90A2793515E','Monthly Subscription','SubscribeCode','1','No Description Available','1','1','0FF1F64839A61155E050B90A2793515E','sa','sa',sysdate)
<GenericCode>
Name=Yearly Subscription
AttributeName=SubscribeCode
CodeValue=2
Description=No Description Available
Status=1
CodeIndex=2
</GenericCode>
insert into Table_GenericCode(ObjId,Name,AttributeName,CodeValue,Description,Status,CodeIndex,GenericCode2CodeAttribute,GroupUser,GenUser,GenDate)values('0FF1F6483A301155E050B90A2793515E','Yearly Subscription','SubscribeCode','2','No Description Available','1','2','0FF1F64839A61155E050B90A2793515E','sa','sa',sysdate)
<GenericCode>
Name=2015
AttributeName=YearCode
CodeValue=2015
Description=No Description Available
Status=1
CodeIndex=1
</GenericCode>
insert into Table_GenericCode(ObjId,Name,AttributeName,CodeValue,Description,Status,CodeIndex,GenericCode2CodeAttribute,GroupUser,GenUser,GenDate)values('0FF1F6483A311155E050B90A2793515E','2015','YearCode','2015','No Description Available','1','1','0FF1F64839AC1155E050B90A2793515E','sa','sa',sysdate)
<GenericCode>
Name=2016
AttributeName=YearCode
CodeValue=2016
Description=No Description Available
Status=1
CodeIndex=2
</GenericCode>
insert into Table_GenericCode(ObjId,Name,AttributeName,CodeValue,Description,Status,CodeIndex,GenericCode2CodeAttribute,GroupUser,GenUser,GenDate)values('0FF1F6483A321155E050B90A2793515E','2016','YearCode','2016','No Description Available','1','2','0FF1F64839AC1155E050B90A2793515E','sa','sa',sysdate)
<GenericCode>
Name=2017
AttributeName=YearCode
CodeValue=2017
Description=No Description Available
Status=1
CodeIndex=3
</GenericCode>
insert into Table_GenericCode(ObjId,Name,AttributeName,CodeValue,Description,Status,CodeIndex,GenericCode2CodeAttribute,GroupUser,GenUser,GenDate)values('0FF1F6483A331155E050B90A2793515E','2017','YearCode','2017','No Description Available','1','3','0FF1F64839AC1155E050B90A2793515E','sa','sa',sysdate)
<GenericCode>
Name=2018
AttributeName=YearCode
CodeValue=2018
Description=No Description Available
Status=1
CodeIndex=4
</GenericCode>
insert into Table_GenericCode(ObjId,Name,AttributeName,CodeValue,Description,Status,CodeIndex,GenericCode2CodeAttribute,GroupUser,GenUser,GenDate)values('0FF1F6483A341155E050B90A2793515E','2018','YearCode','2018','No Description Available','1','4','0FF1F64839AC1155E050B90A2793515E','sa','sa',sysdate)
<GenericCode>
Name=2019
AttributeName=YearCode
CodeValue=2019
Description=No Description Available
Status=1
CodeIndex=5
</GenericCode>
insert into Table_GenericCode(ObjId,Name,AttributeName,CodeValue,Description,Status,CodeIndex,GenericCode2CodeAttribute,GroupUser,GenUser,GenDate)values('0FF1F6483A351155E050B90A2793515E','2019','YearCode','2019','No Description Available','1','5','0FF1F64839AC1155E050B90A2793515E','sa','sa',sysdate)
<GenericCode>
Name=2020
AttributeName=YearCode
CodeValue=2020
Description=No Description Available
Status=1
CodeIndex=6
</GenericCode>
insert into Table_GenericCode(ObjId,Name,AttributeName,CodeValue,Description,Status,CodeIndex,GenericCode2CodeAttribute,GroupUser,GenUser,GenDate)values('0FF1F6483A361155E050B90A2793515E','2020','YearCode','2020','No Description Available','1','6','0FF1F64839AC1155E050B90A2793515E','sa','sa',sysdate)
<GenericCode>
Name=2021
AttributeName=YearCode
CodeValue=2021
Description=No Description Available
Status=1
CodeIndex=7
</GenericCode>
insert into Table_GenericCode(ObjId,Name,AttributeName,CodeValue,Description,Status,CodeIndex,GenericCode2CodeAttribute,GroupUser,GenUser,GenDate)values('0FF1F6483A371155E050B90A2793515E','2021','YearCode','2021','No Description Available','1','7','0FF1F64839AC1155E050B90A2793515E','sa','sa',sysdate)
<GenericCode>
Name=2022
AttributeName=YearCode
CodeValue=2022
Description=No Description Available
Status=1
CodeIndex=8
</GenericCode>
insert into Table_GenericCode(ObjId,Name,AttributeName,CodeValue,Description,Status,CodeIndex,GenericCode2CodeAttribute,GroupUser,GenUser,GenDate)values('0FF1F6483A381155E050B90A2793515E','2022','YearCode','2022','No Description Available','1','8','0FF1F64839AC1155E050B90A2793515E','sa','sa',sysdate)
<GenericCode>
Name=2023
AttributeName=YearCode
CodeValue=2023
Description=No Description Available
Status=1
CodeIndex=9
</GenericCode>
insert into Table_GenericCode(ObjId,Name,AttributeName,CodeValue,Description,Status,CodeIndex,GenericCode2CodeAttribute,GroupUser,GenUser,GenDate)values('0FF1F6483A391155E050B90A2793515E','2023','YearCode','2023','No Description Available','1','9','0FF1F64839AC1155E050B90A2793515E','sa','sa',sysdate)
<GenericCode>
Name=2024
AttributeName=YearCode
CodeValue=2024
Description=No Description Available
Status=1
CodeIndex=10
</GenericCode>
insert into Table_GenericCode(ObjId,Name,AttributeName,CodeValue,Description,Status,CodeIndex,GenericCode2CodeAttribute,GroupUser,GenUser,GenDate)values('0FF1F6483A3A1155E050B90A2793515E','2024','YearCode','2024','No Description Available','1','10','0FF1F64839AC1155E050B90A2793515E','sa','sa',sysdate)
<GenericCode>
Name=2025
AttributeName=YearCode
CodeValue=2025
Description=No Description Available
Status=1
CodeIndex=11
</GenericCode>
insert into Table_GenericCode(ObjId,Name,AttributeName,CodeValue,Description,Status,CodeIndex,GenericCode2CodeAttribute,GroupUser,GenUser,GenDate)values('0FF1F6483A3B1155E050B90A2793515E','2025','YearCode','2025','No Description Available','1','11','0FF1F64839AC1155E050B90A2793515E','sa','sa',sysdate)
<GenericCode>
Name=Open
AttributeName=TaskStatusCode
CodeValue=Open
Description=No Description Available
Status=1
CodeIndex=1
</GenericCode>
insert into Table_GenericCode(ObjId,Name,AttributeName,CodeValue,Description,Status,CodeIndex,GenericCode2CodeAttribute,GroupUser,GenUser,GenDate)values('0FF1F6483A3C1155E050B90A2793515E','Open','TaskStatusCode','Open','No Description Available','1','1','0FF1F64839A51155E050B90A2793515E','sa','sa',sysdate)
<GenericCode>
Name=In Progress
AttributeName=TaskStatusCode
CodeValue=In Progress
Description=No Description Available
Status=1
CodeIndex=2
</GenericCode>
insert into Table_GenericCode(ObjId,Name,AttributeName,CodeValue,Description,Status,CodeIndex,GenericCode2CodeAttribute,GroupUser,GenUser,GenDate)values('0FF1F6483A3D1155E050B90A2793515E','In Progress','TaskStatusCode','In Progress','No Description Available','1','2','0FF1F64839A51155E050B90A2793515E','sa','sa',sysdate)
<GenericCode>
Name=Done
AttributeName=TaskStatusCode
CodeValue=Done
Description=No Description Available
Status=1
CodeIndex=3
</GenericCode>
insert into Table_GenericCode(ObjId,Name,AttributeName,CodeValue,Description,Status,CodeIndex,GenericCode2CodeAttribute,GroupUser,GenUser,GenDate)values('0FF1F6483A3E1155E050B90A2793515E','Done','TaskStatusCode','Done','No Description Available','1','3','0FF1F64839A51155E050B90A2793515E','sa','sa',sysdate)
<GenericCode>
Name=Open
AttributeName=ReferralStatus
CodeValue=Open
Description=No Description Available
Status=1
CodeIndex=1
</GenericCode>
insert into Table_GenericCode(ObjId,Name,AttributeName,CodeValue,Description,Status,CodeIndex,GenericCode2CodeAttribute,GroupUser,GenUser,GenDate)values('0FF1F6483A3F1155E050B90A2793515E','Open','ReferralStatus','Open','No Description Available','1','1','0FF1F64839A21155E050B90A2793515E','sa','sa',sysdate)
<GenericCode>
Name=Contacted
AttributeName=ReferralStatus
CodeValue=Contacted
Description=No Description Available
Status=1
CodeIndex=2
</GenericCode>
insert into Table_GenericCode(ObjId,Name,AttributeName,CodeValue,Description,Status,CodeIndex,GenericCode2CodeAttribute,GroupUser,GenUser,GenDate)values('0FF1F6483A401155E050B90A2793515E','Contacted','ReferralStatus','Contacted','No Description Available','1','2','0FF1F64839A21155E050B90A2793515E','sa','sa',sysdate)
<GenericCode>
Name=Signed
AttributeName=ReferralStatus
CodeValue=Signed
Description=No Description Available
Status=1
CodeIndex=3
</GenericCode>
insert into Table_GenericCode(ObjId,Name,AttributeName,CodeValue,Description,Status,CodeIndex,GenericCode2CodeAttribute,GroupUser,GenUser,GenDate)values('0FF1F6483A411155E050B90A2793515E','Signed','ReferralStatus','Signed','No Description Available','1','3','0FF1F64839A21155E050B90A2793515E','sa','sa',sysdate)
<GenericCode>
Name=Trained
AttributeName=ReferralStatus
CodeValue=Trained
Description=No Description Available
Status=1
CodeIndex=4
</GenericCode>
insert into Table_GenericCode(ObjId,Name,AttributeName,CodeValue,Description,Status,CodeIndex,GenericCode2CodeAttribute,GroupUser,GenUser,GenDate)values('0FF1F6483A421155E050B90A2793515E','Trained','ReferralStatus','Trained','No Description Available','1','4','0FF1F64839A21155E050B90A2793515E','sa','sa',sysdate)
<GenericCode>
Name=In Valid
AttributeName=ReferralStatus
CodeValue=In Valid
Description=No Description Available
Status=1
CodeIndex=5
</GenericCode>
insert into Table_GenericCode(ObjId,Name,AttributeName,CodeValue,Description,Status,CodeIndex,GenericCode2CodeAttribute,GroupUser,GenUser,GenDate)values('0FF1F6483A431155E050B90A2793515E','In Valid','ReferralStatus','In Valid','No Description Available','1','5','0FF1F64839A21155E050B90A2793515E','sa','sa',sysdate)
<GenericCode>
Name=No Interest
AttributeName=ReferralStatus
CodeValue=No Interest
Description=No Description Available
Status=1
CodeIndex=6
</GenericCode>
insert into Table_GenericCode(ObjId,Name,AttributeName,CodeValue,Description,Status,CodeIndex,GenericCode2CodeAttribute,GroupUser,GenUser,GenDate)values('0FF1F6483A441155E050B90A2793515E','No Interest','ReferralStatus','No Interest','No Description Available','1','6','0FF1F64839A21155E050B90A2793515E','sa','sa',sysdate)
<GenericCode>
Name=Call Again
AttributeName=ReferralStatus
CodeValue=Call Again
Description=No Description Available
Status=1
CodeIndex=7
</GenericCode>
insert into Table_GenericCode(ObjId,Name,AttributeName,CodeValue,Description,Status,CodeIndex,GenericCode2CodeAttribute,GroupUser,GenUser,GenDate)values('0FF1F6483A451155E050B90A2793515E','Call Again','ReferralStatus','Call Again','No Description Available','1','7','0FF1F64839A21155E050B90A2793515E','sa','sa',sysdate)
<GenericCode>
Name=Claim Issued
AttributeName=ReferralStatus
CodeValue=Claim Issued
Description=No Description Available
Status=1
CodeIndex=8
</GenericCode>
insert into Table_GenericCode(ObjId,Name,AttributeName,CodeValue,Description,Status,CodeIndex,GenericCode2CodeAttribute,GroupUser,GenUser,GenDate)values('0FF1F6483A461155E050B90A2793515E','Claim Issued','ReferralStatus','Claim Issued','No Description Available','1','8','0FF1F64839A21155E050B90A2793515E','sa','sa',sysdate)
<GenericCode>
Name=Claim Paid
AttributeName=ReferralStatus
CodeValue=Claim Paid
Description=No Description Available
Status=1
CodeIndex=9
</GenericCode>
insert into Table_GenericCode(ObjId,Name,AttributeName,CodeValue,Description,Status,CodeIndex,GenericCode2CodeAttribute,GroupUser,GenUser,GenDate)values('0FF1F6483A471155E050B90A2793515E','Claim Paid','ReferralStatus','Claim Paid','No Description Available','1','9','0FF1F64839A21155E050B90A2793515E','sa','sa',sysdate)

insert into table_Calendar(ObjId,Name,YearCode,GroupUser,GenUser)values('0FF1F6483A481155E050B90A2793515E','2017','2017','sa','sa')

insert into table_Calendar(ObjId,Name,YearCode,GroupUser,GenUser)values('0FF1F6483A491155E050B90A2793515E','2019','2019','sa','sa')

insert into table_Calendar(ObjId,Name,YearCode,GroupUser,GenUser)values('0FF1F6483A4A1155E050B90A2793515E','2023','2023','sa','sa')

insert into table_Calendar(ObjId,Name,YearCode,GroupUser,GenUser)values('0FF1F6483A4B1155E050B90A2793515E','2018','2018','sa','sa')

insert into table_Calendar(ObjId,Name,YearCode,GroupUser,GenUser)values('0FF1F6483A4C1155E050B90A2793515E','2025','2025','sa','sa')

insert into table_Calendar(ObjId,Name,YearCode,GroupUser,GenUser)values('0FF1F6483A4D1155E050B90A2793515E','2022','2022','sa','sa')

insert into table_Calendar(ObjId,Name,YearCode,GroupUser,GenUser)values('0FF1F6483A4E1155E050B90A2793515E','2024','2024','sa','sa')

insert into table_Calendar(ObjId,Name,YearCode,GroupUser,GenUser)values('0FF1F6483A4F1155E050B90A2793515E','2021','2021','sa','sa')

insert into table_Calendar(ObjId,Name,YearCode,GroupUser,GenUser)values('0FF1F6483A501155E050B90A2793515E','2016','2016','sa','sa')

insert into table_Calendar(ObjId,Name,YearCode,GroupUser,GenUser)values('0FF1F6483A511155E050B90A2793515E','2020','2020','sa','sa')
