insert into Table_ListProperty(objid,name,PropertyString, PropertyValue,Scope,PropIndex,ListProperty2Object,ListProperty2Attribute,GroupUser,GenUser,GenDate)values('0F66771EEFC45AE2E050B90A27937881','GenericCode','ReasonCode','ReasonCode','global',0,'0F66547AEBE2B344E050B90A27937838','0F66547AEBE4B344E050B90A27937838','sa','sa',sysdate)
insert into Table_ListProperty(objid,name,PropertyString, PropertyValue,Scope,PropIndex,ListProperty2Object,ListProperty2Attribute,GroupUser,GenUser,GenDate)values('0F66771EEFC55AE2E050B90A27937881','GenericCode','GroupCode','GroupCode','global',1,'0F66547AEBE2B344E050B90A27937838','0F66547AEBE4B344E050B90A27937838','sa','sa',sysdate)
insert into Table_ListProperty(objid,name,PropertyString, PropertyValue,Scope,PropIndex,ListProperty2Object,ListProperty2Attribute,GroupUser,GenUser,GenDate)values('0F66771EEFC65AE2E050B90A27937881','GenericCode','TaskStatusCode','TaskStatusCode','global',2,'0F66547AEBE2B344E050B90A27937838','0F66547AEBE4B344E050B90A27937838','sa','sa',sysdate)
insert into Table_ListProperty(objid,name,PropertyString, PropertyValue,Scope,PropIndex,ListProperty2Object,ListProperty2Attribute,GroupUser,GenUser,GenDate)values('0F66771EEFC75AE2E050B90A27937881','GenericCode','SubscribeCode','SubscribeCode','global',3,'0F66547AEBE2B344E050B90A27937838','0F66547AEBE4B344E050B90A27937838','sa','sa',sysdate)
insert into Table_ListProperty(objid,name,PropertyString, PropertyValue,Scope,PropIndex,ListProperty2Object,ListProperty2Attribute,GroupUser,GenUser,GenDate)values('0F66771EEFC85AE2E050B90A27937881','GenericCode','CountryCode','CountryCode','global',4,'0F66547AEBE2B344E050B90A27937838','0F66547AEBE4B344E050B90A27937838','sa','sa',sysdate)
insert into Table_ListProperty(objid,name,PropertyString, PropertyValue,Scope,PropIndex,ListProperty2Object,ListProperty2Attribute,GroupUser,GenUser,GenDate)values('0F66771EEFC95AE2E050B90A27937881','GenericCode','MonthCode','MonthCode','global',5,'0F66547AEBE2B344E050B90A27937838','0F66547AEBE4B344E050B90A27937838','sa','sa',sysdate)
insert into Table_ListProperty(objid,name,PropertyString, PropertyValue,Scope,PropIndex,ListProperty2Object,ListProperty2Attribute,GroupUser,GenUser,GenDate)values('0F66771EEFCA5AE2E050B90A27937881','GenericCode','CardTypeCode','CardTypeCode','global',6,'0F66547AEBE2B344E050B90A27937838','0F66547AEBE4B344E050B90A27937838','sa','sa',sysdate)
insert into Table_ListProperty(objid,name,PropertyString, PropertyValue,Scope,PropIndex,ListProperty2Object,ListProperty2Attribute,GroupUser,GenUser,GenDate)values('0F66771EEFCB5AE2E050B90A27937881','GenericCode','DeptCode','DeptCode','global',7,'0F66547AEBE2B344E050B90A27937838','0F66547AEBE4B344E050B90A27937838','sa','sa',sysdate)
insert into Table_ListProperty(objid,name,PropertyString, PropertyValue,Scope,PropIndex,ListProperty2Object,ListProperty2Attribute,GroupUser,GenUser,GenDate)values('0F66771EEFCC5AE2E050B90A27937881','GenericCode','MediaCode','MediaCode','global',8,'0F66547AEBE2B344E050B90A27937838','0F66547AEBE4B344E050B90A27937838','sa','sa',sysdate)
insert into Table_ListProperty(objid,name,PropertyString, PropertyValue,Scope,PropIndex,ListProperty2Object,ListProperty2Attribute,GroupUser,GenUser,GenDate)values('0F66771EEFCD5AE2E050B90A27937881','GenericCode','YearCode','YearCode','global',9,'0F66547AEBE2B344E050B90A27937838','0F66547AEBE4B344E050B90A27937838','sa','sa',sysdate)
<ListProperty>
Object=PrivilegeGroup
Attribute=Status
PropertyString=Active
PropertyValue=1
Scope=
PropIndex=1
</ListProperty>
insert into Table_ListProperty(objid,name,TableName,PropertyString, PropertyValue,Scope,PropIndex,ListProperty2Object,ListProperty2Attribute,GroupUser,GenUser,GenDate)values('0F66771EEFCE5AE2E050B90A27937881','Status','PrivilegeGroup','Active','1','',1,'0F66547AEBA4B344E050B90A27937838','0F66547AEBA7B344E050B90A27937838','sa','sa',sysdate)
<ListProperty>
Object=PrivilegeGroup
Attribute=Status
PropertyString=In Active
PropertyValue=0
Scope=
PropIndex=2
</ListProperty>
insert into Table_ListProperty(objid,name,TableName,PropertyString, PropertyValue,Scope,PropIndex,ListProperty2Object,ListProperty2Attribute,GroupUser,GenUser,GenDate)values('0F66771EEFCF5AE2E050B90A27937881','Status','PrivilegeGroup','In Active','0','',2,'0F66547AEBA4B344E050B90A27937838','0F66547AEBA7B344E050B90A27937838','sa','sa',sysdate)
<ListProperty>
Object=MyBug
Attribute=Priority
PropertyString=Priority-0
PropertyValue=Priority-0
Scope=
PropIndex=1
</ListProperty>
insert into Table_ListProperty(objid,name,TableName,PropertyString, PropertyValue,Scope,PropIndex,ListProperty2Object,ListProperty2Attribute,GroupUser,GenUser,GenDate)values('0F66771EEFD05AE2E050B90A27937881','Priority','MyBug','Priority-0','Priority-0','',1,'0F66547AEDA7B344E050B90A27937838','0F66547AEDAEB344E050B90A27937838','sa','sa',sysdate)
<ListProperty>
Object=MyBug
Attribute=Priority
PropertyString=Priority-1
PropertyValue=Priority-1
Scope=
PropIndex=2
</ListProperty>
insert into Table_ListProperty(objid,name,TableName,PropertyString, PropertyValue,Scope,PropIndex,ListProperty2Object,ListProperty2Attribute,GroupUser,GenUser,GenDate)values('0F66771EEFD15AE2E050B90A27937881','Priority','MyBug','Priority-1','Priority-1','',2,'0F66547AEDA7B344E050B90A27937838','0F66547AEDAEB344E050B90A27937838','sa','sa',sysdate)
<ListProperty>
Object=MyBug
Attribute=Priority
PropertyString=Priority-2
PropertyValue=Priority-2
Scope=
PropIndex=3
</ListProperty>
insert into Table_ListProperty(objid,name,TableName,PropertyString, PropertyValue,Scope,PropIndex,ListProperty2Object,ListProperty2Attribute,GroupUser,GenUser,GenDate)values('0F66771EEFD25AE2E050B90A27937881','Priority','MyBug','Priority-2','Priority-2','',3,'0F66547AEDA7B344E050B90A27937838','0F66547AEDAEB344E050B90A27937838','sa','sa',sysdate)
<ListProperty>
Object=MyBug
Attribute=Priority
PropertyString=Priority-3
PropertyValue=Priority-3
Scope=
PropIndex=4
</ListProperty>
insert into Table_ListProperty(objid,name,TableName,PropertyString, PropertyValue,Scope,PropIndex,ListProperty2Object,ListProperty2Attribute,GroupUser,GenUser,GenDate)values('0F66771EEFD35AE2E050B90A27937881','Priority','MyBug','Priority-3','Priority-3','',4,'0F66547AEDA7B344E050B90A27937838','0F66547AEDAEB344E050B90A27937838','sa','sa',sysdate)
<ListProperty>
Object=MyBug
Attribute=Severity
PropertyString=Critical
PropertyValue=Critical
Scope=
PropIndex=1
</ListProperty>
insert into Table_ListProperty(objid,name,TableName,PropertyString, PropertyValue,Scope,PropIndex,ListProperty2Object,ListProperty2Attribute,GroupUser,GenUser,GenDate)values('0F66771EEFD45AE2E050B90A27937881','Severity','MyBug','Critical','Critical','',1,'0F66547AEDA7B344E050B90A27937838','0F66547AEDAFB344E050B90A27937838','sa','sa',sysdate)
<ListProperty>
Object=MyBug
Attribute=Severity
PropertyString=Severity-1
PropertyValue=Severity-1
Scope=
PropIndex=2
</ListProperty>
insert into Table_ListProperty(objid,name,TableName,PropertyString, PropertyValue,Scope,PropIndex,ListProperty2Object,ListProperty2Attribute,GroupUser,GenUser,GenDate)values('0F66771EEFD55AE2E050B90A27937881','Severity','MyBug','Severity-1','Severity-1','',2,'0F66547AEDA7B344E050B90A27937838','0F66547AEDAFB344E050B90A27937838','sa','sa',sysdate)
<ListProperty>
Object=MyBug
Attribute=Severity
PropertyString=Severity-2
PropertyValue=Severity-2
Scope=
PropIndex=3
</ListProperty>
insert into Table_ListProperty(objid,name,TableName,PropertyString, PropertyValue,Scope,PropIndex,ListProperty2Object,ListProperty2Attribute,GroupUser,GenUser,GenDate)values('0F66771EEFD65AE2E050B90A27937881','Severity','MyBug','Severity-2','Severity-2','',3,'0F66547AEDA7B344E050B90A27937838','0F66547AEDAFB344E050B90A27937838','sa','sa',sysdate)
<ListProperty>
Object=MyBug
Attribute=Severity
PropertyString=Severity-3
PropertyValue=Severity-3
Scope=
PropIndex=4
</ListProperty>
insert into Table_ListProperty(objid,name,TableName,PropertyString, PropertyValue,Scope,PropIndex,ListProperty2Object,ListProperty2Attribute,GroupUser,GenUser,GenDate)values('0F66771EEFD75AE2E050B90A27937881','Severity','MyBug','Severity-3','Severity-3','',4,'0F66547AEDA7B344E050B90A27937838','0F66547AEDAFB344E050B90A27937838','sa','sa',sysdate)
<ListProperty>
Object=MyBug
Attribute=Type
PropertyString=Functional
PropertyValue=Functional
Scope=
PropIndex=1
</ListProperty>
insert into Table_ListProperty(objid,name,TableName,PropertyString, PropertyValue,Scope,PropIndex,ListProperty2Object,ListProperty2Attribute,GroupUser,GenUser,GenDate)values('0F66771EEFD85AE2E050B90A27937881','Type','MyBug','Functional','Functional','',1,'0F66547AEDA7B344E050B90A27937838','0F66547AEDADB344E050B90A27937838','sa','sa',sysdate)
<ListProperty>
Object=MyBug
Attribute=Type
PropertyString=Production
PropertyValue=Production
Scope=
PropIndex=2
</ListProperty>
insert into Table_ListProperty(objid,name,TableName,PropertyString, PropertyValue,Scope,PropIndex,ListProperty2Object,ListProperty2Attribute,GroupUser,GenUser,GenDate)values('0F66771EEFD95AE2E050B90A27937881','Type','MyBug','Production','Production','',2,'0F66547AEDA7B344E050B90A27937838','0F66547AEDADB344E050B90A27937838','sa','sa',sysdate)
<ListProperty>
Object=MyBug
Attribute=Type
PropertyString=Regression
PropertyValue=Regression
Scope=
PropIndex=3
</ListProperty>
insert into Table_ListProperty(objid,name,TableName,PropertyString, PropertyValue,Scope,PropIndex,ListProperty2Object,ListProperty2Attribute,GroupUser,GenUser,GenDate)values('0F66771EEFDA5AE2E050B90A27937881','Type','MyBug','Regression','Regression','',3,'0F66547AEDA7B344E050B90A27937838','0F66547AEDADB344E050B90A27937838','sa','sa',sysdate)
<ListProperty>
Object=MyBug
Attribute=Type
PropertyString=Other
PropertyValue=Other
Scope=
PropIndex=4
</ListProperty>
insert into Table_ListProperty(objid,name,TableName,PropertyString, PropertyValue,Scope,PropIndex,ListProperty2Object,ListProperty2Attribute,GroupUser,GenUser,GenDate)values('0F66771EEFDB5AE2E050B90A27937881','Type','MyBug','Other','Other','',4,'0F66547AEDA7B344E050B90A27937838','0F66547AEDADB344E050B90A27937838','sa','sa',sysdate)
<ListProperty>
Object=MyBug
Attribute=Status
PropertyString=Open
PropertyValue=Open
Scope=
PropIndex=1
</ListProperty>
insert into Table_ListProperty(objid,name,TableName,PropertyString, PropertyValue,Scope,PropIndex,ListProperty2Object,ListProperty2Attribute,GroupUser,GenUser,GenDate)values('0F66771EEFDC5AE2E050B90A27937881','Status','MyBug','Open','Open','',1,'0F66547AEDA7B344E050B90A27937838','0F66547AEDAAB344E050B90A27937838','sa','sa',sysdate)
<ListProperty>
Object=MyBug
Attribute=Status
PropertyString=Resolved
PropertyValue=Resolved
Scope=
PropIndex=2
</ListProperty>
insert into Table_ListProperty(objid,name,TableName,PropertyString, PropertyValue,Scope,PropIndex,ListProperty2Object,ListProperty2Attribute,GroupUser,GenUser,GenDate)values('0F66771EEFDD5AE2E050B90A27937881','Status','MyBug','Resolved','Resolved','',2,'0F66547AEDA7B344E050B90A27937838','0F66547AEDAAB344E050B90A27937838','sa','sa',sysdate)
<ListProperty>
Object=MyBug
Attribute=Status
PropertyString=Pending
PropertyValue=Pending
Scope=
PropIndex=3
</ListProperty>
insert into Table_ListProperty(objid,name,TableName,PropertyString, PropertyValue,Scope,PropIndex,ListProperty2Object,ListProperty2Attribute,GroupUser,GenUser,GenDate)values('0F66771EEFDE5AE2E050B90A27937881','Status','MyBug','Pending','Pending','',3,'0F66547AEDA7B344E050B90A27937838','0F66547AEDAAB344E050B90A27937838','sa','sa',sysdate)
<ListProperty>
Object=MyBug
Attribute=Status
PropertyString=Investigating
PropertyValue=Investigating
Scope=
PropIndex=4
</ListProperty>
insert into Table_ListProperty(objid,name,TableName,PropertyString, PropertyValue,Scope,PropIndex,ListProperty2Object,ListProperty2Attribute,GroupUser,GenUser,GenDate)values('0F66771EEFDF5AE2E050B90A27937881','Status','MyBug','Investigating','Investigating','',4,'0F66547AEDA7B344E050B90A27937838','0F66547AEDAAB344E050B90A27937838','sa','sa',sysdate)
<ListProperty>
Object=MyBug
Attribute=Status
PropertyString=Deferred
PropertyValue=Deferred
Scope=
PropIndex=5
</ListProperty>
insert into Table_ListProperty(objid,name,TableName,PropertyString, PropertyValue,Scope,PropIndex,ListProperty2Object,ListProperty2Attribute,GroupUser,GenUser,GenDate)values('0F66771EEFE05AE2E050B90A27937881','Status','MyBug','Deferred','Deferred','',5,'0F66547AEDA7B344E050B90A27937838','0F66547AEDAAB344E050B90A27937838','sa','sa',sysdate)
<ListProperty>
Object=MyBug
Attribute=Status
PropertyString=Closed
PropertyValue=Closed
Scope=
PropIndex=6
</ListProperty>
insert into Table_ListProperty(objid,name,TableName,PropertyString, PropertyValue,Scope,PropIndex,ListProperty2Object,ListProperty2Attribute,GroupUser,GenUser,GenDate)values('0F66771EEFE15AE2E050B90A27937881','Status','MyBug','Closed','Closed','',6,'0F66547AEDA7B344E050B90A27937838','0F66547AEDAAB344E050B90A27937838','sa','sa',sysdate)
<ListProperty>
Object=Bug
Attribute=Priority
PropertyString=Priority-0
PropertyValue=Priority-0
Scope=
PropIndex=1
</ListProperty>
insert into Table_ListProperty(objid,name,TableName,PropertyString, PropertyValue,Scope,PropIndex,ListProperty2Object,ListProperty2Attribute,GroupUser,GenUser,GenDate)values('0F66771EEFE25AE2E050B90A27937881','Priority','Bug','Priority-0','Priority-0','',1,'0F66547AEC88B344E050B90A27937838','0F66547AEC8FB344E050B90A27937838','sa','sa',sysdate)
<ListProperty>
Object=Bug
Attribute=Priority
PropertyString=Priority-1
PropertyValue=Priority-1
Scope=
PropIndex=2
</ListProperty>
insert into Table_ListProperty(objid,name,TableName,PropertyString, PropertyValue,Scope,PropIndex,ListProperty2Object,ListProperty2Attribute,GroupUser,GenUser,GenDate)values('0F66771EEFE35AE2E050B90A27937881','Priority','Bug','Priority-1','Priority-1','',2,'0F66547AEC88B344E050B90A27937838','0F66547AEC8FB344E050B90A27937838','sa','sa',sysdate)
<ListProperty>
Object=Bug
Attribute=Priority
PropertyString=Priority-2
PropertyValue=Priority-2
Scope=
PropIndex=3
</ListProperty>
insert into Table_ListProperty(objid,name,TableName,PropertyString, PropertyValue,Scope,PropIndex,ListProperty2Object,ListProperty2Attribute,GroupUser,GenUser,GenDate)values('0F66771EEFE45AE2E050B90A27937881','Priority','Bug','Priority-2','Priority-2','',3,'0F66547AEC88B344E050B90A27937838','0F66547AEC8FB344E050B90A27937838','sa','sa',sysdate)
<ListProperty>
Object=Bug
Attribute=Priority
PropertyString=Priority-3
PropertyValue=Priority-3
Scope=
PropIndex=4
</ListProperty>
insert into Table_ListProperty(objid,name,TableName,PropertyString, PropertyValue,Scope,PropIndex,ListProperty2Object,ListProperty2Attribute,GroupUser,GenUser,GenDate)values('0F66771EEFE55AE2E050B90A27937881','Priority','Bug','Priority-3','Priority-3','',4,'0F66547AEC88B344E050B90A27937838','0F66547AEC8FB344E050B90A27937838','sa','sa',sysdate)
<ListProperty>
Object=Bug
Attribute=Severity
PropertyString=Critical
PropertyValue=Critical
Scope=
PropIndex=1
</ListProperty>
insert into Table_ListProperty(objid,name,TableName,PropertyString, PropertyValue,Scope,PropIndex,ListProperty2Object,ListProperty2Attribute,GroupUser,GenUser,GenDate)values('0F66771EEFE65AE2E050B90A27937881','Severity','Bug','Critical','Critical','',1,'0F66547AEC88B344E050B90A27937838','0F66547AEC90B344E050B90A27937838','sa','sa',sysdate)
<ListProperty>
Object=Bug
Attribute=Severity
PropertyString=Severity-1
PropertyValue=Severity-1
Scope=
PropIndex=2
</ListProperty>
insert into Table_ListProperty(objid,name,TableName,PropertyString, PropertyValue,Scope,PropIndex,ListProperty2Object,ListProperty2Attribute,GroupUser,GenUser,GenDate)values('0F66771EEFE75AE2E050B90A27937881','Severity','Bug','Severity-1','Severity-1','',2,'0F66547AEC88B344E050B90A27937838','0F66547AEC90B344E050B90A27937838','sa','sa',sysdate)
<ListProperty>
Object=Bug
Attribute=Severity
PropertyString=Severity-2
PropertyValue=Severity-2
Scope=
PropIndex=3
</ListProperty>
insert into Table_ListProperty(objid,name,TableName,PropertyString, PropertyValue,Scope,PropIndex,ListProperty2Object,ListProperty2Attribute,GroupUser,GenUser,GenDate)values('0F66771EEFE85AE2E050B90A27937881','Severity','Bug','Severity-2','Severity-2','',3,'0F66547AEC88B344E050B90A27937838','0F66547AEC90B344E050B90A27937838','sa','sa',sysdate)
<ListProperty>
Object=Bug
Attribute=Severity
PropertyString=Severity-3
PropertyValue=Severity-3
Scope=
PropIndex=4
</ListProperty>
insert into Table_ListProperty(objid,name,TableName,PropertyString, PropertyValue,Scope,PropIndex,ListProperty2Object,ListProperty2Attribute,GroupUser,GenUser,GenDate)values('0F66771EEFE95AE2E050B90A27937881','Severity','Bug','Severity-3','Severity-3','',4,'0F66547AEC88B344E050B90A27937838','0F66547AEC90B344E050B90A27937838','sa','sa',sysdate)
<ListProperty>
Object=Bug
Attribute=Type
PropertyString=Functional
PropertyValue=Functional
Scope=
PropIndex=1
</ListProperty>
insert into Table_ListProperty(objid,name,TableName,PropertyString, PropertyValue,Scope,PropIndex,ListProperty2Object,ListProperty2Attribute,GroupUser,GenUser,GenDate)values('0F66771EEFEA5AE2E050B90A27937881','Type','Bug','Functional','Functional','',1,'0F66547AEC88B344E050B90A27937838','0F66547AEC8EB344E050B90A27937838','sa','sa',sysdate)
<ListProperty>
Object=Bug
Attribute=Type
PropertyString=Production
PropertyValue=Production
Scope=
PropIndex=2
</ListProperty>
insert into Table_ListProperty(objid,name,TableName,PropertyString, PropertyValue,Scope,PropIndex,ListProperty2Object,ListProperty2Attribute,GroupUser,GenUser,GenDate)values('0F66771EEFEB5AE2E050B90A27937881','Type','Bug','Production','Production','',2,'0F66547AEC88B344E050B90A27937838','0F66547AEC8EB344E050B90A27937838','sa','sa',sysdate)
<ListProperty>
Object=Bug
Attribute=Type
PropertyString=Regression
PropertyValue=Regression
Scope=
PropIndex=3
</ListProperty>
insert into Table_ListProperty(objid,name,TableName,PropertyString, PropertyValue,Scope,PropIndex,ListProperty2Object,ListProperty2Attribute,GroupUser,GenUser,GenDate)values('0F66771EEFEC5AE2E050B90A27937881','Type','Bug','Regression','Regression','',3,'0F66547AEC88B344E050B90A27937838','0F66547AEC8EB344E050B90A27937838','sa','sa',sysdate)
<ListProperty>
Object=Bug
Attribute=Type
PropertyString=Other
PropertyValue=Other
Scope=
PropIndex=4
</ListProperty>
insert into Table_ListProperty(objid,name,TableName,PropertyString, PropertyValue,Scope,PropIndex,ListProperty2Object,ListProperty2Attribute,GroupUser,GenUser,GenDate)values('0F66771EEFED5AE2E050B90A27937881','Type','Bug','Other','Other','',4,'0F66547AEC88B344E050B90A27937838','0F66547AEC8EB344E050B90A27937838','sa','sa',sysdate)
<ListProperty>
Object=Bug
Attribute=Status
PropertyString=Open
PropertyValue=Open
Scope=
PropIndex=1
</ListProperty>
insert into Table_ListProperty(objid,name,TableName,PropertyString, PropertyValue,Scope,PropIndex,ListProperty2Object,ListProperty2Attribute,GroupUser,GenUser,GenDate)values('0F66771EEFEE5AE2E050B90A27937881','Status','Bug','Open','Open','',1,'0F66547AEC88B344E050B90A27937838','0F66547AEC8BB344E050B90A27937838','sa','sa',sysdate)
<ListProperty>
Object=Bug
Attribute=Status
PropertyString=Resolved
PropertyValue=Resolved
Scope=
PropIndex=2
</ListProperty>
insert into Table_ListProperty(objid,name,TableName,PropertyString, PropertyValue,Scope,PropIndex,ListProperty2Object,ListProperty2Attribute,GroupUser,GenUser,GenDate)values('0F66771EEFEF5AE2E050B90A27937881','Status','Bug','Resolved','Resolved','',2,'0F66547AEC88B344E050B90A27937838','0F66547AEC8BB344E050B90A27937838','sa','sa',sysdate)
<ListProperty>
Object=Bug
Attribute=Status
PropertyString=Pending
PropertyValue=Pending
Scope=
PropIndex=3
</ListProperty>
insert into Table_ListProperty(objid,name,TableName,PropertyString, PropertyValue,Scope,PropIndex,ListProperty2Object,ListProperty2Attribute,GroupUser,GenUser,GenDate)values('0F66771EEFF05AE2E050B90A27937881','Status','Bug','Pending','Pending','',3,'0F66547AEC88B344E050B90A27937838','0F66547AEC8BB344E050B90A27937838','sa','sa',sysdate)
<ListProperty>
Object=Bug
Attribute=Status
PropertyString=Investigating
PropertyValue=Investigating
Scope=
PropIndex=4
</ListProperty>
insert into Table_ListProperty(objid,name,TableName,PropertyString, PropertyValue,Scope,PropIndex,ListProperty2Object,ListProperty2Attribute,GroupUser,GenUser,GenDate)values('0F66771EEFF15AE2E050B90A27937881','Status','Bug','Investigating','Investigating','',4,'0F66547AEC88B344E050B90A27937838','0F66547AEC8BB344E050B90A27937838','sa','sa',sysdate)
<ListProperty>
Object=Bug
Attribute=Status
PropertyString=Deferred
PropertyValue=Deferred
Scope=
PropIndex=5
</ListProperty>
insert into Table_ListProperty(objid,name,TableName,PropertyString, PropertyValue,Scope,PropIndex,ListProperty2Object,ListProperty2Attribute,GroupUser,GenUser,GenDate)values('0F66771EEFF25AE2E050B90A27937881','Status','Bug','Deferred','Deferred','',5,'0F66547AEC88B344E050B90A27937838','0F66547AEC8BB344E050B90A27937838','sa','sa',sysdate)
<ListProperty>
Object=Bug
Attribute=Status
PropertyString=Closed
PropertyValue=Closed
Scope=
PropIndex=6
</ListProperty>
insert into Table_ListProperty(objid,name,TableName,PropertyString, PropertyValue,Scope,PropIndex,ListProperty2Object,ListProperty2Attribute,GroupUser,GenUser,GenDate)values('0F66771EEFF35AE2E050B90A27937881','Status','Bug','Closed','Closed','',6,'0F66547AEC88B344E050B90A27937838','0F66547AEC8BB344E050B90A27937838','sa','sa',sysdate)
<ListProperty>
Object=Module
Attribute=Name
PropertyString=Product
PropertyValue=product
Scope=
PropIndex=1
</ListProperty>
insert into Table_ListProperty(objid,name,TableName,PropertyString, PropertyValue,Scope,PropIndex,ListProperty2Object,ListProperty2Attribute,GroupUser,GenUser,GenDate)values('0F66771EEFF45AE2E050B90A27937881','Name','Module','Product','product','',1,'0F66547AEB6EB344E050B90A27937838','0F66547AEB6FB344E050B90A27937838','sa','sa',sysdate)
<ListProperty>
Object=Module
Attribute=Name
PropertyString=Projects
PropertyValue=project
Scope=
PropIndex=2
</ListProperty>
insert into Table_ListProperty(objid,name,TableName,PropertyString, PropertyValue,Scope,PropIndex,ListProperty2Object,ListProperty2Attribute,GroupUser,GenUser,GenDate)values('0F66771EEFF55AE2E050B90A27937881','Name','Module','Projects','project','',2,'0F66547AEB6EB344E050B90A27937838','0F66547AEB6FB344E050B90A27937838','sa','sa',sysdate)
<ListProperty>
Object=Module
Attribute=Name
PropertyString=Feature
PropertyValue=projectfeature
Scope=
PropIndex=3
</ListProperty>
insert into Table_ListProperty(objid,name,TableName,PropertyString, PropertyValue,Scope,PropIndex,ListProperty2Object,ListProperty2Attribute,GroupUser,GenUser,GenDate)values('0F66771EEFF65AE2E050B90A27937881','Name','Module','Feature','projectfeature','',3,'0F66547AEB6EB344E050B90A27937838','0F66547AEB6FB344E050B90A27937838','sa','sa',sysdate)
<ListProperty>
Object=Module
Attribute=Name
PropertyString=Scenerio
PropertyValue=projectscenerio
Scope=
PropIndex=4
</ListProperty>
insert into Table_ListProperty(objid,name,TableName,PropertyString, PropertyValue,Scope,PropIndex,ListProperty2Object,ListProperty2Attribute,GroupUser,GenUser,GenDate)values('0F66771EEFF75AE2E050B90A27937881','Name','Module','Scenerio','projectscenerio','',4,'0F66547AEB6EB344E050B90A27937838','0F66547AEB6FB344E050B90A27937838','sa','sa',sysdate)
<ListProperty>
Object=Module
Attribute=Name
PropertyString=Test matrix
PropertyValue=projectmatrix
Scope=
PropIndex=5
</ListProperty>
insert into Table_ListProperty(objid,name,TableName,PropertyString, PropertyValue,Scope,PropIndex,ListProperty2Object,ListProperty2Attribute,GroupUser,GenUser,GenDate)values('0F66771EEFF85AE2E050B90A27937881','Name','Module','Test matrix','projectmatrix','',5,'0F66547AEB6EB344E050B90A27937838','0F66547AEB6FB344E050B90A27937838','sa','sa',sysdate)
<ListProperty>
Object=Module
Attribute=Name
PropertyString=Testrun
PropertyValue=testrun
Scope=
PropIndex=6
</ListProperty>
insert into Table_ListProperty(objid,name,TableName,PropertyString, PropertyValue,Scope,PropIndex,ListProperty2Object,ListProperty2Attribute,GroupUser,GenUser,GenDate)values('0F66771EEFF95AE2E050B90A27937881','Name','Module','Testrun','testrun','',6,'0F66547AEB6EB344E050B90A27937838','0F66547AEB6FB344E050B90A27937838','sa','sa',sysdate)
<ListProperty>
Object=Module
Attribute=Name
PropertyString=Feature Run
PropertyValue=featurerun
Scope=
PropIndex=7
</ListProperty>
insert into Table_ListProperty(objid,name,TableName,PropertyString, PropertyValue,Scope,PropIndex,ListProperty2Object,ListProperty2Attribute,GroupUser,GenUser,GenDate)values('0F66771EEFFA5AE2E050B90A27937881','Name','Module','Feature Run','featurerun','',7,'0F66547AEB6EB344E050B90A27937838','0F66547AEB6FB344E050B90A27937838','sa','sa',sysdate)
<ListProperty>
Object=Module
Attribute=Name
PropertyString=Scenerio Run
PropertyValue=testscenerio
Scope=
PropIndex=8
</ListProperty>
insert into Table_ListProperty(objid,name,TableName,PropertyString, PropertyValue,Scope,PropIndex,ListProperty2Object,ListProperty2Attribute,GroupUser,GenUser,GenDate)values('0F66771EEFFB5AE2E050B90A27937881','Name','Module','Scenerio Run','testscenerio','',8,'0F66547AEB6EB344E050B90A27937838','0F66547AEB6FB344E050B90A27937838','sa','sa',sysdate)
<ListProperty>
Object=Module
Attribute=Name
PropertyString=Bugs
PropertyValue=bug
Scope=
PropIndex=9
</ListProperty>
insert into Table_ListProperty(objid,name,TableName,PropertyString, PropertyValue,Scope,PropIndex,ListProperty2Object,ListProperty2Attribute,GroupUser,GenUser,GenDate)values('0F66771EEFFC5AE2E050B90A27937881','Name','Module','Bugs','bug','',9,'0F66547AEB6EB344E050B90A27937838','0F66547AEB6FB344E050B90A27937838','sa','sa',sysdate)
<ListProperty>
Object=Module
Attribute=Name
PropertyString=Boards
PropertyValue=projectboard
Scope=
PropIndex=10
</ListProperty>
insert into Table_ListProperty(objid,name,TableName,PropertyString, PropertyValue,Scope,PropIndex,ListProperty2Object,ListProperty2Attribute,GroupUser,GenUser,GenDate)values('0F66771EEFFD5AE2E050B90A27937881','Name','Module','Boards','projectboard','',10,'0F66547AEB6EB344E050B90A27937838','0F66547AEB6FB344E050B90A27937838','sa','sa',sysdate)
<ListProperty>
Object=Module
Attribute=Name
PropertyString=Timesheet
PropertyValue=weeksheet
Scope=
PropIndex=10
</ListProperty>
insert into Table_ListProperty(objid,name,TableName,PropertyString, PropertyValue,Scope,PropIndex,ListProperty2Object,ListProperty2Attribute,GroupUser,GenUser,GenDate)values('0F66771EEFFE5AE2E050B90A27937881','Name','Module','Timesheet','weeksheet','',10,'0F66547AEB6EB344E050B90A27937838','0F66547AEB6FB344E050B90A27937838','sa','sa',sysdate)
<ListProperty>
Object=Module
Attribute=Name
PropertyString=Users
PropertyValue=testuser
Scope=
PropIndex=11
</ListProperty>
insert into Table_ListProperty(objid,name,TableName,PropertyString, PropertyValue,Scope,PropIndex,ListProperty2Object,ListProperty2Attribute,GroupUser,GenUser,GenDate)values('0F66771EEFFF5AE2E050B90A27937881','Name','Module','Users','testuser','',11,'0F66547AEB6EB344E050B90A27937838','0F66547AEB6FB344E050B90A27937838','sa','sa',sysdate)
<ListProperty>
Object=Module
Attribute=Name
PropertyString=Company
PropertyValue=company
Scope=
PropIndex=12
</ListProperty>
insert into Table_ListProperty(objid,name,TableName,PropertyString, PropertyValue,Scope,PropIndex,ListProperty2Object,ListProperty2Attribute,GroupUser,GenUser,GenDate)values('0F66771EF0005AE2E050B90A27937881','Name','Module','Company','company','',12,'0F66547AEB6EB344E050B90A27937838','0F66547AEB6FB344E050B90A27937838','sa','sa',sysdate)
<ListProperty>
Object=Member
Attribute=SprintRole
PropertyString=QE Engineer
PropertyValue=QE Enginner
Scope=
PropIndex=1
</ListProperty>
insert into Table_ListProperty(objid,name,TableName,PropertyString, PropertyValue,Scope,PropIndex,ListProperty2Object,ListProperty2Attribute,GroupUser,GenUser,GenDate)values('0F66771EF0015AE2E050B90A27937881','SprintRole','Member','QE Engineer','QE Enginner','',1,'0F66547AECA4B344E050B90A27937838','0F66547AECA6B344E050B90A27937838','sa','sa',sysdate)
<ListProperty>
Object=Member
Attribute=SprintRole
PropertyString=Developer
PropertyValue=Developer
Scope=
PropIndex=2
</ListProperty>
insert into Table_ListProperty(objid,name,TableName,PropertyString, PropertyValue,Scope,PropIndex,ListProperty2Object,ListProperty2Attribute,GroupUser,GenUser,GenDate)values('0F66771EF0025AE2E050B90A27937881','SprintRole','Member','Developer','Developer','',2,'0F66547AECA4B344E050B90A27937838','0F66547AECA6B344E050B90A27937838','sa','sa',sysdate)
<ListProperty>
Object=Member
Attribute=SprintRole
PropertyString=QE Manager
PropertyValue=QE Manager
Scope=
PropIndex=3
</ListProperty>
insert into Table_ListProperty(objid,name,TableName,PropertyString, PropertyValue,Scope,PropIndex,ListProperty2Object,ListProperty2Attribute,GroupUser,GenUser,GenDate)values('0F66771EF0035AE2E050B90A27937881','SprintRole','Member','QE Manager','QE Manager','',3,'0F66547AECA4B344E050B90A27937838','0F66547AECA6B344E050B90A27937838','sa','sa',sysdate)
<ListProperty>
Object=Member
Attribute=SprintRole
PropertyString=Dev Manager
PropertyValue=Dev Manager
Scope=
PropIndex=4
</ListProperty>
insert into Table_ListProperty(objid,name,TableName,PropertyString, PropertyValue,Scope,PropIndex,ListProperty2Object,ListProperty2Attribute,GroupUser,GenUser,GenDate)values('0F66771EF0045AE2E050B90A27937881','SprintRole','Member','Dev Manager','Dev Manager','',4,'0F66547AECA4B344E050B90A27937838','0F66547AECA6B344E050B90A27937838','sa','sa',sysdate)
<ListProperty>
Object=Member
Attribute=SprintRole
PropertyString=Prod Manager
PropertyValue=Prod Manager
Scope=
PropIndex=5
</ListProperty>
insert into Table_ListProperty(objid,name,TableName,PropertyString, PropertyValue,Scope,PropIndex,ListProperty2Object,ListProperty2Attribute,GroupUser,GenUser,GenDate)values('0F66771EF0055AE2E050B90A27937881','SprintRole','Member','Prod Manager','Prod Manager','',5,'0F66547AECA4B344E050B90A27937838','0F66547AECA6B344E050B90A27937838','sa','sa',sysdate)
<ListProperty>
Object=Member
Attribute=SprintRole
PropertyString=Architect
PropertyValue=Architect
Scope=
PropIndex=6
</ListProperty>
insert into Table_ListProperty(objid,name,TableName,PropertyString, PropertyValue,Scope,PropIndex,ListProperty2Object,ListProperty2Attribute,GroupUser,GenUser,GenDate)values('0F66771EF0065AE2E050B90A27937881','SprintRole','Member','Architect','Architect','',6,'0F66547AECA4B344E050B90A27937838','0F66547AECA6B344E050B90A27937838','sa','sa',sysdate)
<ListProperty>
Object=Member
Attribute=SprintRole
PropertyString=Scrum Master
PropertyValue=Scrum Master
Scope=
PropIndex=7
</ListProperty>
insert into Table_ListProperty(objid,name,TableName,PropertyString, PropertyValue,Scope,PropIndex,ListProperty2Object,ListProperty2Attribute,GroupUser,GenUser,GenDate)values('0F66771EF0075AE2E050B90A27937881','SprintRole','Member','Scrum Master','Scrum Master','',7,'0F66547AECA4B344E050B90A27937838','0F66547AECA6B344E050B90A27937838','sa','sa',sysdate)
<ListProperty>
Object=Member
Attribute=SprintRole
PropertyString=Other
PropertyValue=Other
Scope=
PropIndex=8
</ListProperty>
insert into Table_ListProperty(objid,name,TableName,PropertyString, PropertyValue,Scope,PropIndex,ListProperty2Object,ListProperty2Attribute,GroupUser,GenUser,GenDate)values('0F66771EF0085AE2E050B90A27937881','SprintRole','Member','Other','Other','',8,'0F66547AECA4B344E050B90A27937838','0F66547AECA6B344E050B90A27937838','sa','sa',sysdate)
<ListProperty>
Object=TestUser
Attribute=UserType
PropertyString=Group User
PropertyValue=1
Scope=
PropIndex=1
</ListProperty>
insert into Table_ListProperty(objid,name,TableName,PropertyString, PropertyValue,Scope,PropIndex,ListProperty2Object,ListProperty2Attribute,GroupUser,GenUser,GenDate)values('0F66771EF0095AE2E050B90A27937881','UserType','TestUser','Group User','1','',1,'0F66547AEBA9B344E050B90A27937838','0F66547AEBB0B344E050B90A27937838','sa','sa',sysdate)
<ListProperty>
Object=TestUser
Attribute=UserType
PropertyString=Admin
PropertyValue=2
Scope=
PropIndex=2
</ListProperty>
insert into Table_ListProperty(objid,name,TableName,PropertyString, PropertyValue,Scope,PropIndex,ListProperty2Object,ListProperty2Attribute,GroupUser,GenUser,GenDate)values('0F66771EF00A5AE2E050B90A27937881','UserType','TestUser','Admin','2','',2,'0F66547AEBA9B344E050B90A27937838','0F66547AEBB0B344E050B90A27937838','sa','sa',sysdate)
<ListProperty>
Object=TestUser
Attribute=Status
PropertyString=Active
PropertyValue=1
Scope=
PropIndex=1
</ListProperty>
insert into Table_ListProperty(objid,name,TableName,PropertyString, PropertyValue,Scope,PropIndex,ListProperty2Object,ListProperty2Attribute,GroupUser,GenUser,GenDate)values('0F66771EF00B5AE2E050B90A27937881','Status','TestUser','Active','1','',1,'0F66547AEBA9B344E050B90A27937838','0F66547AEBAFB344E050B90A27937838','sa','sa',sysdate)
<ListProperty>
Object=TestUser
Attribute=Status
PropertyString=In Active
PropertyValue=2
Scope=
PropIndex=2
</ListProperty>
insert into Table_ListProperty(objid,name,TableName,PropertyString, PropertyValue,Scope,PropIndex,ListProperty2Object,ListProperty2Attribute,GroupUser,GenUser,GenDate)values('0F66771EF00C5AE2E050B90A27937881','Status','TestUser','In Active','2','',2,'0F66547AEBA9B344E050B90A27937838','0F66547AEBAFB344E050B90A27937838','sa','sa',sysdate)
<ListProperty>
Object=Project
Attribute=Status
PropertyString=Open
PropertyValue=Open
Scope=
PropIndex=1
</ListProperty>
insert into Table_ListProperty(objid,name,TableName,PropertyString, PropertyValue,Scope,PropIndex,ListProperty2Object,ListProperty2Attribute,GroupUser,GenUser,GenDate)values('0F66771EF00D5AE2E050B90A27937881','Status','Project','Open','Open','',1,'0F66547AEC34B344E050B90A27937838','0F66547AEC38B344E050B90A27937838','sa','sa',sysdate)
<ListProperty>
Object=Project
Attribute=Status
PropertyString=Closed
PropertyValue=Closed
Scope=
PropIndex=2
</ListProperty>
insert into Table_ListProperty(objid,name,TableName,PropertyString, PropertyValue,Scope,PropIndex,ListProperty2Object,ListProperty2Attribute,GroupUser,GenUser,GenDate)values('0F66771EF00E5AE2E050B90A27937881','Status','Project','Closed','Closed','',2,'0F66547AEC34B344E050B90A27937838','0F66547AEC38B344E050B90A27937838','sa','sa',sysdate)
<ListProperty>
Object=Project
Attribute=Status
PropertyString=In Progress
PropertyValue=In Progress
Scope=
PropIndex=3
</ListProperty>
insert into Table_ListProperty(objid,name,TableName,PropertyString, PropertyValue,Scope,PropIndex,ListProperty2Object,ListProperty2Attribute,GroupUser,GenUser,GenDate)values('0F66771EF00F5AE2E050B90A27937881','Status','Project','In Progress','In Progress','',3,'0F66547AEC34B344E050B90A27937838','0F66547AEC38B344E050B90A27937838','sa','sa',sysdate)
<ListProperty>
Object=Scenerio
Attribute=IsAutomated
PropertyString=No
PropertyValue=No
Scope=
PropIndex=1
</ListProperty>
insert into Table_ListProperty(objid,name,TableName,PropertyString, PropertyValue,Scope,PropIndex,ListProperty2Object,ListProperty2Attribute,GroupUser,GenUser,GenDate)values('0F66771EF0105AE2E050B90A27937881','IsAutomated','Scenerio','No','No','',1,'0F66547AEC45B344E050B90A27937838','0F66547AEC4CB344E050B90A27937838','sa','sa',sysdate)
<ListProperty>
Object=Scenerio
Attribute=IsAutomated
PropertyString=Yes
PropertyValue=Yes
Scope=
PropIndex=2
</ListProperty>
insert into Table_ListProperty(objid,name,TableName,PropertyString, PropertyValue,Scope,PropIndex,ListProperty2Object,ListProperty2Attribute,GroupUser,GenUser,GenDate)values('0F66771EF0115AE2E050B90A27937881','IsAutomated','Scenerio','Yes','Yes','',2,'0F66547AEC45B344E050B90A27937838','0F66547AEC4CB344E050B90A27937838','sa','sa',sysdate)
<ListProperty>
Object=Scenerio
Attribute=IsActive
PropertyString=Yes
PropertyValue=Yes
Scope=
PropIndex=1
</ListProperty>
insert into Table_ListProperty(objid,name,TableName,PropertyString, PropertyValue,Scope,PropIndex,ListProperty2Object,ListProperty2Attribute,GroupUser,GenUser,GenDate)values('0F66771EF0125AE2E050B90A27937881','IsActive','Scenerio','Yes','Yes','',1,'0F66547AEC45B344E050B90A27937838','0F66547AEC4DB344E050B90A27937838','sa','sa',sysdate)
<ListProperty>
Object=Scenerio
Attribute=IsActive
PropertyString=No
PropertyValue=No
Scope=
PropIndex=2
</ListProperty>
insert into Table_ListProperty(objid,name,TableName,PropertyString, PropertyValue,Scope,PropIndex,ListProperty2Object,ListProperty2Attribute,GroupUser,GenUser,GenDate)values('0F66771EF0135AE2E050B90A27937881','IsActive','Scenerio','No','No','',2,'0F66547AEC45B344E050B90A27937838','0F66547AEC4DB344E050B90A27937838','sa','sa',sysdate)
<ListProperty>
Object=TestEnv
Attribute=IsActive
PropertyString=Yes
PropertyValue=Yes
Scope=
PropIndex=1
</ListProperty>
insert into Table_ListProperty(objid,name,TableName,PropertyString, PropertyValue,Scope,PropIndex,ListProperty2Object,ListProperty2Attribute,GroupUser,GenUser,GenDate)values('0F66771EF0145AE2E050B90A27937881','IsActive','TestEnv','Yes','Yes','',1,'0F66547AEC59B344E050B90A27937838','0F66547AEC5CB344E050B90A27937838','sa','sa',sysdate)
<ListProperty>
Object=TestEnv
Attribute=IsActive
PropertyString=No
PropertyValue=No
Scope=
PropIndex=2
</ListProperty>
insert into Table_ListProperty(objid,name,TableName,PropertyString, PropertyValue,Scope,PropIndex,ListProperty2Object,ListProperty2Attribute,GroupUser,GenUser,GenDate)values('0F66771EF0155AE2E050B90A27937881','IsActive','TestEnv','No','No','',2,'0F66547AEC59B344E050B90A27937838','0F66547AEC5CB344E050B90A27937838','sa','sa',sysdate)
<ListProperty>
Object=MatrixMap
Attribute=IsActive
PropertyString=Yes
PropertyValue=1
Scope=
PropIndex=1
</ListProperty>
insert into Table_ListProperty(objid,name,TableName,PropertyString, PropertyValue,Scope,PropIndex,ListProperty2Object,ListProperty2Attribute,GroupUser,GenUser,GenDate)values('0F66771EF0165AE2E050B90A27937881','IsActive','MatrixMap','Yes','1','',1,'0F66547AEC60B344E050B90A27937838','0F66547AEC62B344E050B90A27937838','sa','sa',sysdate)
<ListProperty>
Object=MatrixMap
Attribute=IsActive
PropertyString=No
PropertyValue=0
Scope=
PropIndex=2
</ListProperty>
insert into Table_ListProperty(objid,name,TableName,PropertyString, PropertyValue,Scope,PropIndex,ListProperty2Object,ListProperty2Attribute,GroupUser,GenUser,GenDate)values('0F66771EF0175AE2E050B90A27937881','IsActive','MatrixMap','No','0','',2,'0F66547AEC60B344E050B90A27937838','0F66547AEC62B344E050B90A27937838','sa','sa',sysdate)
<ListProperty>
Object=MatrixList
Attribute=IsActive
PropertyString=Yes
PropertyValue=1
Scope=
PropIndex=1
</ListProperty>
insert into Table_ListProperty(objid,name,TableName,PropertyString, PropertyValue,Scope,PropIndex,ListProperty2Object,ListProperty2Attribute,GroupUser,GenUser,GenDate)values('0F66771EF0185AE2E050B90A27937881','IsActive','MatrixList','Yes','1','',1,'0F66547AED22B344E050B90A27937838','0F66547AED25B344E050B90A27937838','sa','sa',sysdate)
<ListProperty>
Object=MatrixList
Attribute=IsActive
PropertyString=No
PropertyValue=0
Scope=
PropIndex=2
</ListProperty>
insert into Table_ListProperty(objid,name,TableName,PropertyString, PropertyValue,Scope,PropIndex,ListProperty2Object,ListProperty2Attribute,GroupUser,GenUser,GenDate)values('0F66771EF0195AE2E050B90A27937881','IsActive','MatrixList','No','0','',2,'0F66547AED22B344E050B90A27937838','0F66547AED25B344E050B90A27937838','sa','sa',sysdate)
<ListProperty>
Object=ScenerioRun
Attribute=RunType
PropertyString=Manual
PropertyValue=Manual
Scope=
PropIndex=1
</ListProperty>
insert into Table_ListProperty(objid,name,TableName,PropertyString, PropertyValue,Scope,PropIndex,ListProperty2Object,ListProperty2Attribute,GroupUser,GenUser,GenDate)values('0F66771EF01A5AE2E050B90A27937881','RunType','ScenerioRun','Manual','Manual','',1,'0F66547AEC71B344E050B90A27937838','0F66547AEC76B344E050B90A27937838','sa','sa',sysdate)
<ListProperty>
Object=ScenerioRun
Attribute=RunType
PropertyString=Automated
PropertyValue=Automated
Scope=
PropIndex=2
</ListProperty>
insert into Table_ListProperty(objid,name,TableName,PropertyString, PropertyValue,Scope,PropIndex,ListProperty2Object,ListProperty2Attribute,GroupUser,GenUser,GenDate)values('0F66771EF01B5AE2E050B90A27937881','RunType','ScenerioRun','Automated','Automated','',2,'0F66547AEC71B344E050B90A27937838','0F66547AEC76B344E050B90A27937838','sa','sa',sysdate)
<ListProperty>
Object=ScenerioRun
Attribute=Status
PropertyString=Passed
PropertyValue=Passed
Scope=
PropIndex=1
</ListProperty>
insert into Table_ListProperty(objid,name,TableName,PropertyString, PropertyValue,Scope,PropIndex,ListProperty2Object,ListProperty2Attribute,GroupUser,GenUser,GenDate)values('0F66771EF01C5AE2E050B90A27937881','Status','ScenerioRun','Passed','Passed','',1,'0F66547AEC71B344E050B90A27937838','0F66547AEC75B344E050B90A27937838','sa','sa',sysdate)
<ListProperty>
Object=ScenerioRun
Attribute=Status
PropertyString=Failed
PropertyValue=Failed
Scope=
PropIndex=2
</ListProperty>
insert into Table_ListProperty(objid,name,TableName,PropertyString, PropertyValue,Scope,PropIndex,ListProperty2Object,ListProperty2Attribute,GroupUser,GenUser,GenDate)values('0F66771EF01D5AE2E050B90A27937881','Status','ScenerioRun','Failed','Failed','',2,'0F66547AEC71B344E050B90A27937838','0F66547AEC75B344E050B90A27937838','sa','sa',sysdate)
<ListProperty>
Object=ScenerioRun
Attribute=Status
PropertyString=In Progress
PropertyValue=In Progress
Scope=
PropIndex=3
</ListProperty>
insert into Table_ListProperty(objid,name,TableName,PropertyString, PropertyValue,Scope,PropIndex,ListProperty2Object,ListProperty2Attribute,GroupUser,GenUser,GenDate)values('0F66771EF01E5AE2E050B90A27937881','Status','ScenerioRun','In Progress','In Progress','',3,'0F66547AEC71B344E050B90A27937838','0F66547AEC75B344E050B90A27937838','sa','sa',sysdate)
<ListProperty>
Object=ScenerioRun
Attribute=Status
PropertyString=Skipped
PropertyValue=Skipped
Scope=
PropIndex=4
</ListProperty>
insert into Table_ListProperty(objid,name,TableName,PropertyString, PropertyValue,Scope,PropIndex,ListProperty2Object,ListProperty2Attribute,GroupUser,GenUser,GenDate)values('0F66771EF01F5AE2E050B90A27937881','Status','ScenerioRun','Skipped','Skipped','',4,'0F66547AEC71B344E050B90A27937838','0F66547AEC75B344E050B90A27937838','sa','sa',sysdate)
<ListProperty>
Object=ScenerioRun
Attribute=Status
PropertyString=Defect
PropertyValue=Defect
Scope=
PropIndex=5
</ListProperty>
insert into Table_ListProperty(objid,name,TableName,PropertyString, PropertyValue,Scope,PropIndex,ListProperty2Object,ListProperty2Attribute,GroupUser,GenUser,GenDate)values('0F66771EF0205AE2E050B90A27937881','Status','ScenerioRun','Defect','Defect','',5,'0F66547AEC71B344E050B90A27937838','0F66547AEC75B344E050B90A27937838','sa','sa',sysdate)
<ObjectRule>
Name=Profile Rule
TableName=Profile
EffectedTable=Profile
Description=Calling Upadte and Insert Rule for object Profile
Reason=1
ActionState=1
Condition=objid$gt$0
RuleIndex=1
Status=1
</ObjectRule>
insert into Table_ObjectRule(ObjId,Name,TableName,EffectedTable,Description,Reason,ActionState,Condition,RuleIndex,Status,ObjectRule2Object,GroupUser,GenUser,GenDate)values('0F66771EF0215AE2E050B90A27937881','Profile Rule','Profile','Profile','Calling Upadte and Insert Rule for object Profile','1','1','objid$gt$0','1','1','0F66547AEBF7B344E050B90A27937838','sa','sa',sysdate)
<ActionQuery>
Name=Call Insert_Profile procedure
TableName=Profile
Description=Call Insert_Profile procedure
StepNo=1
Input=@Objid
InputDataType=@Integer
Output=$runId
QueryType=0
HasRecordSet=0
OracleQuery=exec Insert_Profile(@objid)
MssqlQuery=exec Insert_Profile @objid
Status=0
</ActionQuery>
insert into Table_ActionQuery(ObjId,Name,TableName,Description,StepNo,Input,InputDataType,Output,QueryType,HasRecordSet,OracleQuery,MssqlQuery,Status,ActionQuery2ObjectRule,GroupUser,GenUser,GenDate)values('0F66771EF0225AE2E050B90A27937881','Call Insert_Profile procedure','Profile','Call Insert_Profile procedure','1','@Objid','@Integer','$runId','0','0','exec Insert_Profile(@objid)','exec Insert_Profile @objid','0','0F66771EF0215AE2E050B90A27937881','sa','sa',sysdate)
<ObjectRule>
Name=Calendar Rule
TableName=Calendar
EffectedTable=Calendar
Description=Calling Upadte and Insert Rule for object Calendar
Reason=1
ActionState=1
Condition=objid$gt$0
RuleIndex=1
Status=1
</ObjectRule>
insert into Table_ObjectRule(ObjId,Name,TableName,EffectedTable,Description,Reason,ActionState,Condition,RuleIndex,Status,ObjectRule2Object,GroupUser,GenUser,GenDate)values('0F66771EF0235AE2E050B90A27937881','Calendar Rule','Calendar','Calendar','Calling Upadte and Insert Rule for object Calendar','1','1','objid$gt$0','1','1','0F66547AECD7B344E050B90A27937838','sa','sa',sysdate)
<ActionQuery>
Name=Call Insert_Calendar procedure
TableName=Calendar
Description=Call Insert_Calendar procedure
StepNo=1
Input=@Objid
InputDataType=@Integer
Output=$runId
QueryType=0
HasRecordSet=0
OracleQuery=exec Insert_Calendar(@objid)
MssqlQuery=exec Insert_Calendar @objid
Status=0
</ActionQuery>
insert into Table_ActionQuery(ObjId,Name,TableName,Description,StepNo,Input,InputDataType,Output,QueryType,HasRecordSet,OracleQuery,MssqlQuery,Status,ActionQuery2ObjectRule,GroupUser,GenUser,GenDate)values('0F66771EF0245AE2E050B90A27937881','Call Insert_Calendar procedure','Calendar','Call Insert_Calendar procedure','1','@Objid','@Integer','$runId','0','0','exec Insert_Calendar(@objid)','exec Insert_Calendar @objid','0','0F66771EF0235AE2E050B90A27937881','sa','sa',sysdate)
<GenericCode>
Name=Backlog
AttributeName=GroupCode
CodeValue=Backlog
Description=Backlog
Status=1
CodeIndex=1
</GenericCode>
insert into Table_GenericCode(ObjId,Name,AttributeName,CodeValue,Description,Status,CodeIndex,GenericCode2CodeAttribute,GroupUser,GenUser,GenDate)values('0F66771EF0255AE2E050B90A27937881','Backlog','GroupCode','Backlog','Backlog','1','1','0F66771EEFC55AE2E050B90A27937881','sa','sa',sysdate)
<GenericCode>
Name=Development
AttributeName=GroupCode
CodeValue=Development
Description=Development
Status=1
CodeIndex=2
</GenericCode>
insert into Table_GenericCode(ObjId,Name,AttributeName,CodeValue,Description,Status,CodeIndex,GenericCode2CodeAttribute,GroupUser,GenUser,GenDate)values('0F66771EF0265AE2E050B90A27937881','Development','GroupCode','Development','Development','1','2','0F66771EEFC55AE2E050B90A27937881','sa','sa',sysdate)
<GenericCode>
Name=Testing
AttributeName=GroupCode
CodeValue=Testing
Description=Testing
Status=1
CodeIndex=3
</GenericCode>
insert into Table_GenericCode(ObjId,Name,AttributeName,CodeValue,Description,Status,CodeIndex,GenericCode2CodeAttribute,GroupUser,GenUser,GenDate)values('0F66771EF0275AE2E050B90A27937881','Testing','GroupCode','Testing','Testing','1','3','0F66771EEFC55AE2E050B90A27937881','sa','sa',sysdate)
<GenericCode>
Name=Done
AttributeName=GroupCode
CodeValue=Done
Description=Done
Status=1
CodeIndex=4
</GenericCode>
insert into Table_GenericCode(ObjId,Name,AttributeName,CodeValue,Description,Status,CodeIndex,GenericCode2CodeAttribute,GroupUser,GenUser,GenDate)values('0F66771EF0285AE2E050B90A27937881','Done','GroupCode','Done','Done','1','4','0F66771EEFC55AE2E050B90A27937881','sa','sa',sysdate)
<GenericCode>
Name=Severity-1
AttributeName=SeverityCode
CodeValue=1
Description=Severity-1
Status=1
CodeIndex=1
</GenericCode>
insert into Table_GenericCode(ObjId,Name,AttributeName,CodeValue,Description,Status,CodeIndex,GenericCode2CodeAttribute,GroupUser,GenUser,GenDate)values('0F66771EF0295AE2E050B90A27937881','Severity-1','SeverityCode','1','Severity-1','1','1','0','sa','sa',sysdate)
<GenericCode>
Name=Severity-2
AttributeName=SeverityCode
CodeValue=2
Description=Severity-2
Status=1
CodeIndex=2
</GenericCode>
insert into Table_GenericCode(ObjId,Name,AttributeName,CodeValue,Description,Status,CodeIndex,GenericCode2CodeAttribute,GroupUser,GenUser,GenDate)values('0F66771EF02A5AE2E050B90A27937881','Severity-2','SeverityCode','2','Severity-2','1','2','0','sa','sa',sysdate)
<GenericCode>
Name=Severity-3
AttributeName=SeverityCode
CodeValue=3
Description=Severity-3
Status=1
CodeIndex=3
</GenericCode>
insert into Table_GenericCode(ObjId,Name,AttributeName,CodeValue,Description,Status,CodeIndex,GenericCode2CodeAttribute,GroupUser,GenUser,GenDate)values('0F66771EF02B5AE2E050B90A27937881','Severity-3','SeverityCode','3','Severity-3','1','3','0','sa','sa',sysdate)
<GenericCode>
Name=Monthly Subscription
AttributeName=SubscribeCode
CodeValue=1
Description=No Description Available
Status=1
CodeIndex=1
</GenericCode>
insert into Table_GenericCode(ObjId,Name,AttributeName,CodeValue,Description,Status,CodeIndex,GenericCode2CodeAttribute,GroupUser,GenUser,GenDate)values('0F66771EF02C5AE2E050B90A27937881','Monthly Subscription','SubscribeCode','1','No Description Available','1','1','0F66771EEFC75AE2E050B90A27937881','sa','sa',sysdate)
<GenericCode>
Name=Yearly Subscription
AttributeName=SubscribeCode
CodeValue=2
Description=No Description Available
Status=1
CodeIndex=2
</GenericCode>
insert into Table_GenericCode(ObjId,Name,AttributeName,CodeValue,Description,Status,CodeIndex,GenericCode2CodeAttribute,GroupUser,GenUser,GenDate)values('0F66771EF02D5AE2E050B90A27937881','Yearly Subscription','SubscribeCode','2','No Description Available','1','2','0F66771EEFC75AE2E050B90A27937881','sa','sa',sysdate)
<GenericCode>
Name=2015
AttributeName=YearCode
CodeValue=2015
Description=No Description Available
Status=1
CodeIndex=1
</GenericCode>
insert into Table_GenericCode(ObjId,Name,AttributeName,CodeValue,Description,Status,CodeIndex,GenericCode2CodeAttribute,GroupUser,GenUser,GenDate)values('0F66771EF02E5AE2E050B90A27937881','2015','YearCode','2015','No Description Available','1','1','0F66771EEFCD5AE2E050B90A27937881','sa','sa',sysdate)
<GenericCode>
Name=2016
AttributeName=YearCode
CodeValue=2016
Description=No Description Available
Status=1
CodeIndex=2
</GenericCode>
insert into Table_GenericCode(ObjId,Name,AttributeName,CodeValue,Description,Status,CodeIndex,GenericCode2CodeAttribute,GroupUser,GenUser,GenDate)values('0F66771EF02F5AE2E050B90A27937881','2016','YearCode','2016','No Description Available','1','2','0F66771EEFCD5AE2E050B90A27937881','sa','sa',sysdate)
<GenericCode>
Name=2017
AttributeName=YearCode
CodeValue=2017
Description=No Description Available
Status=1
CodeIndex=3
</GenericCode>
insert into Table_GenericCode(ObjId,Name,AttributeName,CodeValue,Description,Status,CodeIndex,GenericCode2CodeAttribute,GroupUser,GenUser,GenDate)values('0F66771EF0305AE2E050B90A27937881','2017','YearCode','2017','No Description Available','1','3','0F66771EEFCD5AE2E050B90A27937881','sa','sa',sysdate)
<GenericCode>
Name=2018
AttributeName=YearCode
CodeValue=2018
Description=No Description Available
Status=1
CodeIndex=4
</GenericCode>
insert into Table_GenericCode(ObjId,Name,AttributeName,CodeValue,Description,Status,CodeIndex,GenericCode2CodeAttribute,GroupUser,GenUser,GenDate)values('0F66771EF0315AE2E050B90A27937881','2018','YearCode','2018','No Description Available','1','4','0F66771EEFCD5AE2E050B90A27937881','sa','sa',sysdate)
<GenericCode>
Name=2019
AttributeName=YearCode
CodeValue=2019
Description=No Description Available
Status=1
CodeIndex=5
</GenericCode>
insert into Table_GenericCode(ObjId,Name,AttributeName,CodeValue,Description,Status,CodeIndex,GenericCode2CodeAttribute,GroupUser,GenUser,GenDate)values('0F66771EF0325AE2E050B90A27937881','2019','YearCode','2019','No Description Available','1','5','0F66771EEFCD5AE2E050B90A27937881','sa','sa',sysdate)
<GenericCode>
Name=2020
AttributeName=YearCode
CodeValue=2020
Description=No Description Available
Status=1
CodeIndex=6
</GenericCode>
insert into Table_GenericCode(ObjId,Name,AttributeName,CodeValue,Description,Status,CodeIndex,GenericCode2CodeAttribute,GroupUser,GenUser,GenDate)values('0F66771EF0335AE2E050B90A27937881','2020','YearCode','2020','No Description Available','1','6','0F66771EEFCD5AE2E050B90A27937881','sa','sa',sysdate)
<GenericCode>
Name=2021
AttributeName=YearCode
CodeValue=2021
Description=No Description Available
Status=1
CodeIndex=7
</GenericCode>
insert into Table_GenericCode(ObjId,Name,AttributeName,CodeValue,Description,Status,CodeIndex,GenericCode2CodeAttribute,GroupUser,GenUser,GenDate)values('0F66771EF0345AE2E050B90A27937881','2021','YearCode','2021','No Description Available','1','7','0F66771EEFCD5AE2E050B90A27937881','sa','sa',sysdate)
<GenericCode>
Name=2022
AttributeName=YearCode
CodeValue=2022
Description=No Description Available
Status=1
CodeIndex=8
</GenericCode>
insert into Table_GenericCode(ObjId,Name,AttributeName,CodeValue,Description,Status,CodeIndex,GenericCode2CodeAttribute,GroupUser,GenUser,GenDate)values('0F66771EF0355AE2E050B90A27937881','2022','YearCode','2022','No Description Available','1','8','0F66771EEFCD5AE2E050B90A27937881','sa','sa',sysdate)
<GenericCode>
Name=2023
AttributeName=YearCode
CodeValue=2023
Description=No Description Available
Status=1
CodeIndex=9
</GenericCode>
insert into Table_GenericCode(ObjId,Name,AttributeName,CodeValue,Description,Status,CodeIndex,GenericCode2CodeAttribute,GroupUser,GenUser,GenDate)values('0F66771EF0365AE2E050B90A27937881','2023','YearCode','2023','No Description Available','1','9','0F66771EEFCD5AE2E050B90A27937881','sa','sa',sysdate)
<GenericCode>
Name=2024
AttributeName=YearCode
CodeValue=2024
Description=No Description Available
Status=1
CodeIndex=10
</GenericCode>
insert into Table_GenericCode(ObjId,Name,AttributeName,CodeValue,Description,Status,CodeIndex,GenericCode2CodeAttribute,GroupUser,GenUser,GenDate)values('0F66771EF0375AE2E050B90A27937881','2024','YearCode','2024','No Description Available','1','10','0F66771EEFCD5AE2E050B90A27937881','sa','sa',sysdate)
<GenericCode>
Name=2025
AttributeName=YearCode
CodeValue=2025
Description=No Description Available
Status=1
CodeIndex=11
</GenericCode>
insert into Table_GenericCode(ObjId,Name,AttributeName,CodeValue,Description,Status,CodeIndex,GenericCode2CodeAttribute,GroupUser,GenUser,GenDate)values('0F66771EF0385AE2E050B90A27937881','2025','YearCode','2025','No Description Available','1','11','0F66771EEFCD5AE2E050B90A27937881','sa','sa',sysdate)
<GenericCode>
Name=Open
AttributeName=TaskStatusCode
CodeValue=Open
Description=No Description Available
Status=1
CodeIndex=1
</GenericCode>
insert into Table_GenericCode(ObjId,Name,AttributeName,CodeValue,Description,Status,CodeIndex,GenericCode2CodeAttribute,GroupUser,GenUser,GenDate)values('0F66771EF0395AE2E050B90A27937881','Open','TaskStatusCode','Open','No Description Available','1','1','0F66771EEFC65AE2E050B90A27937881','sa','sa',sysdate)
<GenericCode>
Name=In Progress
AttributeName=TaskStatusCode
CodeValue=In Progress
Description=No Description Available
Status=1
CodeIndex=2
</GenericCode>
insert into Table_GenericCode(ObjId,Name,AttributeName,CodeValue,Description,Status,CodeIndex,GenericCode2CodeAttribute,GroupUser,GenUser,GenDate)values('0F66771EF03A5AE2E050B90A27937881','In Progress','TaskStatusCode','In Progress','No Description Available','1','2','0F66771EEFC65AE2E050B90A27937881','sa','sa',sysdate)
<GenericCode>
Name=Done
AttributeName=TaskStatusCode
CodeValue=Done
Description=No Description Available
Status=1
CodeIndex=3
</GenericCode>
insert into Table_GenericCode(ObjId,Name,AttributeName,CodeValue,Description,Status,CodeIndex,GenericCode2CodeAttribute,GroupUser,GenUser,GenDate)values('0F66771EF03B5AE2E050B90A27937881','Done','TaskStatusCode','Done','No Description Available','1','3','0F66771EEFC65AE2E050B90A27937881','sa','sa',sysdate)

insert into table_Calendar(ObjId,Name,YearCode,GroupUser,GenUser)values('0F66771EF03C5AE2E050B90A27937881','2017','2017','sa','sa')

insert into table_Calendar(ObjId,Name,YearCode,GroupUser,GenUser)values('0F66771EF03D5AE2E050B90A27937881','2019','2019','sa','sa')

insert into table_Calendar(ObjId,Name,YearCode,GroupUser,GenUser)values('0F66771EF03E5AE2E050B90A27937881','2023','2023','sa','sa')

insert into table_Calendar(ObjId,Name,YearCode,GroupUser,GenUser)values('0F66771EF03F5AE2E050B90A27937881','2015','2015','sa','sa')

insert into table_Calendar(ObjId,Name,YearCode,GroupUser,GenUser)values('0F66771EF0405AE2E050B90A27937881','2018','2018','sa','sa')

insert into table_Calendar(ObjId,Name,YearCode,GroupUser,GenUser)values('0F66771EF0415AE2E050B90A27937881','2025','2025','sa','sa')

insert into table_Calendar(ObjId,Name,YearCode,GroupUser,GenUser)values('0F66771EF0425AE2E050B90A27937881','2022','2022','sa','sa')

insert into table_Calendar(ObjId,Name,YearCode,GroupUser,GenUser)values('0F66771EF0435AE2E050B90A27937881','2024','2024','sa','sa')

insert into table_Calendar(ObjId,Name,YearCode,GroupUser,GenUser)values('0F66771EF0445AE2E050B90A27937881','2021','2021','sa','sa')

insert into table_Calendar(ObjId,Name,YearCode,GroupUser,GenUser)values('0F66771EF0455AE2E050B90A27937881','2016','2016','sa','sa')

insert into table_Calendar(ObjId,Name,YearCode,GroupUser,GenUser)values('0F66771EF0465AE2E050B90A27937881','2020','2020','sa','sa')
